Loading nemo/2.4.0
  Loading requirement: gcc/11.4.1 cuda/12.8.0 nccl/2.27.3-1-cuda
    cudnn/9.10.2.21-12-cuda openmpi/4.1.6-cuda intel-oneapi-mkl/2024.1
    magma/2.9.0-cuda sox/14.4.2 ffmpeg/6.1.1-cuda hdf5/1.12.0-mpi-cuda
    libjpeg-turbo/2.1.3
+ srun python -u nemo_test.py
/lustre/fshomisc/sup/pub/miniforge/24.11.3/envs/nemo-2.4.0+py3.12.10/lib/python3.12/site-packages/torch/cuda/__init__.py:63: FutureWarning: The pynvml package is deprecated. Please install nvidia-ml-py instead. If you did not install pynvml directly, please report this to the maintainers of the package that installed pynvml for you.
  import pynvml  # type: ignore[import]
/lustre/fshomisc/sup/pub/miniforge/24.11.3/envs/nemo-2.4.0+py3.12.10/lib/python3.12/site-packages/torch/cuda/__init__.py:63: FutureWarning: The pynvml package is deprecated. Please install nvidia-ml-py instead. If you did not install pynvml directly, please report this to the maintainers of the package that installed pynvml for you.
  import pynvml  # type: ignore[import]
/lustre/fshomisc/sup/pub/miniforge/24.11.3/envs/nemo-2.4.0+py3.12.10/lib/python3.12/site-packages/torch/cuda/__init__.py:63: FutureWarning: The pynvml package is deprecated. Please install nvidia-ml-py instead. If you did not install pynvml directly, please report this to the maintainers of the package that installed pynvml for you.
  import pynvml  # type: ignore[import]
/lustre/fshomisc/sup/pub/miniforge/24.11.3/envs/nemo-2.4.0+py3.12.10/lib/python3.12/site-packages/torch/cuda/__init__.py:63: FutureWarning: The pynvml package is deprecated. Please install nvidia-ml-py instead. If you did not install pynvml directly, please report this to the maintainers of the package that installed pynvml for you.
  import pynvml  # type: ignore[import]
/lustre/fshomisc/sup/pub/miniforge/24.11.3/envs/nemo-2.4.0+py3.12.10/lib/python3.12/site-packages/torch/cuda/__init__.py:63: FutureWarning: The pynvml package is deprecated. Please install nvidia-ml-py instead. If you did not install pynvml directly, please report this to the maintainers of the package that installed pynvml for you.
  import pynvml  # type: ignore[import]
/lustre/fshomisc/sup/pub/miniforge/24.11.3/envs/nemo-2.4.0+py3.12.10/lib/python3.12/site-packages/torch/cuda/__init__.py:63: FutureWarning: The pynvml package is deprecated. Please install nvidia-ml-py instead. If you did not install pynvml directly, please report this to the maintainers of the package that installed pynvml for you.
  import pynvml  # type: ignore[import]
/lustre/fshomisc/sup/pub/miniforge/24.11.3/envs/nemo-2.4.0+py3.12.10/lib/python3.12/site-packages/torch/cuda/__init__.py:63: FutureWarning: The pynvml package is deprecated. Please install nvidia-ml-py instead. If you did not install pynvml directly, please report this to the maintainers of the package that installed pynvml for you.
  import pynvml  # type: ignore[import]
/lustre/fshomisc/sup/pub/miniforge/24.11.3/envs/nemo-2.4.0+py3.12.10/lib/python3.12/site-packages/torch/cuda/__init__.py:63: FutureWarning: The pynvml package is deprecated. Please install nvidia-ml-py instead. If you did not install pynvml directly, please report this to the maintainers of the package that installed pynvml for you.
  import pynvml  # type: ignore[import]
/lustre/fshomisc/sup/pub/miniforge/24.11.3/envs/nemo-2.4.0+py3.12.10/lib/python3.12/site-packages/torch/cuda/__init__.py:63: FutureWarning: The pynvml package is deprecated. Please install nvidia-ml-py instead. If you did not install pynvml directly, please report this to the maintainers of the package that installed pynvml for you.
  import pynvml  # type: ignore[import]
/lustre/fshomisc/sup/pub/miniforge/24.11.3/envs/nemo-2.4.0+py3.12.10/lib/python3.12/site-packages/torch/cuda/__init__.py:63: FutureWarning: The pynvml package is deprecated. Please install nvidia-ml-py instead. If you did not install pynvml directly, please report this to the maintainers of the package that installed pynvml for you.
  import pynvml  # type: ignore[import]
/lustre/fshomisc/sup/pub/miniforge/24.11.3/envs/nemo-2.4.0+py3.12.10/lib/python3.12/site-packages/torch/cuda/__init__.py:63: FutureWarning: The pynvml package is deprecated. Please install nvidia-ml-py instead. If you did not install pynvml directly, please report this to the maintainers of the package that installed pynvml for you.
  import pynvml  # type: ignore[import]
/lustre/fshomisc/sup/pub/miniforge/24.11.3/envs/nemo-2.4.0+py3.12.10/lib/python3.12/site-packages/torch/cuda/__init__.py:63: FutureWarning: The pynvml package is deprecated. Please install nvidia-ml-py instead. If you did not install pynvml directly, please report this to the maintainers of the package that installed pynvml for you.
  import pynvml  # type: ignore[import]
/lustre/fshomisc/sup/pub/miniforge/24.11.3/envs/nemo-2.4.0+py3.12.10/lib/python3.12/site-packages/torch/cuda/__init__.py:63: FutureWarning: The pynvml package is deprecated. Please install nvidia-ml-py instead. If you did not install pynvml directly, please report this to the maintainers of the package that installed pynvml for you.
  import pynvml  # type: ignore[import]
/lustre/fshomisc/sup/pub/miniforge/24.11.3/envs/nemo-2.4.0+py3.12.10/lib/python3.12/site-packages/torch/cuda/__init__.py:63: FutureWarning: The pynvml package is deprecated. Please install nvidia-ml-py instead. If you did not install pynvml directly, please report this to the maintainers of the package that installed pynvml for you.
  import pynvml  # type: ignore[import]
/lustre/fshomisc/sup/pub/miniforge/24.11.3/envs/nemo-2.4.0+py3.12.10/lib/python3.12/site-packages/torch/cuda/__init__.py:63: FutureWarning: The pynvml package is deprecated. Please install nvidia-ml-py instead. If you did not install pynvml directly, please report this to the maintainers of the package that installed pynvml for you.
  import pynvml  # type: ignore[import]
/lustre/fshomisc/sup/pub/miniforge/24.11.3/envs/nemo-2.4.0+py3.12.10/lib/python3.12/site-packages/torch/cuda/__init__.py:63: FutureWarning: The pynvml package is deprecated. Please install nvidia-ml-py instead. If you did not install pynvml directly, please report this to the maintainers of the package that installed pynvml for you.
  import pynvml  # type: ignore[import]
/lustre/fshomisc/sup/pub/miniforge/24.11.3/envs/nemo-2.4.0+py3.12.10/lib/python3.12/site-packages/torch/cuda/__init__.py:63: FutureWarning: The pynvml package is deprecated. Please install nvidia-ml-py instead. If you did not install pynvml directly, please report this to the maintainers of the package that installed pynvml for you.
  import pynvml  # type: ignore[import]
/lustre/fshomisc/sup/pub/miniforge/24.11.3/envs/nemo-2.4.0+py3.12.10/lib/python3.12/site-packages/torch/cuda/__init__.py:63: FutureWarning: The pynvml package is deprecated. Please install nvidia-ml-py instead. If you did not install pynvml directly, please report this to the maintainers of the package that installed pynvml for you.
  import pynvml  # type: ignore[import]
/lustre/fshomisc/sup/pub/miniforge/24.11.3/envs/nemo-2.4.0+py3.12.10/lib/python3.12/site-packages/torch/cuda/__init__.py:63: FutureWarning: The pynvml package is deprecated. Please install nvidia-ml-py instead. If you did not install pynvml directly, please report this to the maintainers of the package that installed pynvml for you.
  import pynvml  # type: ignore[import]
/lustre/fshomisc/sup/pub/miniforge/24.11.3/envs/nemo-2.4.0+py3.12.10/lib/python3.12/site-packages/torch/cuda/__init__.py:63: FutureWarning: The pynvml package is deprecated. Please install nvidia-ml-py instead. If you did not install pynvml directly, please report this to the maintainers of the package that installed pynvml for you.
  import pynvml  # type: ignore[import]
/lustre/fshomisc/sup/pub/miniforge/24.11.3/envs/nemo-2.4.0+py3.12.10/lib/python3.12/site-packages/torch/cuda/__init__.py:63: FutureWarning: The pynvml package is deprecated. Please install nvidia-ml-py instead. If you did not install pynvml directly, please report this to the maintainers of the package that installed pynvml for you.
  import pynvml  # type: ignore[import]
/lustre/fshomisc/sup/pub/miniforge/24.11.3/envs/nemo-2.4.0+py3.12.10/lib/python3.12/site-packages/torch/cuda/__init__.py:63: FutureWarning: The pynvml package is deprecated. Please install nvidia-ml-py instead. If you did not install pynvml directly, please report this to the maintainers of the package that installed pynvml for you.
  import pynvml  # type: ignore[import]
/lustre/fshomisc/sup/pub/miniforge/24.11.3/envs/nemo-2.4.0+py3.12.10/lib/python3.12/site-packages/torch/cuda/__init__.py:63: FutureWarning: The pynvml package is deprecated. Please install nvidia-ml-py instead. If you did not install pynvml directly, please report this to the maintainers of the package that installed pynvml for you.
  import pynvml  # type: ignore[import]
/lustre/fshomisc/sup/pub/miniforge/24.11.3/envs/nemo-2.4.0+py3.12.10/lib/python3.12/site-packages/torch/cuda/__init__.py:63: FutureWarning: The pynvml package is deprecated. Please install nvidia-ml-py instead. If you did not install pynvml directly, please report this to the maintainers of the package that installed pynvml for you.
  import pynvml  # type: ignore[import]
/lustre/fshomisc/sup/pub/miniforge/24.11.3/envs/nemo-2.4.0+py3.12.10/lib/python3.12/site-packages/torch/cuda/__init__.py:63: FutureWarning: The pynvml package is deprecated. Please install nvidia-ml-py instead. If you did not install pynvml directly, please report this to the maintainers of the package that installed pynvml for you.
  import pynvml  # type: ignore[import]
/lustre/fshomisc/sup/pub/miniforge/24.11.3/envs/nemo-2.4.0+py3.12.10/lib/python3.12/site-packages/torch/cuda/__init__.py:63: FutureWarning: The pynvml package is deprecated. Please install nvidia-ml-py instead. If you did not install pynvml directly, please report this to the maintainers of the package that installed pynvml for you.
  import pynvml  # type: ignore[import]
/lustre/fshomisc/sup/pub/miniforge/24.11.3/envs/nemo-2.4.0+py3.12.10/lib/python3.12/site-packages/torch/cuda/__init__.py:63: FutureWarning: The pynvml package is deprecated. Please install nvidia-ml-py instead. If you did not install pynvml directly, please report this to the maintainers of the package that installed pynvml for you.
  import pynvml  # type: ignore[import]
/lustre/fshomisc/sup/pub/miniforge/24.11.3/envs/nemo-2.4.0+py3.12.10/lib/python3.12/site-packages/torch/cuda/__init__.py:63: FutureWarning: The pynvml package is deprecated. Please install nvidia-ml-py instead. If you did not install pynvml directly, please report this to the maintainers of the package that installed pynvml for you.
  import pynvml  # type: ignore[import]
/lustre/fshomisc/sup/pub/miniforge/24.11.3/envs/nemo-2.4.0+py3.12.10/lib/python3.12/site-packages/torch/cuda/__init__.py:63: FutureWarning: The pynvml package is deprecated. Please install nvidia-ml-py instead. If you did not install pynvml directly, please report this to the maintainers of the package that installed pynvml for you.
  import pynvml  # type: ignore[import]
/lustre/fshomisc/sup/pub/miniforge/24.11.3/envs/nemo-2.4.0+py3.12.10/lib/python3.12/site-packages/torch/cuda/__init__.py:63: FutureWarning: The pynvml package is deprecated. Please install nvidia-ml-py instead. If you did not install pynvml directly, please report this to the maintainers of the package that installed pynvml for you.
  import pynvml  # type: ignore[import]
/lustre/fshomisc/sup/pub/miniforge/24.11.3/envs/nemo-2.4.0+py3.12.10/lib/python3.12/site-packages/torch/cuda/__init__.py:63: FutureWarning: The pynvml package is deprecated. Please install nvidia-ml-py instead. If you did not install pynvml directly, please report this to the maintainers of the package that installed pynvml for you.
  import pynvml  # type: ignore[import]
/lustre/fshomisc/sup/pub/miniforge/24.11.3/envs/nemo-2.4.0+py3.12.10/lib/python3.12/site-packages/torch/cuda/__init__.py:63: FutureWarning: The pynvml package is deprecated. Please install nvidia-ml-py instead. If you did not install pynvml directly, please report this to the maintainers of the package that installed pynvml for you.
  import pynvml  # type: ignore[import]
[NeMo W 2025-11-10 14:13:21 nemo_logging:405] /lustre/fshomisc/sup/pub/miniforge/24.11.3/envs/nemo-2.4.0+py3.12.10/lib/python3.12/site-packages/lhotse/recipes/iwslt22_ta.py:323: SyntaxWarning: invalid escape sequence '\s'
      text = re.sub("\s+", " ", text)
    
[NeMo W 2025-11-10 14:13:21 nemo_logging:405] /lustre/fshomisc/sup/pub/miniforge/24.11.3/envs/nemo-2.4.0+py3.12.10/lib/python3.12/site-packages/lhotse/recipes/iwslt22_ta.py:324: SyntaxWarning: invalid escape sequence '\s'
      text = re.sub("\s+\.\s+", ".", text)
    
Supported flash-attn versions are >= 2.1.1, <= 2.8.1. Found flash-attn 2.8.3.
Supported flash-attn versions are >= 2.1.1, <= 2.8.1. Found flash-attn 2.8.3.
Supported flash-attn versions are >= 2.1.1, <= 2.8.1. Found flash-attn 2.8.3.
Supported flash-attn versions are >= 2.1.1, <= 2.8.1. Found flash-attn 2.8.3.
Supported flash-attn versions are >= 2.1.1, <= 2.8.1. Found flash-attn 2.8.3.
Supported flash-attn versions are >= 2.1.1, <= 2.8.1. Found flash-attn 2.8.3.
Supported flash-attn versions are >= 2.1.1, <= 2.8.1. Found flash-attn 2.8.3.
Supported flash-attn versions are >= 2.1.1, <= 2.8.1. Found flash-attn 2.8.3.
Supported flash-attn versions are >= 2.1.1, <= 2.8.1. Found flash-attn 2.8.3.
Supported flash-attn versions are >= 2.1.1, <= 2.8.1. Found flash-attn 2.8.3.
Supported flash-attn versions are >= 2.1.1, <= 2.8.1. Found flash-attn 2.8.3.
Supported flash-attn versions are >= 2.1.1, <= 2.8.1. Found flash-attn 2.8.3.
Supported flash-attn versions are >= 2.1.1, <= 2.8.1. Found flash-attn 2.8.3.
Supported flash-attn versions are >= 2.1.1, <= 2.8.1. Found flash-attn 2.8.3.
Supported flash-attn versions are >= 2.1.1, <= 2.8.1. Found flash-attn 2.8.3.
Supported flash-attn versions are >= 2.1.1, <= 2.8.1. Found flash-attn 2.8.3.
Supported flash-attn versions are >= 2.1.1, <= 2.8.1. Found flash-attn 2.8.3.
Supported flash-attn versions are >= 2.1.1, <= 2.8.1. Found flash-attn 2.8.3.
Supported flash-attn versions are >= 2.1.1, <= 2.8.1. Found flash-attn 2.8.3.
Supported flash-attn versions are >= 2.1.1, <= 2.8.1. Found flash-attn 2.8.3.
Supported flash-attn versions are >= 2.1.1, <= 2.8.1. Found flash-attn 2.8.3.
Supported flash-attn versions are >= 2.1.1, <= 2.8.1. Found flash-attn 2.8.3.
Supported flash-attn versions are >= 2.1.1, <= 2.8.1. Found flash-attn 2.8.3.
Supported flash-attn versions are >= 2.1.1, <= 2.8.1. Found flash-attn 2.8.3.
Supported flash-attn versions are >= 2.1.1, <= 2.8.1. Found flash-attn 2.8.3.
Supported flash-attn versions are >= 2.1.1, <= 2.8.1. Found flash-attn 2.8.3.
Supported flash-attn versions are >= 2.1.1, <= 2.8.1. Found flash-attn 2.8.3.
Supported flash-attn versions are >= 2.1.1, <= 2.8.1. Found flash-attn 2.8.3.
Supported flash-attn versions are >= 2.1.1, <= 2.8.1. Found flash-attn 2.8.3.
Supported flash-attn versions are >= 2.1.1, <= 2.8.1. Found flash-attn 2.8.3.
Supported flash-attn versions are >= 2.1.1, <= 2.8.1. Found flash-attn 2.8.3.
Supported flash-attn versions are >= 2.1.1, <= 2.8.1. Found flash-attn 2.8.3.
WARNING[XFORMERS]: xFormers can't load C++/CUDA extensions. xFormers was built for:
    PyTorch 2.7.0+cu126 with CUDA 1206 (you have 2.8.0)
    Python  3.12.10 (you have 3.12.10)
  Please reinstall xformers (see https://github.com/facebookresearch/xformers#installing-xformers)
  Memory-efficient attention, SwiGLU, sparse and more won't be available.
  Set XFORMERS_MORE_DETAILS=1 for more details
WARNING[XFORMERS]: xFormers can't load C++/CUDA extensions. xFormers was built for:
    PyTorch 2.7.0+cu126 with CUDA 1206 (you have 2.8.0)
    Python  3.12.10 (you have 3.12.10)
  Please reinstall xformers (see https://github.com/facebookresearch/xformers#installing-xformers)
  Memory-efficient attention, SwiGLU, sparse and more won't be available.
  Set XFORMERS_MORE_DETAILS=1 for more details
WARNING[XFORMERS]: xFormers can't load C++/CUDA extensions. xFormers was built for:
    PyTorch 2.7.0+cu126 with CUDA 1206 (you have 2.8.0)
    Python  3.12.10 (you have 3.12.10)
  Please reinstall xformers (see https://github.com/facebookresearch/xformers#installing-xformers)
  Memory-efficient attention, SwiGLU, sparse and more won't be available.
  Set XFORMERS_MORE_DETAILS=1 for more details
WARNING[XFORMERS]: xFormers can't load C++/CUDA extensions. xFormers was built for:
    PyTorch 2.7.0+cu126 with CUDA 1206 (you have 2.8.0)
    Python  3.12.10 (you have 3.12.10)
  Please reinstall xformers (see https://github.com/facebookresearch/xformers#installing-xformers)
  Memory-efficient attention, SwiGLU, sparse and more won't be available.
  Set XFORMERS_MORE_DETAILS=1 for more details
WARNING[XFORMERS]: xFormers can't load C++/CUDA extensions. xFormers was built for:
    PyTorch 2.7.0+cu126 with CUDA 1206 (you have 2.8.0)
    Python  3.12.10 (you have 3.12.10)
  Please reinstall xformers (see https://github.com/facebookresearch/xformers#installing-xformers)
  Memory-efficient attention, SwiGLU, sparse and more won't be available.
  Set XFORMERS_MORE_DETAILS=1 for more details
WARNING[XFORMERS]: xFormers can't load C++/CUDA extensions. xFormers was built for:
    PyTorch 2.7.0+cu126 with CUDA 1206 (you have 2.8.0)
    Python  3.12.10 (you have 3.12.10)
  Please reinstall xformers (see https://github.com/facebookresearch/xformers#installing-xformers)
  Memory-efficient attention, SwiGLU, sparse and more won't be available.
  Set XFORMERS_MORE_DETAILS=1 for more details
WARNING[XFORMERS]: xFormers can't load C++/CUDA extensions. xFormers was built for:
    PyTorch 2.7.0+cu126 with CUDA 1206 (you have 2.8.0)
    Python  3.12.10 (you have 3.12.10)
  Please reinstall xformers (see https://github.com/facebookresearch/xformers#installing-xformers)
  Memory-efficient attention, SwiGLU, sparse and more won't be available.
  Set XFORMERS_MORE_DETAILS=1 for more details
WARNING[XFORMERS]: xFormers can't load C++/CUDA extensions. xFormers was built for:
    PyTorch 2.7.0+cu126 with CUDA 1206 (you have 2.8.0)
    Python  3.12.10 (you have 3.12.10)
  Please reinstall xformers (see https://github.com/facebookresearch/xformers#installing-xformers)
  Memory-efficient attention, SwiGLU, sparse and more won't be available.
  Set XFORMERS_MORE_DETAILS=1 for more details
WARNING[XFORMERS]: xFormers can't load C++/CUDA extensions. xFormers was built for:
    PyTorch 2.7.0+cu126 with CUDA 1206 (you have 2.8.0)
    Python  3.12.10 (you have 3.12.10)
  Please reinstall xformers (see https://github.com/facebookresearch/xformers#installing-xformers)
  Memory-efficient attention, SwiGLU, sparse and more won't be available.
  Set XFORMERS_MORE_DETAILS=1 for more details
WARNING[XFORMERS]: xFormers can't load C++/CUDA extensions. xFormers was built for:
    PyTorch 2.7.0+cu126 with CUDA 1206 (you have 2.8.0)
    Python  3.12.10 (you have 3.12.10)
  Please reinstall xformers (see https://github.com/facebookresearch/xformers#installing-xformers)
  Memory-efficient attention, SwiGLU, sparse and more won't be available.
  Set XFORMERS_MORE_DETAILS=1 for more details
WARNING[XFORMERS]: xFormers can't load C++/CUDA extensions. xFormers was built for:
    PyTorch 2.7.0+cu126 with CUDA 1206 (you have 2.8.0)
    Python  3.12.10 (you have 3.12.10)
  Please reinstall xformers (see https://github.com/facebookresearch/xformers#installing-xformers)
  Memory-efficient attention, SwiGLU, sparse and more won't be available.
  Set XFORMERS_MORE_DETAILS=1 for more details
WARNING[XFORMERS]: xFormers can't load C++/CUDA extensions. xFormers was built for:
    PyTorch 2.7.0+cu126 with CUDA 1206 (you have 2.8.0)
    Python  3.12.10 (you have 3.12.10)
  Please reinstall xformers (see https://github.com/facebookresearch/xformers#installing-xformers)
  Memory-efficient attention, SwiGLU, sparse and more won't be available.
  Set XFORMERS_MORE_DETAILS=1 for more details
WARNING[XFORMERS]: xFormers can't load C++/CUDA extensions. xFormers was built for:
    PyTorch 2.7.0+cu126 with CUDA 1206 (you have 2.8.0)
    Python  3.12.10 (you have 3.12.10)
  Please reinstall xformers (see https://github.com/facebookresearch/xformers#installing-xformers)
  Memory-efficient attention, SwiGLU, sparse and more won't be available.
  Set XFORMERS_MORE_DETAILS=1 for more details
WARNING[XFORMERS]: xFormers can't load C++/CUDA extensions. xFormers was built for:
    PyTorch 2.7.0+cu126 with CUDA 1206 (you have 2.8.0)
    Python  3.12.10 (you have 3.12.10)
  Please reinstall xformers (see https://github.com/facebookresearch/xformers#installing-xformers)
  Memory-efficient attention, SwiGLU, sparse and more won't be available.
  Set XFORMERS_MORE_DETAILS=1 for more details
WARNING[XFORMERS]: xFormers can't load C++/CUDA extensions. xFormers was built for:
    PyTorch 2.7.0+cu126 with CUDA 1206 (you have 2.8.0)
    Python  3.12.10 (you have 3.12.10)
  Please reinstall xformers (see https://github.com/facebookresearch/xformers#installing-xformers)
  Memory-efficient attention, SwiGLU, sparse and more won't be available.
  Set XFORMERS_MORE_DETAILS=1 for more details
WARNING[XFORMERS]: xFormers can't load C++/CUDA extensions. xFormers was built for:
    PyTorch 2.7.0+cu126 with CUDA 1206 (you have 2.8.0)
    Python  3.12.10 (you have 3.12.10)
  Please reinstall xformers (see https://github.com/facebookresearch/xformers#installing-xformers)
  Memory-efficient attention, SwiGLU, sparse and more won't be available.
  Set XFORMERS_MORE_DETAILS=1 for more details
WARNING[XFORMERS]: xFormers can't load C++/CUDA extensions. xFormers was built for:
    PyTorch 2.7.0+cu126 with CUDA 1206 (you have 2.8.0)
    Python  3.12.10 (you have 3.12.10)
  Please reinstall xformers (see https://github.com/facebookresearch/xformers#installing-xformers)
  Memory-efficient attention, SwiGLU, sparse and more won't be available.
  Set XFORMERS_MORE_DETAILS=1 for more details
WARNING[XFORMERS]: xFormers can't load C++/CUDA extensions. xFormers was built for:
    PyTorch 2.7.0+cu126 with CUDA 1206 (you have 2.8.0)
    Python  3.12.10 (you have 3.12.10)
  Please reinstall xformers (see https://github.com/facebookresearch/xformers#installing-xformers)
  Memory-efficient attention, SwiGLU, sparse and more won't be available.
  Set XFORMERS_MORE_DETAILS=1 for more details
WARNING[XFORMERS]: xFormers can't load C++/CUDA extensions. xFormers was built for:
    PyTorch 2.7.0+cu126 with CUDA 1206 (you have 2.8.0)
    Python  3.12.10 (you have 3.12.10)
  Please reinstall xformers (see https://github.com/facebookresearch/xformers#installing-xformers)
  Memory-efficient attention, SwiGLU, sparse and more won't be available.
  Set XFORMERS_MORE_DETAILS=1 for more details
WARNING[XFORMERS]: xFormers can't load C++/CUDA extensions. xFormers was built for:
    PyTorch 2.7.0+cu126 with CUDA 1206 (you have 2.8.0)
    Python  3.12.10 (you have 3.12.10)
  Please reinstall xformers (see https://github.com/facebookresearch/xformers#installing-xformers)
  Memory-efficient attention, SwiGLU, sparse and more won't be available.
  Set XFORMERS_MORE_DETAILS=1 for more details
WARNING[XFORMERS]: xFormers can't load C++/CUDA extensions. xFormers was built for:
    PyTorch 2.7.0+cu126 with CUDA 1206 (you have 2.8.0)
    Python  3.12.10 (you have 3.12.10)
  Please reinstall xformers (see https://github.com/facebookresearch/xformers#installing-xformers)
  Memory-efficient attention, SwiGLU, sparse and more won't be available.
  Set XFORMERS_MORE_DETAILS=1 for more details
WARNING[XFORMERS]: xFormers can't load C++/CUDA extensions. xFormers was built for:
    PyTorch 2.7.0+cu126 with CUDA 1206 (you have 2.8.0)
    Python  3.12.10 (you have 3.12.10)
  Please reinstall xformers (see https://github.com/facebookresearch/xformers#installing-xformers)
  Memory-efficient attention, SwiGLU, sparse and more won't be available.
  Set XFORMERS_MORE_DETAILS=1 for more details
WARNING[XFORMERS]: xFormers can't load C++/CUDA extensions. xFormers was built for:
    PyTorch 2.7.0+cu126 with CUDA 1206 (you have 2.8.0)
    Python  3.12.10 (you have 3.12.10)
  Please reinstall xformers (see https://github.com/facebookresearch/xformers#installing-xformers)
  Memory-efficient attention, SwiGLU, sparse and more won't be available.
  Set XFORMERS_MORE_DETAILS=1 for more details
WARNING[XFORMERS]: xFormers can't load C++/CUDA extensions. xFormers was built for:
    PyTorch 2.7.0+cu126 with CUDA 1206 (you have 2.8.0)
    Python  3.12.10 (you have 3.12.10)
  Please reinstall xformers (see https://github.com/facebookresearch/xformers#installing-xformers)
  Memory-efficient attention, SwiGLU, sparse and more won't be available.
  Set XFORMERS_MORE_DETAILS=1 for more details
[NeMo W 2025-11-10 14:13:44 nemo_logging:405] /lustre/fshomisc/sup/pub/miniforge/24.11.3/envs/nemo-2.4.0+py3.12.10/lib/python3.12/site-packages/jieba/__init__.py:44: SyntaxWarning: invalid escape sequence '\.'
      re_han_default = re.compile("([\u4E00-\u9FD5a-zA-Z0-9+#&\._%\-]+)", re.U)
    
[NeMo W 2025-11-10 14:13:44 nemo_logging:405] /lustre/fshomisc/sup/pub/miniforge/24.11.3/envs/nemo-2.4.0+py3.12.10/lib/python3.12/site-packages/jieba/__init__.py:46: SyntaxWarning: invalid escape sequence '\s'
      re_skip_default = re.compile("(\r\n|\s)", re.U)
    
[NeMo W 2025-11-10 14:13:44 nemo_logging:405] /lustre/fshomisc/sup/pub/miniforge/24.11.3/envs/nemo-2.4.0+py3.12.10/lib/python3.12/site-packages/jieba/finalseg/__init__.py:78: SyntaxWarning: invalid escape sequence '\.'
      re_skip = re.compile("([a-zA-Z0-9]+(?:\.\d+)?%?)")
    
[NeMo W 2025-11-10 14:13:46 nemo_logging:405] /lustre/fshomisc/sup/pub/miniforge/24.11.3/envs/nemo-2.4.0+py3.12.10/lib/python3.12/site-packages/pydub/utils.py:300: SyntaxWarning: invalid escape sequence '\('
      m = re.match('([su]([0-9]{1,2})p?) \(([0-9]{1,2}) bit\)$', token)
    
[NeMo W 2025-11-10 14:13:46 nemo_logging:405] /lustre/fshomisc/sup/pub/miniforge/24.11.3/envs/nemo-2.4.0+py3.12.10/lib/python3.12/site-packages/pydub/utils.py:301: SyntaxWarning: invalid escape sequence '\('
      m2 = re.match('([su]([0-9]{1,2})p?)( \(default\))?$', token)
    
[NeMo W 2025-11-10 14:13:46 nemo_logging:405] /lustre/fshomisc/sup/pub/miniforge/24.11.3/envs/nemo-2.4.0+py3.12.10/lib/python3.12/site-packages/pydub/utils.py:310: SyntaxWarning: invalid escape sequence '\('
      elif re.match('(flt)p?( \(default\))?$', token):
    
[NeMo W 2025-11-10 14:13:46 nemo_logging:405] /lustre/fshomisc/sup/pub/miniforge/24.11.3/envs/nemo-2.4.0+py3.12.10/lib/python3.12/site-packages/pydub/utils.py:314: SyntaxWarning: invalid escape sequence '\('
      elif re.match('(dbl)p?( \(default\))?$', token):
    
Traceback (most recent call last):
  File "/lustre/fshomisc/sup/pub/miniforge/24.11.3/envs/nemo-2.4.0+py3.12.10/lib/python3.12/urllib/request.py", line 1344, in do_open
Traceback (most recent call last):
  File "/lustre/fshomisc/sup/pub/miniforge/24.11.3/envs/nemo-2.4.0+py3.12.10/lib/python3.12/urllib/request.py", line 1344, in do_open
Traceback (most recent call last):
  File "/lustre/fshomisc/sup/pub/miniforge/24.11.3/envs/nemo-2.4.0+py3.12.10/lib/python3.12/urllib/request.py", line 1344, in do_open
Traceback (most recent call last):
  File "/lustre/fshomisc/sup/pub/miniforge/24.11.3/envs/nemo-2.4.0+py3.12.10/lib/python3.12/urllib/request.py", line 1344, in do_open
    h.request(req.get_method(), req.selector, req.data, headers,
  File "/lustre/fshomisc/sup/pub/miniforge/24.11.3/envs/nemo-2.4.0+py3.12.10/lib/python3.12/http/client.py", line 1338, in request
    h.request(req.get_method(), req.selector, req.data, headers,
  File "/lustre/fshomisc/sup/pub/miniforge/24.11.3/envs/nemo-2.4.0+py3.12.10/lib/python3.12/http/client.py", line 1338, in request
    h.request(req.get_method(), req.selector, req.data, headers,
  File "/lustre/fshomisc/sup/pub/miniforge/24.11.3/envs/nemo-2.4.0+py3.12.10/lib/python3.12/http/client.py", line 1338, in request
    h.request(req.get_method(), req.selector, req.data, headers,
  File "/lustre/fshomisc/sup/pub/miniforge/24.11.3/envs/nemo-2.4.0+py3.12.10/lib/python3.12/http/client.py", line 1338, in request
    self._send_request(method, url, body, headers, encode_chunked)
    self._send_request(method, url, body, headers, encode_chunked)
    self._send_request(method, url, body, headers, encode_chunked)
  File "/lustre/fshomisc/sup/pub/miniforge/24.11.3/envs/nemo-2.4.0+py3.12.10/lib/python3.12/http/client.py", line 1384, in _send_request
  File "/lustre/fshomisc/sup/pub/miniforge/24.11.3/envs/nemo-2.4.0+py3.12.10/lib/python3.12/http/client.py", line 1384, in _send_request
  File "/lustre/fshomisc/sup/pub/miniforge/24.11.3/envs/nemo-2.4.0+py3.12.10/lib/python3.12/http/client.py", line 1384, in _send_request
    self._send_request(method, url, body, headers, encode_chunked)
  File "/lustre/fshomisc/sup/pub/miniforge/24.11.3/envs/nemo-2.4.0+py3.12.10/lib/python3.12/http/client.py", line 1384, in _send_request
    self.endheaders(body, encode_chunked=encode_chunked)
    self.endheaders(body, encode_chunked=encode_chunked)
    self.endheaders(body, encode_chunked=encode_chunked)
  File "/lustre/fshomisc/sup/pub/miniforge/24.11.3/envs/nemo-2.4.0+py3.12.10/lib/python3.12/http/client.py", line 1333, in endheaders
  File "/lustre/fshomisc/sup/pub/miniforge/24.11.3/envs/nemo-2.4.0+py3.12.10/lib/python3.12/http/client.py", line 1333, in endheaders
  File "/lustre/fshomisc/sup/pub/miniforge/24.11.3/envs/nemo-2.4.0+py3.12.10/lib/python3.12/http/client.py", line 1333, in endheaders
    self.endheaders(body, encode_chunked=encode_chunked)
  File "/lustre/fshomisc/sup/pub/miniforge/24.11.3/envs/nemo-2.4.0+py3.12.10/lib/python3.12/http/client.py", line 1333, in endheaders
    self._send_output(message_body, encode_chunked=encode_chunked)
    self._send_output(message_body, encode_chunked=encode_chunked)
  File "/lustre/fshomisc/sup/pub/miniforge/24.11.3/envs/nemo-2.4.0+py3.12.10/lib/python3.12/http/client.py", line 1093, in _send_output
    self._send_output(message_body, encode_chunked=encode_chunked)
  File "/lustre/fshomisc/sup/pub/miniforge/24.11.3/envs/nemo-2.4.0+py3.12.10/lib/python3.12/http/client.py", line 1093, in _send_output
  File "/lustre/fshomisc/sup/pub/miniforge/24.11.3/envs/nemo-2.4.0+py3.12.10/lib/python3.12/http/client.py", line 1093, in _send_output
    self._send_output(message_body, encode_chunked=encode_chunked)
    self.send(msg)
  File "/lustre/fshomisc/sup/pub/miniforge/24.11.3/envs/nemo-2.4.0+py3.12.10/lib/python3.12/http/client.py", line 1093, in _send_output
  File "/lustre/fshomisc/sup/pub/miniforge/24.11.3/envs/nemo-2.4.0+py3.12.10/lib/python3.12/http/client.py", line 1037, in send
    self.send(msg)
  File "/lustre/fshomisc/sup/pub/miniforge/24.11.3/envs/nemo-2.4.0+py3.12.10/lib/python3.12/http/client.py", line 1037, in send
    self.send(msg)
  File "/lustre/fshomisc/sup/pub/miniforge/24.11.3/envs/nemo-2.4.0+py3.12.10/lib/python3.12/http/client.py", line 1037, in send
    self.send(msg)
    self.connect()
  File "/lustre/fshomisc/sup/pub/miniforge/24.11.3/envs/nemo-2.4.0+py3.12.10/lib/python3.12/http/client.py", line 1472, in connect
  File "/lustre/fshomisc/sup/pub/miniforge/24.11.3/envs/nemo-2.4.0+py3.12.10/lib/python3.12/http/client.py", line 1037, in send
    self.connect()
    self.connect()
  File "/lustre/fshomisc/sup/pub/miniforge/24.11.3/envs/nemo-2.4.0+py3.12.10/lib/python3.12/http/client.py", line 1472, in connect
  File "/lustre/fshomisc/sup/pub/miniforge/24.11.3/envs/nemo-2.4.0+py3.12.10/lib/python3.12/http/client.py", line 1472, in connect
    self.connect()
  File "/lustre/fshomisc/sup/pub/miniforge/24.11.3/envs/nemo-2.4.0+py3.12.10/lib/python3.12/http/client.py", line 1472, in connect
    super().connect()
  File "/lustre/fshomisc/sup/pub/miniforge/24.11.3/envs/nemo-2.4.0+py3.12.10/lib/python3.12/http/client.py", line 1003, in connect
    super().connect()
    super().connect()
  File "/lustre/fshomisc/sup/pub/miniforge/24.11.3/envs/nemo-2.4.0+py3.12.10/lib/python3.12/http/client.py", line 1003, in connect
  File "/lustre/fshomisc/sup/pub/miniforge/24.11.3/envs/nemo-2.4.0+py3.12.10/lib/python3.12/http/client.py", line 1003, in connect
    super().connect()
    self.sock = self._create_connection(
  File "/lustre/fshomisc/sup/pub/miniforge/24.11.3/envs/nemo-2.4.0+py3.12.10/lib/python3.12/http/client.py", line 1003, in connect
                ^^^^^^^^^^^^^^^^^^^^^^^^
  File "/lustre/fshomisc/sup/pub/miniforge/24.11.3/envs/nemo-2.4.0+py3.12.10/lib/python3.12/socket.py", line 865, in create_connection
    self.sock = self._create_connection(
    self.sock = self._create_connection(
                ^^^^^^^^^^^^^^^^^^^^^^^^
                ^^^^^^^^^^^^^^^^^^^^^^^^
  File "/lustre/fshomisc/sup/pub/miniforge/24.11.3/envs/nemo-2.4.0+py3.12.10/lib/python3.12/socket.py", line 865, in create_connection
  File "/lustre/fshomisc/sup/pub/miniforge/24.11.3/envs/nemo-2.4.0+py3.12.10/lib/python3.12/socket.py", line 865, in create_connection
    self.sock = self._create_connection(
                ^^^^^^^^^^^^^^^^^^^^^^^^
  File "/lustre/fshomisc/sup/pub/miniforge/24.11.3/envs/nemo-2.4.0+py3.12.10/lib/python3.12/socket.py", line 865, in create_connection
    raise exceptions[0]
    raise exceptions[0]
  File "/lustre/fshomisc/sup/pub/miniforge/24.11.3/envs/nemo-2.4.0+py3.12.10/lib/python3.12/socket.py", line 850, in create_connection
    raise exceptions[0]
  File "/lustre/fshomisc/sup/pub/miniforge/24.11.3/envs/nemo-2.4.0+py3.12.10/lib/python3.12/socket.py", line 850, in create_connection
  File "/lustre/fshomisc/sup/pub/miniforge/24.11.3/envs/nemo-2.4.0+py3.12.10/lib/python3.12/socket.py", line 850, in create_connection
    raise exceptions[0]
  File "/lustre/fshomisc/sup/pub/miniforge/24.11.3/envs/nemo-2.4.0+py3.12.10/lib/python3.12/socket.py", line 850, in create_connection
    sock.connect(sa)
OSError: [Errno 101] Network is unreachable

During handling of the above exception, another exception occurred:

Traceback (most recent call last):
  File "/lustre/fswork/projects/idris/sos/ssos040/Bench_InstructFT_Tulu3/InstructFT/nemo_test.py", line 11, in <module>
    sock.connect(sa)
    sock.connect(sa)
OSError: [Errno 101] Network is unreachable

OSError: [Errno 101] Network is unreachable

During handling of the above exception, another exception occurred:

During handling of the above exception, another exception occurred:

Traceback (most recent call last):
  File "/lustre/fswork/projects/idris/sos/ssos040/Bench_InstructFT_Tulu3/InstructFT/nemo_test.py", line 11, in <module>
Traceback (most recent call last):
  File "/lustre/fswork/projects/idris/sos/ssos040/Bench_InstructFT_Tulu3/InstructFT/nemo_test.py", line 11, in <module>
    sock.connect(sa)
OSError: [Errno 101] Network is unreachable

During handling of the above exception, another exception occurred:

Traceback (most recent call last):
  File "/lustre/fswork/projects/idris/sos/ssos040/Bench_InstructFT_Tulu3/InstructFT/nemo_test.py", line 11, in <module>
    data = llm.MockDataModule(seq_length=seq_length, global_batch_size=global_batch_size)
    data = llm.MockDataModule(seq_length=seq_length, global_batch_size=global_batch_size)
    data = llm.MockDataModule(seq_length=seq_length, global_batch_size=global_batch_size)
           ^^^^^^^^^^^^^^^^^^^^^^^^^^^^^^^^^^^^^^^^^^^^^^^^^^^^^^^^^^^^^^^^^^^^^^^^^^^^^^
  File "/lustre/fshomisc/sup/pub/miniforge/24.11.3/envs/nemo-2.4.0+py3.12.10/lib/python3.12/site-packages/nemo/collections/llm/gpt/data/mock.py", line 86, in __init__
           ^^^^^^^^^^^^^^^^^^^^^^^^^^^^^^^^^^^^^^^^^^^^^^^^^^^^^^^^^^^^^^^^^^^^^^^^^^^^^^
  File "/lustre/fshomisc/sup/pub/miniforge/24.11.3/envs/nemo-2.4.0+py3.12.10/lib/python3.12/site-packages/nemo/collections/llm/gpt/data/mock.py", line 86, in __init__
           ^^^^^^^^^^^^^^^^^^^^^^^^^^^^^^^^^^^^^^^^^^^^^^^^^^^^^^^^^^^^^^^^^^^^^^^^^^^^^^
  File "/lustre/fshomisc/sup/pub/miniforge/24.11.3/envs/nemo-2.4.0+py3.12.10/lib/python3.12/site-packages/nemo/collections/llm/gpt/data/mock.py", line 86, in __init__
    data = llm.MockDataModule(seq_length=seq_length, global_batch_size=global_batch_size)
           ^^^^^^^^^^^^^^^^^^^^^^^^^^^^^^^^^^^^^^^^^^^^^^^^^^^^^^^^^^^^^^^^^^^^^^^^^^^^^^
  File "/lustre/fshomisc/sup/pub/miniforge/24.11.3/envs/nemo-2.4.0+py3.12.10/lib/python3.12/site-packages/nemo/collections/llm/gpt/data/mock.py", line 86, in __init__
    self.tokenizer = get_nmt_tokenizer(
                     ^^^^^^^^^^^^^^^^^^
  File "/lustre/fshomisc/sup/pub/miniforge/24.11.3/envs/nemo-2.4.0+py3.12.10/lib/python3.12/site-packages/nemo/collections/nlp/modules/common/tokenizer_utils.py", line 261, in get_nmt_tokenizer
    self.tokenizer = get_nmt_tokenizer(
    self.tokenizer = get_nmt_tokenizer(
                     ^^^^^^^^^^^^^^^^^^
                     ^^^^^^^^^^^^^^^^^^
  File "/lustre/fshomisc/sup/pub/miniforge/24.11.3/envs/nemo-2.4.0+py3.12.10/lib/python3.12/site-packages/nemo/collections/nlp/modules/common/tokenizer_utils.py", line 261, in get_nmt_tokenizer
  File "/lustre/fshomisc/sup/pub/miniforge/24.11.3/envs/nemo-2.4.0+py3.12.10/lib/python3.12/site-packages/nemo/collections/nlp/modules/common/tokenizer_utils.py", line 261, in get_nmt_tokenizer
    return get_tokenizer(
    return get_tokenizer(
           ^^^^^^^^^^^^^^
  File "/lustre/fshomisc/sup/pub/miniforge/24.11.3/envs/nemo-2.4.0+py3.12.10/lib/python3.12/site-packages/nemo/collections/nlp/modules/common/tokenizer_utils.py", line 113, in get_tokenizer
           ^^^^^^^^^^^^^^
  File "/lustre/fshomisc/sup/pub/miniforge/24.11.3/envs/nemo-2.4.0+py3.12.10/lib/python3.12/site-packages/nemo/collections/nlp/modules/common/tokenizer_utils.py", line 113, in get_tokenizer
    self.tokenizer = get_nmt_tokenizer(
                     ^^^^^^^^^^^^^^^^^^
  File "/lustre/fshomisc/sup/pub/miniforge/24.11.3/envs/nemo-2.4.0+py3.12.10/lib/python3.12/site-packages/nemo/collections/nlp/modules/common/tokenizer_utils.py", line 261, in get_nmt_tokenizer
    return get_tokenizer(
           ^^^^^^^^^^^^^^
  File "/lustre/fshomisc/sup/pub/miniforge/24.11.3/envs/nemo-2.4.0+py3.12.10/lib/python3.12/site-packages/nemo/collections/nlp/modules/common/tokenizer_utils.py", line 113, in get_tokenizer
    vocab_file = get_megatron_vocab_file(tokenizer_name)
    vocab_file = get_megatron_vocab_file(tokenizer_name)
                 ^^^^^^^^^^^^^^^^^^^^^^^^^^^^^^^^^^^^^^^
  File "/lustre/fshomisc/sup/pub/miniforge/24.11.3/envs/nemo-2.4.0+py3.12.10/lib/python3.12/site-packages/nemo/collections/nlp/modules/common/megatron/megatron_utils.py", line 172, in get_megatron_vocab_file
                 ^^^^^^^^^^^^^^^^^^^^^^^^^^^^^^^^^^^^^^^
  File "/lustre/fshomisc/sup/pub/miniforge/24.11.3/envs/nemo-2.4.0+py3.12.10/lib/python3.12/site-packages/nemo/collections/nlp/modules/common/megatron/megatron_utils.py", line 172, in get_megatron_vocab_file
    vocab_file = get_megatron_vocab_file(tokenizer_name)
                 ^^^^^^^^^^^^^^^^^^^^^^^^^^^^^^^^^^^^^^^
  File "/lustre/fshomisc/sup/pub/miniforge/24.11.3/envs/nemo-2.4.0+py3.12.10/lib/python3.12/site-packages/nemo/collections/nlp/modules/common/megatron/megatron_utils.py", line 172, in get_megatron_vocab_file
    return get_tokenizer(
           ^^^^^^^^^^^^^^
  File "/lustre/fshomisc/sup/pub/miniforge/24.11.3/envs/nemo-2.4.0+py3.12.10/lib/python3.12/site-packages/nemo/collections/nlp/modules/common/tokenizer_utils.py", line 113, in get_tokenizer
    path = _download(path, url)
           ^^^^^^^^^^^^^^^^^^^^
  File "/lustre/fshomisc/sup/pub/miniforge/24.11.3/envs/nemo-2.4.0+py3.12.10/lib/python3.12/site-packages/nemo/collections/nlp/modules/common/megatron/megatron_utils.py", line 226, in _download
    path = _download(path, url)
           ^^^^^^^^^^^^^^^^^^^^
    path = _download(path, url)
  File "/lustre/fshomisc/sup/pub/miniforge/24.11.3/envs/nemo-2.4.0+py3.12.10/lib/python3.12/site-packages/nemo/collections/nlp/modules/common/megatron/megatron_utils.py", line 226, in _download
           ^^^^^^^^^^^^^^^^^^^^
  File "/lustre/fshomisc/sup/pub/miniforge/24.11.3/envs/nemo-2.4.0+py3.12.10/lib/python3.12/site-packages/nemo/collections/nlp/modules/common/megatron/megatron_utils.py", line 226, in _download
    vocab_file = get_megatron_vocab_file(tokenizer_name)
    downloaded_path = wget.download(url)
                 ^^^^^^^^^^^^^^^^^^^^^^^^^^^^^^^^^^^^^^^
  File "/lustre/fshomisc/sup/pub/miniforge/24.11.3/envs/nemo-2.4.0+py3.12.10/lib/python3.12/site-packages/nemo/collections/nlp/modules/common/megatron/megatron_utils.py", line 172, in get_megatron_vocab_file
                      ^^^^^^^^^^^^^^^^^^
  File "/lustre/fshomisc/sup/pub/miniforge/24.11.3/envs/nemo-2.4.0+py3.12.10/lib/python3.12/site-packages/wget.py", line 526, in download
    downloaded_path = wget.download(url)
                      ^^^^^^^^^^^^^^^^^^
  File "/lustre/fshomisc/sup/pub/miniforge/24.11.3/envs/nemo-2.4.0+py3.12.10/lib/python3.12/site-packages/wget.py", line 526, in download
    (tmpfile, headers) = ulib.urlretrieve(binurl, tmpfile, callback)
                         ^^^^^^^^^^^^^^^^^^^^^^^^^^^^^^^^^^^^^^^^^^^
  File "/lustre/fshomisc/sup/pub/miniforge/24.11.3/envs/nemo-2.4.0+py3.12.10/lib/python3.12/urllib/request.py", line 240, in urlretrieve
    downloaded_path = wget.download(url)
                      ^^^^^^^^^^^^^^^^^^
  File "/lustre/fshomisc/sup/pub/miniforge/24.11.3/envs/nemo-2.4.0+py3.12.10/lib/python3.12/site-packages/wget.py", line 526, in download
    (tmpfile, headers) = ulib.urlretrieve(binurl, tmpfile, callback)
                         ^^^^^^^^^^^^^^^^^^^^^^^^^^^^^^^^^^^^^^^^^^^
  File "/lustre/fshomisc/sup/pub/miniforge/24.11.3/envs/nemo-2.4.0+py3.12.10/lib/python3.12/urllib/request.py", line 240, in urlretrieve
    path = _download(path, url)
           ^^^^^^^^^^^^^^^^^^^^
  File "/lustre/fshomisc/sup/pub/miniforge/24.11.3/envs/nemo-2.4.0+py3.12.10/lib/python3.12/site-packages/nemo/collections/nlp/modules/common/megatron/megatron_utils.py", line 226, in _download
    with contextlib.closing(urlopen(url, data)) as fp:
                            ^^^^^^^^^^^^^^^^^^
  File "/lustre/fshomisc/sup/pub/miniforge/24.11.3/envs/nemo-2.4.0+py3.12.10/lib/python3.12/urllib/request.py", line 215, in urlopen
    with contextlib.closing(urlopen(url, data)) as fp:
    (tmpfile, headers) = ulib.urlretrieve(binurl, tmpfile, callback)
                            ^^^^^^^^^^^^^^^^^^
  File "/lustre/fshomisc/sup/pub/miniforge/24.11.3/envs/nemo-2.4.0+py3.12.10/lib/python3.12/urllib/request.py", line 215, in urlopen
    return opener.open(url, data, timeout)
                         ^^^^^^^^^^^^^^^^^^^^^^^^^^^^^^^^^^^^^^^^^^^
  File "/lustre/fshomisc/sup/pub/miniforge/24.11.3/envs/nemo-2.4.0+py3.12.10/lib/python3.12/urllib/request.py", line 240, in urlretrieve
           ^^^^^^^^^^^^^^^^^^^^^^^^^^^^^^^
  File "/lustre/fshomisc/sup/pub/miniforge/24.11.3/envs/nemo-2.4.0+py3.12.10/lib/python3.12/urllib/request.py", line 515, in open
    downloaded_path = wget.download(url)
                      ^^^^^^^^^^^^^^^^^^
  File "/lustre/fshomisc/sup/pub/miniforge/24.11.3/envs/nemo-2.4.0+py3.12.10/lib/python3.12/site-packages/wget.py", line 526, in download
    return opener.open(url, data, timeout)
           ^^^^^^^^^^^^^^^^^^^^^^^^^^^^^^^
  File "/lustre/fshomisc/sup/pub/miniforge/24.11.3/envs/nemo-2.4.0+py3.12.10/lib/python3.12/urllib/request.py", line 515, in open
    with contextlib.closing(urlopen(url, data)) as fp:
    response = self._open(req, data)
               ^^^^^^^^^^^^^^^^^^^^^
                            ^^^^^^^^^^^^^^^^^^
  File "/lustre/fshomisc/sup/pub/miniforge/24.11.3/envs/nemo-2.4.0+py3.12.10/lib/python3.12/urllib/request.py", line 215, in urlopen
  File "/lustre/fshomisc/sup/pub/miniforge/24.11.3/envs/nemo-2.4.0+py3.12.10/lib/python3.12/urllib/request.py", line 532, in _open
    response = self._open(req, data)
               ^^^^^^^^^^^^^^^^^^^^^
  File "/lustre/fshomisc/sup/pub/miniforge/24.11.3/envs/nemo-2.4.0+py3.12.10/lib/python3.12/urllib/request.py", line 532, in _open
    return opener.open(url, data, timeout)
    (tmpfile, headers) = ulib.urlretrieve(binurl, tmpfile, callback)
    result = self._call_chain(self.handle_open, protocol, protocol +
           ^^^^^^^^^^^^^^^^^^^^^^^^^^^^^^^
  File "/lustre/fshomisc/sup/pub/miniforge/24.11.3/envs/nemo-2.4.0+py3.12.10/lib/python3.12/urllib/request.py", line 515, in open
                         ^^^^^^^^^^^^^^^^^^^^^^^^^^^^^^^^^^^^^^^^^^^
  File "/lustre/fshomisc/sup/pub/miniforge/24.11.3/envs/nemo-2.4.0+py3.12.10/lib/python3.12/urllib/request.py", line 240, in urlretrieve
             ^^^^^^^^^^^^^^^^^^^^^^^^^^^^^^^^^^^^^^^^^^^^^^^^^^^^^^^
    result = self._call_chain(self.handle_open, protocol, protocol +
  File "/lustre/fshomisc/sup/pub/miniforge/24.11.3/envs/nemo-2.4.0+py3.12.10/lib/python3.12/urllib/request.py", line 492, in _call_chain
             ^^^^^^^^^^^^^^^^^^^^^^^^^^^^^^^^^^^^^^^^^^^^^^^^^^^^^^^
    response = self._open(req, data)
  File "/lustre/fshomisc/sup/pub/miniforge/24.11.3/envs/nemo-2.4.0+py3.12.10/lib/python3.12/urllib/request.py", line 492, in _call_chain
    with contextlib.closing(urlopen(url, data)) as fp:
    result = func(*args)
               ^^^^^^^^^^^^^^^^^^^^^
  File "/lustre/fshomisc/sup/pub/miniforge/24.11.3/envs/nemo-2.4.0+py3.12.10/lib/python3.12/urllib/request.py", line 532, in _open
             ^^^^^^^^^^^
  File "/lustre/fshomisc/sup/pub/miniforge/24.11.3/envs/nemo-2.4.0+py3.12.10/lib/python3.12/urllib/request.py", line 1392, in https_open
                            ^^^^^^^^^^^^^^^^^^
  File "/lustre/fshomisc/sup/pub/miniforge/24.11.3/envs/nemo-2.4.0+py3.12.10/lib/python3.12/urllib/request.py", line 215, in urlopen
    result = func(*args)
             ^^^^^^^^^^^
  File "/lustre/fshomisc/sup/pub/miniforge/24.11.3/envs/nemo-2.4.0+py3.12.10/lib/python3.12/urllib/request.py", line 1392, in https_open
    result = self._call_chain(self.handle_open, protocol, protocol +
    return opener.open(url, data, timeout)
             ^^^^^^^^^^^^^^^^^^^^^^^^^^^^^^^^^^^^^^^^^^^^^^^^^^^^^^^
           ^^^^^^^^^^^^^^^^^^^^^^^^^^^^^^^
  File "/lustre/fshomisc/sup/pub/miniforge/24.11.3/envs/nemo-2.4.0+py3.12.10/lib/python3.12/urllib/request.py", line 515, in open
  File "/lustre/fshomisc/sup/pub/miniforge/24.11.3/envs/nemo-2.4.0+py3.12.10/lib/python3.12/urllib/request.py", line 492, in _call_chain
    return self.do_open(http.client.HTTPSConnection, req,
    result = func(*args)
           ^^^^^^^^^^^^^^^^^^^^^^^^^^^^^^^^^^^^^^^^^^^^^^
    response = self._open(req, data)
  File "/lustre/fshomisc/sup/pub/miniforge/24.11.3/envs/nemo-2.4.0+py3.12.10/lib/python3.12/urllib/request.py", line 1347, in do_open
             ^^^^^^^^^^^
  File "/lustre/fshomisc/sup/pub/miniforge/24.11.3/envs/nemo-2.4.0+py3.12.10/lib/python3.12/urllib/request.py", line 1392, in https_open
               ^^^^^^^^^^^^^^^^^^^^^
  File "/lustre/fshomisc/sup/pub/miniforge/24.11.3/envs/nemo-2.4.0+py3.12.10/lib/python3.12/urllib/request.py", line 532, in _open
    return self.do_open(http.client.HTTPSConnection, req,
           ^^^^^^^^^^^^^^^^^^^^^^^^^^^^^^^^^^^^^^^^^^^^^^
  File "/lustre/fshomisc/sup/pub/miniforge/24.11.3/envs/nemo-2.4.0+py3.12.10/lib/python3.12/urllib/request.py", line 1347, in do_open
    raise URLError(err)
    raise URLError(err)
urllib.error.URLError: <urlopen error [Errno 101] Network is unreachable>
urllib.error.URLError: <urlopen error [Errno 101] Network is unreachable>
    result = self._call_chain(self.handle_open, protocol, protocol +
             ^^^^^^^^^^^^^^^^^^^^^^^^^^^^^^^^^^^^^^^^^^^^^^^^^^^^^^^
  File "/lustre/fshomisc/sup/pub/miniforge/24.11.3/envs/nemo-2.4.0+py3.12.10/lib/python3.12/urllib/request.py", line 492, in _call_chain
    result = func(*args)
             ^^^^^^^^^^^
  File "/lustre/fshomisc/sup/pub/miniforge/24.11.3/envs/nemo-2.4.0+py3.12.10/lib/python3.12/urllib/request.py", line 1392, in https_open
    return self.do_open(http.client.HTTPSConnection, req,
           ^^^^^^^^^^^^^^^^^^^^^^^^^^^^^^^^^^^^^^^^^^^^^^
  File "/lustre/fshomisc/sup/pub/miniforge/24.11.3/envs/nemo-2.4.0+py3.12.10/lib/python3.12/urllib/request.py", line 1347, in do_open
    return self.do_open(http.client.HTTPSConnection, req,
           ^^^^^^^^^^^^^^^^^^^^^^^^^^^^^^^^^^^^^^^^^^^^^^
  File "/lustre/fshomisc/sup/pub/miniforge/24.11.3/envs/nemo-2.4.0+py3.12.10/lib/python3.12/urllib/request.py", line 1347, in do_open
    raise URLError(err)
urllib.error.URLError: <urlopen error [Errno 101] Network is unreachable>
    raise URLError(err)
urllib.error.URLError: <urlopen error [Errno 101] Network is unreachable>
Traceback (most recent call last):
  File "/lustre/fshomisc/sup/pub/miniforge/24.11.3/envs/nemo-2.4.0+py3.12.10/lib/python3.12/urllib/request.py", line 1344, in do_open
Traceback (most recent call last):
  File "/lustre/fshomisc/sup/pub/miniforge/24.11.3/envs/nemo-2.4.0+py3.12.10/lib/python3.12/urllib/request.py", line 1344, in do_open
    h.request(req.get_method(), req.selector, req.data, headers,
  File "/lustre/fshomisc/sup/pub/miniforge/24.11.3/envs/nemo-2.4.0+py3.12.10/lib/python3.12/http/client.py", line 1338, in request
    h.request(req.get_method(), req.selector, req.data, headers,
  File "/lustre/fshomisc/sup/pub/miniforge/24.11.3/envs/nemo-2.4.0+py3.12.10/lib/python3.12/http/client.py", line 1338, in request
    self._send_request(method, url, body, headers, encode_chunked)
  File "/lustre/fshomisc/sup/pub/miniforge/24.11.3/envs/nemo-2.4.0+py3.12.10/lib/python3.12/http/client.py", line 1384, in _send_request
    self._send_request(method, url, body, headers, encode_chunked)
  File "/lustre/fshomisc/sup/pub/miniforge/24.11.3/envs/nemo-2.4.0+py3.12.10/lib/python3.12/http/client.py", line 1384, in _send_request
    self.endheaders(body, encode_chunked=encode_chunked)
  File "/lustre/fshomisc/sup/pub/miniforge/24.11.3/envs/nemo-2.4.0+py3.12.10/lib/python3.12/http/client.py", line 1333, in endheaders
    self.endheaders(body, encode_chunked=encode_chunked)
  File "/lustre/fshomisc/sup/pub/miniforge/24.11.3/envs/nemo-2.4.0+py3.12.10/lib/python3.12/http/client.py", line 1333, in endheaders
    self._send_output(message_body, encode_chunked=encode_chunked)
  File "/lustre/fshomisc/sup/pub/miniforge/24.11.3/envs/nemo-2.4.0+py3.12.10/lib/python3.12/http/client.py", line 1093, in _send_output
    self._send_output(message_body, encode_chunked=encode_chunked)
  File "/lustre/fshomisc/sup/pub/miniforge/24.11.3/envs/nemo-2.4.0+py3.12.10/lib/python3.12/http/client.py", line 1093, in _send_output
    self.send(msg)
  File "/lustre/fshomisc/sup/pub/miniforge/24.11.3/envs/nemo-2.4.0+py3.12.10/lib/python3.12/http/client.py", line 1037, in send
    self.send(msg)
  File "/lustre/fshomisc/sup/pub/miniforge/24.11.3/envs/nemo-2.4.0+py3.12.10/lib/python3.12/http/client.py", line 1037, in send
    self.connect()
  File "/lustre/fshomisc/sup/pub/miniforge/24.11.3/envs/nemo-2.4.0+py3.12.10/lib/python3.12/http/client.py", line 1472, in connect
    self.connect()
  File "/lustre/fshomisc/sup/pub/miniforge/24.11.3/envs/nemo-2.4.0+py3.12.10/lib/python3.12/http/client.py", line 1472, in connect
    super().connect()
  File "/lustre/fshomisc/sup/pub/miniforge/24.11.3/envs/nemo-2.4.0+py3.12.10/lib/python3.12/http/client.py", line 1003, in connect
    super().connect()
  File "/lustre/fshomisc/sup/pub/miniforge/24.11.3/envs/nemo-2.4.0+py3.12.10/lib/python3.12/http/client.py", line 1003, in connect
    self.sock = self._create_connection(
                ^^^^^^^^^^^^^^^^^^^^^^^^
  File "/lustre/fshomisc/sup/pub/miniforge/24.11.3/envs/nemo-2.4.0+py3.12.10/lib/python3.12/socket.py", line 865, in create_connection
    self.sock = self._create_connection(
                ^^^^^^^^^^^^^^^^^^^^^^^^
  File "/lustre/fshomisc/sup/pub/miniforge/24.11.3/envs/nemo-2.4.0+py3.12.10/lib/python3.12/socket.py", line 865, in create_connection
    raise exceptions[0]
  File "/lustre/fshomisc/sup/pub/miniforge/24.11.3/envs/nemo-2.4.0+py3.12.10/lib/python3.12/socket.py", line 850, in create_connection
    raise exceptions[0]
  File "/lustre/fshomisc/sup/pub/miniforge/24.11.3/envs/nemo-2.4.0+py3.12.10/lib/python3.12/socket.py", line 850, in create_connection
    sock.connect(sa)
OSError: [Errno 101] Network is unreachable

During handling of the above exception, another exception occurred:

Traceback (most recent call last):
  File "/lustre/fswork/projects/idris/sos/ssos040/Bench_InstructFT_Tulu3/InstructFT/nemo_test.py", line 11, in <module>
    sock.connect(sa)
OSError: [Errno 101] Network is unreachable

During handling of the above exception, another exception occurred:

Traceback (most recent call last):
  File "/lustre/fswork/projects/idris/sos/ssos040/Bench_InstructFT_Tulu3/InstructFT/nemo_test.py", line 11, in <module>
    data = llm.MockDataModule(seq_length=seq_length, global_batch_size=global_batch_size)
           ^^^^^^^^^^^^^^^^^^^^^^^^^^^^^^^^^^^^^^^^^^^^^^^^^^^^^^^^^^^^^^^^^^^^^^^^^^^^^^
  File "/lustre/fshomisc/sup/pub/miniforge/24.11.3/envs/nemo-2.4.0+py3.12.10/lib/python3.12/site-packages/nemo/collections/llm/gpt/data/mock.py", line 86, in __init__
    data = llm.MockDataModule(seq_length=seq_length, global_batch_size=global_batch_size)
           ^^^^^^^^^^^^^^^^^^^^^^^^^^^^^^^^^^^^^^^^^^^^^^^^^^^^^^^^^^^^^^^^^^^^^^^^^^^^^^
  File "/lustre/fshomisc/sup/pub/miniforge/24.11.3/envs/nemo-2.4.0+py3.12.10/lib/python3.12/site-packages/nemo/collections/llm/gpt/data/mock.py", line 86, in __init__
    self.tokenizer = get_nmt_tokenizer(
                     ^^^^^^^^^^^^^^^^^^
  File "/lustre/fshomisc/sup/pub/miniforge/24.11.3/envs/nemo-2.4.0+py3.12.10/lib/python3.12/site-packages/nemo/collections/nlp/modules/common/tokenizer_utils.py", line 261, in get_nmt_tokenizer
    self.tokenizer = get_nmt_tokenizer(
                     ^^^^^^^^^^^^^^^^^^
  File "/lustre/fshomisc/sup/pub/miniforge/24.11.3/envs/nemo-2.4.0+py3.12.10/lib/python3.12/site-packages/nemo/collections/nlp/modules/common/tokenizer_utils.py", line 261, in get_nmt_tokenizer
    return get_tokenizer(
           ^^^^^^^^^^^^^^
  File "/lustre/fshomisc/sup/pub/miniforge/24.11.3/envs/nemo-2.4.0+py3.12.10/lib/python3.12/site-packages/nemo/collections/nlp/modules/common/tokenizer_utils.py", line 113, in get_tokenizer
    return get_tokenizer(
           ^^^^^^^^^^^^^^
  File "/lustre/fshomisc/sup/pub/miniforge/24.11.3/envs/nemo-2.4.0+py3.12.10/lib/python3.12/site-packages/nemo/collections/nlp/modules/common/tokenizer_utils.py", line 113, in get_tokenizer
    vocab_file = get_megatron_vocab_file(tokenizer_name)
                 ^^^^^^^^^^^^^^^^^^^^^^^^^^^^^^^^^^^^^^^
  File "/lustre/fshomisc/sup/pub/miniforge/24.11.3/envs/nemo-2.4.0+py3.12.10/lib/python3.12/site-packages/nemo/collections/nlp/modules/common/megatron/megatron_utils.py", line 172, in get_megatron_vocab_file
    vocab_file = get_megatron_vocab_file(tokenizer_name)
                 ^^^^^^^^^^^^^^^^^^^^^^^^^^^^^^^^^^^^^^^
  File "/lustre/fshomisc/sup/pub/miniforge/24.11.3/envs/nemo-2.4.0+py3.12.10/lib/python3.12/site-packages/nemo/collections/nlp/modules/common/megatron/megatron_utils.py", line 172, in get_megatron_vocab_file
    path = _download(path, url)
           ^^^^^^^^^^^^^^^^^^^^
  File "/lustre/fshomisc/sup/pub/miniforge/24.11.3/envs/nemo-2.4.0+py3.12.10/lib/python3.12/site-packages/nemo/collections/nlp/modules/common/megatron/megatron_utils.py", line 226, in _download
    path = _download(path, url)
           ^^^^^^^^^^^^^^^^^^^^
  File "/lustre/fshomisc/sup/pub/miniforge/24.11.3/envs/nemo-2.4.0+py3.12.10/lib/python3.12/site-packages/nemo/collections/nlp/modules/common/megatron/megatron_utils.py", line 226, in _download
    downloaded_path = wget.download(url)
                      ^^^^^^^^^^^^^^^^^^
  File "/lustre/fshomisc/sup/pub/miniforge/24.11.3/envs/nemo-2.4.0+py3.12.10/lib/python3.12/site-packages/wget.py", line 526, in download
    downloaded_path = wget.download(url)
                      ^^^^^^^^^^^^^^^^^^
  File "/lustre/fshomisc/sup/pub/miniforge/24.11.3/envs/nemo-2.4.0+py3.12.10/lib/python3.12/site-packages/wget.py", line 526, in download
    (tmpfile, headers) = ulib.urlretrieve(binurl, tmpfile, callback)
                         ^^^^^^^^^^^^^^^^^^^^^^^^^^^^^^^^^^^^^^^^^^^
  File "/lustre/fshomisc/sup/pub/miniforge/24.11.3/envs/nemo-2.4.0+py3.12.10/lib/python3.12/urllib/request.py", line 240, in urlretrieve
    (tmpfile, headers) = ulib.urlretrieve(binurl, tmpfile, callback)
                         ^^^^^^^^^^^^^^^^^^^^^^^^^^^^^^^^^^^^^^^^^^^
  File "/lustre/fshomisc/sup/pub/miniforge/24.11.3/envs/nemo-2.4.0+py3.12.10/lib/python3.12/urllib/request.py", line 240, in urlretrieve
    with contextlib.closing(urlopen(url, data)) as fp:
                            ^^^^^^^^^^^^^^^^^^
  File "/lustre/fshomisc/sup/pub/miniforge/24.11.3/envs/nemo-2.4.0+py3.12.10/lib/python3.12/urllib/request.py", line 215, in urlopen
    with contextlib.closing(urlopen(url, data)) as fp:
                            ^^^^^^^^^^^^^^^^^^
  File "/lustre/fshomisc/sup/pub/miniforge/24.11.3/envs/nemo-2.4.0+py3.12.10/lib/python3.12/urllib/request.py", line 215, in urlopen
    return opener.open(url, data, timeout)
           ^^^^^^^^^^^^^^^^^^^^^^^^^^^^^^^
  File "/lustre/fshomisc/sup/pub/miniforge/24.11.3/envs/nemo-2.4.0+py3.12.10/lib/python3.12/urllib/request.py", line 515, in open
    return opener.open(url, data, timeout)
           ^^^^^^^^^^^^^^^^^^^^^^^^^^^^^^^
  File "/lustre/fshomisc/sup/pub/miniforge/24.11.3/envs/nemo-2.4.0+py3.12.10/lib/python3.12/urllib/request.py", line 515, in open
    response = self._open(req, data)
               ^^^^^^^^^^^^^^^^^^^^^
  File "/lustre/fshomisc/sup/pub/miniforge/24.11.3/envs/nemo-2.4.0+py3.12.10/lib/python3.12/urllib/request.py", line 532, in _open
    response = self._open(req, data)
               ^^^^^^^^^^^^^^^^^^^^^
  File "/lustre/fshomisc/sup/pub/miniforge/24.11.3/envs/nemo-2.4.0+py3.12.10/lib/python3.12/urllib/request.py", line 532, in _open
    result = self._call_chain(self.handle_open, protocol, protocol +
             ^^^^^^^^^^^^^^^^^^^^^^^^^^^^^^^^^^^^^^^^^^^^^^^^^^^^^^^
  File "/lustre/fshomisc/sup/pub/miniforge/24.11.3/envs/nemo-2.4.0+py3.12.10/lib/python3.12/urllib/request.py", line 492, in _call_chain
    result = self._call_chain(self.handle_open, protocol, protocol +
             ^^^^^^^^^^^^^^^^^^^^^^^^^^^^^^^^^^^^^^^^^^^^^^^^^^^^^^^
  File "/lustre/fshomisc/sup/pub/miniforge/24.11.3/envs/nemo-2.4.0+py3.12.10/lib/python3.12/urllib/request.py", line 492, in _call_chain
    result = func(*args)
             ^^^^^^^^^^^
  File "/lustre/fshomisc/sup/pub/miniforge/24.11.3/envs/nemo-2.4.0+py3.12.10/lib/python3.12/urllib/request.py", line 1392, in https_open
    result = func(*args)
             ^^^^^^^^^^^
  File "/lustre/fshomisc/sup/pub/miniforge/24.11.3/envs/nemo-2.4.0+py3.12.10/lib/python3.12/urllib/request.py", line 1392, in https_open
    return self.do_open(http.client.HTTPSConnection, req,
           ^^^^^^^^^^^^^^^^^^^^^^^^^^^^^^^^^^^^^^^^^^^^^^
  File "/lustre/fshomisc/sup/pub/miniforge/24.11.3/envs/nemo-2.4.0+py3.12.10/lib/python3.12/urllib/request.py", line 1347, in do_open
    return self.do_open(http.client.HTTPSConnection, req,
           ^^^^^^^^^^^^^^^^^^^^^^^^^^^^^^^^^^^^^^^^^^^^^^
  File "/lustre/fshomisc/sup/pub/miniforge/24.11.3/envs/nemo-2.4.0+py3.12.10/lib/python3.12/urllib/request.py", line 1347, in do_open
    raise URLError(err)
urllib.error.URLError: <urlopen error [Errno 101] Network is unreachable>
    raise URLError(err)
urllib.error.URLError: <urlopen error [Errno 101] Network is unreachable>
Traceback (most recent call last):
  File "/lustre/fshomisc/sup/pub/miniforge/24.11.3/envs/nemo-2.4.0+py3.12.10/lib/python3.12/urllib/request.py", line 1344, in do_open
    h.request(req.get_method(), req.selector, req.data, headers,
  File "/lustre/fshomisc/sup/pub/miniforge/24.11.3/envs/nemo-2.4.0+py3.12.10/lib/python3.12/http/client.py", line 1338, in request
    self._send_request(method, url, body, headers, encode_chunked)
  File "/lustre/fshomisc/sup/pub/miniforge/24.11.3/envs/nemo-2.4.0+py3.12.10/lib/python3.12/http/client.py", line 1384, in _send_request
    self.endheaders(body, encode_chunked=encode_chunked)
  File "/lustre/fshomisc/sup/pub/miniforge/24.11.3/envs/nemo-2.4.0+py3.12.10/lib/python3.12/http/client.py", line 1333, in endheaders
    self._send_output(message_body, encode_chunked=encode_chunked)
  File "/lustre/fshomisc/sup/pub/miniforge/24.11.3/envs/nemo-2.4.0+py3.12.10/lib/python3.12/http/client.py", line 1093, in _send_output
    self.send(msg)
  File "/lustre/fshomisc/sup/pub/miniforge/24.11.3/envs/nemo-2.4.0+py3.12.10/lib/python3.12/http/client.py", line 1037, in send
    self.connect()
  File "/lustre/fshomisc/sup/pub/miniforge/24.11.3/envs/nemo-2.4.0+py3.12.10/lib/python3.12/http/client.py", line 1472, in connect
    super().connect()
  File "/lustre/fshomisc/sup/pub/miniforge/24.11.3/envs/nemo-2.4.0+py3.12.10/lib/python3.12/http/client.py", line 1003, in connect
    self.sock = self._create_connection(
                ^^^^^^^^^^^^^^^^^^^^^^^^
  File "/lustre/fshomisc/sup/pub/miniforge/24.11.3/envs/nemo-2.4.0+py3.12.10/lib/python3.12/socket.py", line 865, in create_connection
    raise exceptions[0]
  File "/lustre/fshomisc/sup/pub/miniforge/24.11.3/envs/nemo-2.4.0+py3.12.10/lib/python3.12/socket.py", line 850, in create_connection
    sock.connect(sa)
OSError: [Errno 101] Network is unreachable

During handling of the above exception, another exception occurred:

Traceback (most recent call last):
  File "/lustre/fswork/projects/idris/sos/ssos040/Bench_InstructFT_Tulu3/InstructFT/nemo_test.py", line 11, in <module>
    data = llm.MockDataModule(seq_length=seq_length, global_batch_size=global_batch_size)
           ^^^^^^^^^^^^^^^^^^^^^^^^^^^^^^^^^^^^^^^^^^^^^^^^^^^^^^^^^^^^^^^^^^^^^^^^^^^^^^
  File "/lustre/fshomisc/sup/pub/miniforge/24.11.3/envs/nemo-2.4.0+py3.12.10/lib/python3.12/site-packages/nemo/collections/llm/gpt/data/mock.py", line 86, in __init__
    self.tokenizer = get_nmt_tokenizer(
                     ^^^^^^^^^^^^^^^^^^
  File "/lustre/fshomisc/sup/pub/miniforge/24.11.3/envs/nemo-2.4.0+py3.12.10/lib/python3.12/site-packages/nemo/collections/nlp/modules/common/tokenizer_utils.py", line 261, in get_nmt_tokenizer
    return get_tokenizer(
           ^^^^^^^^^^^^^^
  File "/lustre/fshomisc/sup/pub/miniforge/24.11.3/envs/nemo-2.4.0+py3.12.10/lib/python3.12/site-packages/nemo/collections/nlp/modules/common/tokenizer_utils.py", line 113, in get_tokenizer
    vocab_file = get_megatron_vocab_file(tokenizer_name)
                 ^^^^^^^^^^^^^^^^^^^^^^^^^^^^^^^^^^^^^^^
  File "/lustre/fshomisc/sup/pub/miniforge/24.11.3/envs/nemo-2.4.0+py3.12.10/lib/python3.12/site-packages/nemo/collections/nlp/modules/common/megatron/megatron_utils.py", line 172, in get_megatron_vocab_file
    path = _download(path, url)
           ^^^^^^^^^^^^^^^^^^^^
  File "/lustre/fshomisc/sup/pub/miniforge/24.11.3/envs/nemo-2.4.0+py3.12.10/lib/python3.12/site-packages/nemo/collections/nlp/modules/common/megatron/megatron_utils.py", line 226, in _download
    downloaded_path = wget.download(url)
                      ^^^^^^^^^^^^^^^^^^
  File "/lustre/fshomisc/sup/pub/miniforge/24.11.3/envs/nemo-2.4.0+py3.12.10/lib/python3.12/site-packages/wget.py", line 526, in download
    (tmpfile, headers) = ulib.urlretrieve(binurl, tmpfile, callback)
                         ^^^^^^^^^^^^^^^^^^^^^^^^^^^^^^^^^^^^^^^^^^^
  File "/lustre/fshomisc/sup/pub/miniforge/24.11.3/envs/nemo-2.4.0+py3.12.10/lib/python3.12/urllib/request.py", line 240, in urlretrieve
    with contextlib.closing(urlopen(url, data)) as fp:
                            ^^^^^^^^^^^^^^^^^^
  File "/lustre/fshomisc/sup/pub/miniforge/24.11.3/envs/nemo-2.4.0+py3.12.10/lib/python3.12/urllib/request.py", line 215, in urlopen
    return opener.open(url, data, timeout)
           ^^^^^^^^^^^^^^^^^^^^^^^^^^^^^^^
  File "/lustre/fshomisc/sup/pub/miniforge/24.11.3/envs/nemo-2.4.0+py3.12.10/lib/python3.12/urllib/request.py", line 515, in open
    response = self._open(req, data)
               ^^^^^^^^^^^^^^^^^^^^^
  File "/lustre/fshomisc/sup/pub/miniforge/24.11.3/envs/nemo-2.4.0+py3.12.10/lib/python3.12/urllib/request.py", line 532, in _open
Traceback (most recent call last):
  File "/lustre/fshomisc/sup/pub/miniforge/24.11.3/envs/nemo-2.4.0+py3.12.10/lib/python3.12/urllib/request.py", line 1344, in do_open
    result = self._call_chain(self.handle_open, protocol, protocol +
             ^^^^^^^^^^^^^^^^^^^^^^^^^^^^^^^^^^^^^^^^^^^^^^^^^^^^^^^
  File "/lustre/fshomisc/sup/pub/miniforge/24.11.3/envs/nemo-2.4.0+py3.12.10/lib/python3.12/urllib/request.py", line 492, in _call_chain
    h.request(req.get_method(), req.selector, req.data, headers,
  File "/lustre/fshomisc/sup/pub/miniforge/24.11.3/envs/nemo-2.4.0+py3.12.10/lib/python3.12/http/client.py", line 1338, in request
    result = func(*args)
             ^^^^^^^^^^^
  File "/lustre/fshomisc/sup/pub/miniforge/24.11.3/envs/nemo-2.4.0+py3.12.10/lib/python3.12/urllib/request.py", line 1392, in https_open
    self._send_request(method, url, body, headers, encode_chunked)
  File "/lustre/fshomisc/sup/pub/miniforge/24.11.3/envs/nemo-2.4.0+py3.12.10/lib/python3.12/http/client.py", line 1384, in _send_request
    return self.do_open(http.client.HTTPSConnection, req,
           ^^^^^^^^^^^^^^^^^^^^^^^^^^^^^^^^^^^^^^^^^^^^^^
  File "/lustre/fshomisc/sup/pub/miniforge/24.11.3/envs/nemo-2.4.0+py3.12.10/lib/python3.12/urllib/request.py", line 1347, in do_open
    self.endheaders(body, encode_chunked=encode_chunked)
  File "/lustre/fshomisc/sup/pub/miniforge/24.11.3/envs/nemo-2.4.0+py3.12.10/lib/python3.12/http/client.py", line 1333, in endheaders
    raise URLError(err)
urllib.error.URLError: <urlopen error [Errno 101] Network is unreachable>
    self._send_output(message_body, encode_chunked=encode_chunked)
  File "/lustre/fshomisc/sup/pub/miniforge/24.11.3/envs/nemo-2.4.0+py3.12.10/lib/python3.12/http/client.py", line 1093, in _send_output
    self.send(msg)
  File "/lustre/fshomisc/sup/pub/miniforge/24.11.3/envs/nemo-2.4.0+py3.12.10/lib/python3.12/http/client.py", line 1037, in send
    self.connect()
  File "/lustre/fshomisc/sup/pub/miniforge/24.11.3/envs/nemo-2.4.0+py3.12.10/lib/python3.12/http/client.py", line 1472, in connect
    super().connect()
  File "/lustre/fshomisc/sup/pub/miniforge/24.11.3/envs/nemo-2.4.0+py3.12.10/lib/python3.12/http/client.py", line 1003, in connect
    self.sock = self._create_connection(
                ^^^^^^^^^^^^^^^^^^^^^^^^
  File "/lustre/fshomisc/sup/pub/miniforge/24.11.3/envs/nemo-2.4.0+py3.12.10/lib/python3.12/socket.py", line 865, in create_connection
    raise exceptions[0]
  File "/lustre/fshomisc/sup/pub/miniforge/24.11.3/envs/nemo-2.4.0+py3.12.10/lib/python3.12/socket.py", line 850, in create_connection
    sock.connect(sa)
OSError: [Errno 101] Network is unreachable

During handling of the above exception, another exception occurred:

Traceback (most recent call last):
  File "/lustre/fswork/projects/idris/sos/ssos040/Bench_InstructFT_Tulu3/InstructFT/nemo_test.py", line 11, in <module>
    data = llm.MockDataModule(seq_length=seq_length, global_batch_size=global_batch_size)
           ^^^^^^^^^^^^^^^^^^^^^^^^^^^^^^^^^^^^^^^^^^^^^^^^^^^^^^^^^^^^^^^^^^^^^^^^^^^^^^
  File "/lustre/fshomisc/sup/pub/miniforge/24.11.3/envs/nemo-2.4.0+py3.12.10/lib/python3.12/site-packages/nemo/collections/llm/gpt/data/mock.py", line 86, in __init__
    self.tokenizer = get_nmt_tokenizer(
                     ^^^^^^^^^^^^^^^^^^
  File "/lustre/fshomisc/sup/pub/miniforge/24.11.3/envs/nemo-2.4.0+py3.12.10/lib/python3.12/site-packages/nemo/collections/nlp/modules/common/tokenizer_utils.py", line 261, in get_nmt_tokenizer
    return get_tokenizer(
           ^^^^^^^^^^^^^^
  File "/lustre/fshomisc/sup/pub/miniforge/24.11.3/envs/nemo-2.4.0+py3.12.10/lib/python3.12/site-packages/nemo/collections/nlp/modules/common/tokenizer_utils.py", line 113, in get_tokenizer
    vocab_file = get_megatron_vocab_file(tokenizer_name)
                 ^^^^^^^^^^^^^^^^^^^^^^^^^^^^^^^^^^^^^^^
  File "/lustre/fshomisc/sup/pub/miniforge/24.11.3/envs/nemo-2.4.0+py3.12.10/lib/python3.12/site-packages/nemo/collections/nlp/modules/common/megatron/megatron_utils.py", line 172, in get_megatron_vocab_file
    path = _download(path, url)
           ^^^^^^^^^^^^^^^^^^^^
  File "/lustre/fshomisc/sup/pub/miniforge/24.11.3/envs/nemo-2.4.0+py3.12.10/lib/python3.12/site-packages/nemo/collections/nlp/modules/common/megatron/megatron_utils.py", line 226, in _download
    downloaded_path = wget.download(url)
                      ^^^^^^^^^^^^^^^^^^
  File "/lustre/fshomisc/sup/pub/miniforge/24.11.3/envs/nemo-2.4.0+py3.12.10/lib/python3.12/site-packages/wget.py", line 526, in download
    (tmpfile, headers) = ulib.urlretrieve(binurl, tmpfile, callback)
                         ^^^^^^^^^^^^^^^^^^^^^^^^^^^^^^^^^^^^^^^^^^^
  File "/lustre/fshomisc/sup/pub/miniforge/24.11.3/envs/nemo-2.4.0+py3.12.10/lib/python3.12/urllib/request.py", line 240, in urlretrieve
    with contextlib.closing(urlopen(url, data)) as fp:
                            ^^^^^^^^^^^^^^^^^^
  File "/lustre/fshomisc/sup/pub/miniforge/24.11.3/envs/nemo-2.4.0+py3.12.10/lib/python3.12/urllib/request.py", line 215, in urlopen
    return opener.open(url, data, timeout)
           ^^^^^^^^^^^^^^^^^^^^^^^^^^^^^^^
  File "/lustre/fshomisc/sup/pub/miniforge/24.11.3/envs/nemo-2.4.0+py3.12.10/lib/python3.12/urllib/request.py", line 515, in open
    response = self._open(req, data)
               ^^^^^^^^^^^^^^^^^^^^^
  File "/lustre/fshomisc/sup/pub/miniforge/24.11.3/envs/nemo-2.4.0+py3.12.10/lib/python3.12/urllib/request.py", line 532, in _open
    result = self._call_chain(self.handle_open, protocol, protocol +
             ^^^^^^^^^^^^^^^^^^^^^^^^^^^^^^^^^^^^^^^^^^^^^^^^^^^^^^^
  File "/lustre/fshomisc/sup/pub/miniforge/24.11.3/envs/nemo-2.4.0+py3.12.10/lib/python3.12/urllib/request.py", line 492, in _call_chain
    result = func(*args)
             ^^^^^^^^^^^
  File "/lustre/fshomisc/sup/pub/miniforge/24.11.3/envs/nemo-2.4.0+py3.12.10/lib/python3.12/urllib/request.py", line 1392, in https_open
    return self.do_open(http.client.HTTPSConnection, req,
           ^^^^^^^^^^^^^^^^^^^^^^^^^^^^^^^^^^^^^^^^^^^^^^
  File "/lustre/fshomisc/sup/pub/miniforge/24.11.3/envs/nemo-2.4.0+py3.12.10/lib/python3.12/urllib/request.py", line 1347, in do_open
    raise URLError(err)
urllib.error.URLError: <urlopen error [Errno 101] Network is unreachable>
Traceback (most recent call last):
  File "/lustre/fshomisc/sup/pub/miniforge/24.11.3/envs/nemo-2.4.0+py3.12.10/lib/python3.12/urllib/request.py", line 1344, in do_open
    h.request(req.get_method(), req.selector, req.data, headers,
  File "/lustre/fshomisc/sup/pub/miniforge/24.11.3/envs/nemo-2.4.0+py3.12.10/lib/python3.12/http/client.py", line 1338, in request
Traceback (most recent call last):
  File "/lustre/fshomisc/sup/pub/miniforge/24.11.3/envs/nemo-2.4.0+py3.12.10/lib/python3.12/urllib/request.py", line 1344, in do_open
    h.request(req.get_method(), req.selector, req.data, headers,
  File "/lustre/fshomisc/sup/pub/miniforge/24.11.3/envs/nemo-2.4.0+py3.12.10/lib/python3.12/http/client.py", line 1338, in request
    self._send_request(method, url, body, headers, encode_chunked)
  File "/lustre/fshomisc/sup/pub/miniforge/24.11.3/envs/nemo-2.4.0+py3.12.10/lib/python3.12/http/client.py", line 1384, in _send_request
    self._send_request(method, url, body, headers, encode_chunked)
  File "/lustre/fshomisc/sup/pub/miniforge/24.11.3/envs/nemo-2.4.0+py3.12.10/lib/python3.12/http/client.py", line 1384, in _send_request
    self.endheaders(body, encode_chunked=encode_chunked)
  File "/lustre/fshomisc/sup/pub/miniforge/24.11.3/envs/nemo-2.4.0+py3.12.10/lib/python3.12/http/client.py", line 1333, in endheaders
    self.endheaders(body, encode_chunked=encode_chunked)
  File "/lustre/fshomisc/sup/pub/miniforge/24.11.3/envs/nemo-2.4.0+py3.12.10/lib/python3.12/http/client.py", line 1333, in endheaders
    self._send_output(message_body, encode_chunked=encode_chunked)
  File "/lustre/fshomisc/sup/pub/miniforge/24.11.3/envs/nemo-2.4.0+py3.12.10/lib/python3.12/http/client.py", line 1093, in _send_output
    self.send(msg)
  File "/lustre/fshomisc/sup/pub/miniforge/24.11.3/envs/nemo-2.4.0+py3.12.10/lib/python3.12/http/client.py", line 1037, in send
    self._send_output(message_body, encode_chunked=encode_chunked)
  File "/lustre/fshomisc/sup/pub/miniforge/24.11.3/envs/nemo-2.4.0+py3.12.10/lib/python3.12/http/client.py", line 1093, in _send_output
    self.connect()
  File "/lustre/fshomisc/sup/pub/miniforge/24.11.3/envs/nemo-2.4.0+py3.12.10/lib/python3.12/http/client.py", line 1472, in connect
    self.send(msg)
  File "/lustre/fshomisc/sup/pub/miniforge/24.11.3/envs/nemo-2.4.0+py3.12.10/lib/python3.12/http/client.py", line 1037, in send
    super().connect()
  File "/lustre/fshomisc/sup/pub/miniforge/24.11.3/envs/nemo-2.4.0+py3.12.10/lib/python3.12/http/client.py", line 1003, in connect
    self.connect()
  File "/lustre/fshomisc/sup/pub/miniforge/24.11.3/envs/nemo-2.4.0+py3.12.10/lib/python3.12/http/client.py", line 1472, in connect
    self.sock = self._create_connection(
                ^^^^^^^^^^^^^^^^^^^^^^^^
  File "/lustre/fshomisc/sup/pub/miniforge/24.11.3/envs/nemo-2.4.0+py3.12.10/lib/python3.12/socket.py", line 865, in create_connection
    super().connect()
  File "/lustre/fshomisc/sup/pub/miniforge/24.11.3/envs/nemo-2.4.0+py3.12.10/lib/python3.12/http/client.py", line 1003, in connect
    self.sock = self._create_connection(
                ^^^^^^^^^^^^^^^^^^^^^^^^
  File "/lustre/fshomisc/sup/pub/miniforge/24.11.3/envs/nemo-2.4.0+py3.12.10/lib/python3.12/socket.py", line 865, in create_connection
    raise exceptions[0]
  File "/lustre/fshomisc/sup/pub/miniforge/24.11.3/envs/nemo-2.4.0+py3.12.10/lib/python3.12/socket.py", line 850, in create_connection
    raise exceptions[0]
  File "/lustre/fshomisc/sup/pub/miniforge/24.11.3/envs/nemo-2.4.0+py3.12.10/lib/python3.12/socket.py", line 850, in create_connection
    sock.connect(sa)
OSError: [Errno 101] Network is unreachable

During handling of the above exception, another exception occurred:

Traceback (most recent call last):
  File "/lustre/fswork/projects/idris/sos/ssos040/Bench_InstructFT_Tulu3/InstructFT/nemo_test.py", line 11, in <module>
    sock.connect(sa)
OSError: [Errno 101] Network is unreachable

During handling of the above exception, another exception occurred:

Traceback (most recent call last):
  File "/lustre/fswork/projects/idris/sos/ssos040/Bench_InstructFT_Tulu3/InstructFT/nemo_test.py", line 11, in <module>
    data = llm.MockDataModule(seq_length=seq_length, global_batch_size=global_batch_size)
           ^^^^^^^^^^^^^^^^^^^^^^^^^^^^^^^^^^^^^^^^^^^^^^^^^^^^^^^^^^^^^^^^^^^^^^^^^^^^^^
  File "/lustre/fshomisc/sup/pub/miniforge/24.11.3/envs/nemo-2.4.0+py3.12.10/lib/python3.12/site-packages/nemo/collections/llm/gpt/data/mock.py", line 86, in __init__
    data = llm.MockDataModule(seq_length=seq_length, global_batch_size=global_batch_size)
    self.tokenizer = get_nmt_tokenizer(
                     ^^^^^^^^^^^^^^^^^^
  File "/lustre/fshomisc/sup/pub/miniforge/24.11.3/envs/nemo-2.4.0+py3.12.10/lib/python3.12/site-packages/nemo/collections/nlp/modules/common/tokenizer_utils.py", line 261, in get_nmt_tokenizer
           ^^^^^^^^^^^^^^^^^^^^^^^^^^^^^^^^^^^^^^^^^^^^^^^^^^^^^^^^^^^^^^^^^^^^^^^^^^^^^^
  File "/lustre/fshomisc/sup/pub/miniforge/24.11.3/envs/nemo-2.4.0+py3.12.10/lib/python3.12/site-packages/nemo/collections/llm/gpt/data/mock.py", line 86, in __init__
    self.tokenizer = get_nmt_tokenizer(
    return get_tokenizer(
                     ^^^^^^^^^^^^^^^^^^
  File "/lustre/fshomisc/sup/pub/miniforge/24.11.3/envs/nemo-2.4.0+py3.12.10/lib/python3.12/site-packages/nemo/collections/nlp/modules/common/tokenizer_utils.py", line 261, in get_nmt_tokenizer
           ^^^^^^^^^^^^^^
  File "/lustre/fshomisc/sup/pub/miniforge/24.11.3/envs/nemo-2.4.0+py3.12.10/lib/python3.12/site-packages/nemo/collections/nlp/modules/common/tokenizer_utils.py", line 113, in get_tokenizer
    return get_tokenizer(
           ^^^^^^^^^^^^^^
  File "/lustre/fshomisc/sup/pub/miniforge/24.11.3/envs/nemo-2.4.0+py3.12.10/lib/python3.12/site-packages/nemo/collections/nlp/modules/common/tokenizer_utils.py", line 113, in get_tokenizer
    vocab_file = get_megatron_vocab_file(tokenizer_name)
                 ^^^^^^^^^^^^^^^^^^^^^^^^^^^^^^^^^^^^^^^
  File "/lustre/fshomisc/sup/pub/miniforge/24.11.3/envs/nemo-2.4.0+py3.12.10/lib/python3.12/site-packages/nemo/collections/nlp/modules/common/megatron/megatron_utils.py", line 172, in get_megatron_vocab_file
    vocab_file = get_megatron_vocab_file(tokenizer_name)
                 ^^^^^^^^^^^^^^^^^^^^^^^^^^^^^^^^^^^^^^^
  File "/lustre/fshomisc/sup/pub/miniforge/24.11.3/envs/nemo-2.4.0+py3.12.10/lib/python3.12/site-packages/nemo/collections/nlp/modules/common/megatron/megatron_utils.py", line 172, in get_megatron_vocab_file
    path = _download(path, url)
           ^^^^^^^^^^^^^^^^^^^^
  File "/lustre/fshomisc/sup/pub/miniforge/24.11.3/envs/nemo-2.4.0+py3.12.10/lib/python3.12/site-packages/nemo/collections/nlp/modules/common/megatron/megatron_utils.py", line 226, in _download
    path = _download(path, url)
           ^^^^^^^^^^^^^^^^^^^^
  File "/lustre/fshomisc/sup/pub/miniforge/24.11.3/envs/nemo-2.4.0+py3.12.10/lib/python3.12/site-packages/nemo/collections/nlp/modules/common/megatron/megatron_utils.py", line 226, in _download
    downloaded_path = wget.download(url)
                      ^^^^^^^^^^^^^^^^^^
  File "/lustre/fshomisc/sup/pub/miniforge/24.11.3/envs/nemo-2.4.0+py3.12.10/lib/python3.12/site-packages/wget.py", line 526, in download
    downloaded_path = wget.download(url)
                      ^^^^^^^^^^^^^^^^^^
  File "/lustre/fshomisc/sup/pub/miniforge/24.11.3/envs/nemo-2.4.0+py3.12.10/lib/python3.12/site-packages/wget.py", line 526, in download
    (tmpfile, headers) = ulib.urlretrieve(binurl, tmpfile, callback)
                         ^^^^^^^^^^^^^^^^^^^^^^^^^^^^^^^^^^^^^^^^^^^
  File "/lustre/fshomisc/sup/pub/miniforge/24.11.3/envs/nemo-2.4.0+py3.12.10/lib/python3.12/urllib/request.py", line 240, in urlretrieve
    (tmpfile, headers) = ulib.urlretrieve(binurl, tmpfile, callback)
                         ^^^^^^^^^^^^^^^^^^^^^^^^^^^^^^^^^^^^^^^^^^^
  File "/lustre/fshomisc/sup/pub/miniforge/24.11.3/envs/nemo-2.4.0+py3.12.10/lib/python3.12/urllib/request.py", line 240, in urlretrieve
    with contextlib.closing(urlopen(url, data)) as fp:
                            ^^^^^^^^^^^^^^^^^^
  File "/lustre/fshomisc/sup/pub/miniforge/24.11.3/envs/nemo-2.4.0+py3.12.10/lib/python3.12/urllib/request.py", line 215, in urlopen
    with contextlib.closing(urlopen(url, data)) as fp:
                            ^^^^^^^^^^^^^^^^^^
  File "/lustre/fshomisc/sup/pub/miniforge/24.11.3/envs/nemo-2.4.0+py3.12.10/lib/python3.12/urllib/request.py", line 215, in urlopen
    return opener.open(url, data, timeout)
           ^^^^^^^^^^^^^^^^^^^^^^^^^^^^^^^
  File "/lustre/fshomisc/sup/pub/miniforge/24.11.3/envs/nemo-2.4.0+py3.12.10/lib/python3.12/urllib/request.py", line 515, in open
    return opener.open(url, data, timeout)
           ^^^^^^^^^^^^^^^^^^^^^^^^^^^^^^^
  File "/lustre/fshomisc/sup/pub/miniforge/24.11.3/envs/nemo-2.4.0+py3.12.10/lib/python3.12/urllib/request.py", line 515, in open
    response = self._open(req, data)
Traceback (most recent call last):
  File "/lustre/fshomisc/sup/pub/miniforge/24.11.3/envs/nemo-2.4.0+py3.12.10/lib/python3.12/urllib/request.py", line 1344, in do_open
               ^^^^^^^^^^^^^^^^^^^^^
  File "/lustre/fshomisc/sup/pub/miniforge/24.11.3/envs/nemo-2.4.0+py3.12.10/lib/python3.12/urllib/request.py", line 532, in _open
    response = self._open(req, data)
               ^^^^^^^^^^^^^^^^^^^^^
  File "/lustre/fshomisc/sup/pub/miniforge/24.11.3/envs/nemo-2.4.0+py3.12.10/lib/python3.12/urllib/request.py", line 532, in _open
    result = self._call_chain(self.handle_open, protocol, protocol +
             ^^^^^^^^^^^^^^^^^^^^^^^^^^^^^^^^^^^^^^^^^^^^^^^^^^^^^^^
  File "/lustre/fshomisc/sup/pub/miniforge/24.11.3/envs/nemo-2.4.0+py3.12.10/lib/python3.12/urllib/request.py", line 492, in _call_chain
    h.request(req.get_method(), req.selector, req.data, headers,
  File "/lustre/fshomisc/sup/pub/miniforge/24.11.3/envs/nemo-2.4.0+py3.12.10/lib/python3.12/http/client.py", line 1338, in request
    result = func(*args)
             ^^^^^^^^^^^
  File "/lustre/fshomisc/sup/pub/miniforge/24.11.3/envs/nemo-2.4.0+py3.12.10/lib/python3.12/urllib/request.py", line 1392, in https_open
    result = self._call_chain(self.handle_open, protocol, protocol +
             ^^^^^^^^^^^^^^^^^^^^^^^^^^^^^^^^^^^^^^^^^^^^^^^^^^^^^^^
  File "/lustre/fshomisc/sup/pub/miniforge/24.11.3/envs/nemo-2.4.0+py3.12.10/lib/python3.12/urllib/request.py", line 492, in _call_chain
    return self.do_open(http.client.HTTPSConnection, req,
    self._send_request(method, url, body, headers, encode_chunked)
           ^^^^^^^^^^^^^^^^^^^^^^^^^^^^^^^^^^^^^^^^^^^^^^
  File "/lustre/fshomisc/sup/pub/miniforge/24.11.3/envs/nemo-2.4.0+py3.12.10/lib/python3.12/urllib/request.py", line 1347, in do_open
    result = func(*args)
  File "/lustre/fshomisc/sup/pub/miniforge/24.11.3/envs/nemo-2.4.0+py3.12.10/lib/python3.12/http/client.py", line 1384, in _send_request
             ^^^^^^^^^^^
  File "/lustre/fshomisc/sup/pub/miniforge/24.11.3/envs/nemo-2.4.0+py3.12.10/lib/python3.12/urllib/request.py", line 1392, in https_open
    raise URLError(err)
urllib.error.URLError: <urlopen error [Errno 101] Network is unreachable>
    return self.do_open(http.client.HTTPSConnection, req,
           ^^^^^^^^^^^^^^^^^^^^^^^^^^^^^^^^^^^^^^^^^^^^^^
  File "/lustre/fshomisc/sup/pub/miniforge/24.11.3/envs/nemo-2.4.0+py3.12.10/lib/python3.12/urllib/request.py", line 1347, in do_open
    self.endheaders(body, encode_chunked=encode_chunked)
  File "/lustre/fshomisc/sup/pub/miniforge/24.11.3/envs/nemo-2.4.0+py3.12.10/lib/python3.12/http/client.py", line 1333, in endheaders
    raise URLError(err)
urllib.error.URLError: <urlopen error [Errno 101] Network is unreachable>
    self._send_output(message_body, encode_chunked=encode_chunked)
  File "/lustre/fshomisc/sup/pub/miniforge/24.11.3/envs/nemo-2.4.0+py3.12.10/lib/python3.12/http/client.py", line 1093, in _send_output
    self.send(msg)
  File "/lustre/fshomisc/sup/pub/miniforge/24.11.3/envs/nemo-2.4.0+py3.12.10/lib/python3.12/http/client.py", line 1037, in send
    self.connect()
  File "/lustre/fshomisc/sup/pub/miniforge/24.11.3/envs/nemo-2.4.0+py3.12.10/lib/python3.12/http/client.py", line 1472, in connect
    super().connect()
  File "/lustre/fshomisc/sup/pub/miniforge/24.11.3/envs/nemo-2.4.0+py3.12.10/lib/python3.12/http/client.py", line 1003, in connect
    self.sock = self._create_connection(
                ^^^^^^^^^^^^^^^^^^^^^^^^
  File "/lustre/fshomisc/sup/pub/miniforge/24.11.3/envs/nemo-2.4.0+py3.12.10/lib/python3.12/socket.py", line 865, in create_connection
    raise exceptions[0]
  File "/lustre/fshomisc/sup/pub/miniforge/24.11.3/envs/nemo-2.4.0+py3.12.10/lib/python3.12/socket.py", line 850, in create_connection
    sock.connect(sa)
OSError: [Errno 101] Network is unreachable

During handling of the above exception, another exception occurred:

Traceback (most recent call last):
  File "/lustre/fswork/projects/idris/sos/ssos040/Bench_InstructFT_Tulu3/InstructFT/nemo_test.py", line 11, in <module>
Traceback (most recent call last):
  File "/lustre/fshomisc/sup/pub/miniforge/24.11.3/envs/nemo-2.4.0+py3.12.10/lib/python3.12/urllib/request.py", line 1344, in do_open
    data = llm.MockDataModule(seq_length=seq_length, global_batch_size=global_batch_size)
           ^^^^^^^^^^^^^^^^^^^^^^^^^^^^^^^^^^^^^^^^^^^^^^^^^^^^^^^^^^^^^^^^^^^^^^^^^^^^^^
  File "/lustre/fshomisc/sup/pub/miniforge/24.11.3/envs/nemo-2.4.0+py3.12.10/lib/python3.12/site-packages/nemo/collections/llm/gpt/data/mock.py", line 86, in __init__
    h.request(req.get_method(), req.selector, req.data, headers,
  File "/lustre/fshomisc/sup/pub/miniforge/24.11.3/envs/nemo-2.4.0+py3.12.10/lib/python3.12/http/client.py", line 1338, in request
    self.tokenizer = get_nmt_tokenizer(
                     ^^^^^^^^^^^^^^^^^^
  File "/lustre/fshomisc/sup/pub/miniforge/24.11.3/envs/nemo-2.4.0+py3.12.10/lib/python3.12/site-packages/nemo/collections/nlp/modules/common/tokenizer_utils.py", line 261, in get_nmt_tokenizer
    self._send_request(method, url, body, headers, encode_chunked)
    return get_tokenizer(
  File "/lustre/fshomisc/sup/pub/miniforge/24.11.3/envs/nemo-2.4.0+py3.12.10/lib/python3.12/http/client.py", line 1384, in _send_request
           ^^^^^^^^^^^^^^
  File "/lustre/fshomisc/sup/pub/miniforge/24.11.3/envs/nemo-2.4.0+py3.12.10/lib/python3.12/site-packages/nemo/collections/nlp/modules/common/tokenizer_utils.py", line 113, in get_tokenizer
    vocab_file = get_megatron_vocab_file(tokenizer_name)
                 ^^^^^^^^^^^^^^^^^^^^^^^^^^^^^^^^^^^^^^^
  File "/lustre/fshomisc/sup/pub/miniforge/24.11.3/envs/nemo-2.4.0+py3.12.10/lib/python3.12/site-packages/nemo/collections/nlp/modules/common/megatron/megatron_utils.py", line 172, in get_megatron_vocab_file
    self.endheaders(body, encode_chunked=encode_chunked)
  File "/lustre/fshomisc/sup/pub/miniforge/24.11.3/envs/nemo-2.4.0+py3.12.10/lib/python3.12/http/client.py", line 1333, in endheaders
    path = _download(path, url)
           ^^^^^^^^^^^^^^^^^^^^
  File "/lustre/fshomisc/sup/pub/miniforge/24.11.3/envs/nemo-2.4.0+py3.12.10/lib/python3.12/site-packages/nemo/collections/nlp/modules/common/megatron/megatron_utils.py", line 226, in _download
    self._send_output(message_body, encode_chunked=encode_chunked)
  File "/lustre/fshomisc/sup/pub/miniforge/24.11.3/envs/nemo-2.4.0+py3.12.10/lib/python3.12/http/client.py", line 1093, in _send_output
    downloaded_path = wget.download(url)
                      ^^^^^^^^^^^^^^^^^^
  File "/lustre/fshomisc/sup/pub/miniforge/24.11.3/envs/nemo-2.4.0+py3.12.10/lib/python3.12/site-packages/wget.py", line 526, in download
    self.send(msg)
  File "/lustre/fshomisc/sup/pub/miniforge/24.11.3/envs/nemo-2.4.0+py3.12.10/lib/python3.12/http/client.py", line 1037, in send
    (tmpfile, headers) = ulib.urlretrieve(binurl, tmpfile, callback)
                         ^^^^^^^^^^^^^^^^^^^^^^^^^^^^^^^^^^^^^^^^^^^
  File "/lustre/fshomisc/sup/pub/miniforge/24.11.3/envs/nemo-2.4.0+py3.12.10/lib/python3.12/urllib/request.py", line 240, in urlretrieve
    self.connect()
  File "/lustre/fshomisc/sup/pub/miniforge/24.11.3/envs/nemo-2.4.0+py3.12.10/lib/python3.12/http/client.py", line 1472, in connect
    with contextlib.closing(urlopen(url, data)) as fp:
                            ^^^^^^^^^^^^^^^^^^
  File "/lustre/fshomisc/sup/pub/miniforge/24.11.3/envs/nemo-2.4.0+py3.12.10/lib/python3.12/urllib/request.py", line 215, in urlopen
    super().connect()
  File "/lustre/fshomisc/sup/pub/miniforge/24.11.3/envs/nemo-2.4.0+py3.12.10/lib/python3.12/http/client.py", line 1003, in connect
    return opener.open(url, data, timeout)
           ^^^^^^^^^^^^^^^^^^^^^^^^^^^^^^^
  File "/lustre/fshomisc/sup/pub/miniforge/24.11.3/envs/nemo-2.4.0+py3.12.10/lib/python3.12/urllib/request.py", line 515, in open
    self.sock = self._create_connection(
                ^^^^^^^^^^^^^^^^^^^^^^^^
  File "/lustre/fshomisc/sup/pub/miniforge/24.11.3/envs/nemo-2.4.0+py3.12.10/lib/python3.12/socket.py", line 865, in create_connection
    response = self._open(req, data)
               ^^^^^^^^^^^^^^^^^^^^^
  File "/lustre/fshomisc/sup/pub/miniforge/24.11.3/envs/nemo-2.4.0+py3.12.10/lib/python3.12/urllib/request.py", line 532, in _open
    raise exceptions[0]
  File "/lustre/fshomisc/sup/pub/miniforge/24.11.3/envs/nemo-2.4.0+py3.12.10/lib/python3.12/socket.py", line 850, in create_connection
    result = self._call_chain(self.handle_open, protocol, protocol +
             ^^^^^^^^^^^^^^^^^^^^^^^^^^^^^^^^^^^^^^^^^^^^^^^^^^^^^^^
  File "/lustre/fshomisc/sup/pub/miniforge/24.11.3/envs/nemo-2.4.0+py3.12.10/lib/python3.12/urllib/request.py", line 492, in _call_chain
    sock.connect(sa)
OSError: [Errno 101] Network is unreachable

During handling of the above exception, another exception occurred:

Traceback (most recent call last):
  File "/lustre/fswork/projects/idris/sos/ssos040/Bench_InstructFT_Tulu3/InstructFT/nemo_test.py", line 11, in <module>
    result = func(*args)
             ^^^^^^^^^^^
  File "/lustre/fshomisc/sup/pub/miniforge/24.11.3/envs/nemo-2.4.0+py3.12.10/lib/python3.12/urllib/request.py", line 1392, in https_open
    return self.do_open(http.client.HTTPSConnection, req,
           ^^^^^^^^^^^^^^^^^^^^^^^^^^^^^^^^^^^^^^^^^^^^^^
  File "/lustre/fshomisc/sup/pub/miniforge/24.11.3/envs/nemo-2.4.0+py3.12.10/lib/python3.12/urllib/request.py", line 1347, in do_open
    raise URLError(err)
urllib.error.URLError: <urlopen error [Errno 101] Network is unreachable>
    data = llm.MockDataModule(seq_length=seq_length, global_batch_size=global_batch_size)
           ^^^^^^^^^^^^^^^^^^^^^^^^^^^^^^^^^^^^^^^^^^^^^^^^^^^^^^^^^^^^^^^^^^^^^^^^^^^^^^
  File "/lustre/fshomisc/sup/pub/miniforge/24.11.3/envs/nemo-2.4.0+py3.12.10/lib/python3.12/site-packages/nemo/collections/llm/gpt/data/mock.py", line 86, in __init__
    self.tokenizer = get_nmt_tokenizer(
                     ^^^^^^^^^^^^^^^^^^
  File "/lustre/fshomisc/sup/pub/miniforge/24.11.3/envs/nemo-2.4.0+py3.12.10/lib/python3.12/site-packages/nemo/collections/nlp/modules/common/tokenizer_utils.py", line 261, in get_nmt_tokenizer
    return get_tokenizer(
           ^^^^^^^^^^^^^^
  File "/lustre/fshomisc/sup/pub/miniforge/24.11.3/envs/nemo-2.4.0+py3.12.10/lib/python3.12/site-packages/nemo/collections/nlp/modules/common/tokenizer_utils.py", line 113, in get_tokenizer
    vocab_file = get_megatron_vocab_file(tokenizer_name)
                 ^^^^^^^^^^^^^^^^^^^^^^^^^^^^^^^^^^^^^^^
  File "/lustre/fshomisc/sup/pub/miniforge/24.11.3/envs/nemo-2.4.0+py3.12.10/lib/python3.12/site-packages/nemo/collections/nlp/modules/common/megatron/megatron_utils.py", line 172, in get_megatron_vocab_file
    path = _download(path, url)
           ^^^^^^^^^^^^^^^^^^^^
  File "/lustre/fshomisc/sup/pub/miniforge/24.11.3/envs/nemo-2.4.0+py3.12.10/lib/python3.12/site-packages/nemo/collections/nlp/modules/common/megatron/megatron_utils.py", line 226, in _download
    downloaded_path = wget.download(url)
                      ^^^^^^^^^^^^^^^^^^
  File "/lustre/fshomisc/sup/pub/miniforge/24.11.3/envs/nemo-2.4.0+py3.12.10/lib/python3.12/site-packages/wget.py", line 526, in download
    (tmpfile, headers) = ulib.urlretrieve(binurl, tmpfile, callback)
                         ^^^^^^^^^^^^^^^^^^^^^^^^^^^^^^^^^^^^^^^^^^^
  File "/lustre/fshomisc/sup/pub/miniforge/24.11.3/envs/nemo-2.4.0+py3.12.10/lib/python3.12/urllib/request.py", line 240, in urlretrieve
    with contextlib.closing(urlopen(url, data)) as fp:
                            ^^^^^^^^^^^^^^^^^^
  File "/lustre/fshomisc/sup/pub/miniforge/24.11.3/envs/nemo-2.4.0+py3.12.10/lib/python3.12/urllib/request.py", line 215, in urlopen
    return opener.open(url, data, timeout)
           ^^^^^^^^^^^^^^^^^^^^^^^^^^^^^^^
  File "/lustre/fshomisc/sup/pub/miniforge/24.11.3/envs/nemo-2.4.0+py3.12.10/lib/python3.12/urllib/request.py", line 515, in open
    response = self._open(req, data)
               ^^^^^^^^^^^^^^^^^^^^^
  File "/lustre/fshomisc/sup/pub/miniforge/24.11.3/envs/nemo-2.4.0+py3.12.10/lib/python3.12/urllib/request.py", line 532, in _open
    result = self._call_chain(self.handle_open, protocol, protocol +
             ^^^^^^^^^^^^^^^^^^^^^^^^^^^^^^^^^^^^^^^^^^^^^^^^^^^^^^^
  File "/lustre/fshomisc/sup/pub/miniforge/24.11.3/envs/nemo-2.4.0+py3.12.10/lib/python3.12/urllib/request.py", line 492, in _call_chain
    result = func(*args)
             ^^^^^^^^^^^
  File "/lustre/fshomisc/sup/pub/miniforge/24.11.3/envs/nemo-2.4.0+py3.12.10/lib/python3.12/urllib/request.py", line 1392, in https_open
    return self.do_open(http.client.HTTPSConnection, req,
           ^^^^^^^^^^^^^^^^^^^^^^^^^^^^^^^^^^^^^^^^^^^^^^
  File "/lustre/fshomisc/sup/pub/miniforge/24.11.3/envs/nemo-2.4.0+py3.12.10/lib/python3.12/urllib/request.py", line 1347, in do_open
    raise URLError(err)
urllib.error.URLError: <urlopen error [Errno 101] Network is unreachable>
Traceback (most recent call last):
  File "/lustre/fshomisc/sup/pub/miniforge/24.11.3/envs/nemo-2.4.0+py3.12.10/lib/python3.12/urllib/request.py", line 1344, in do_open
    h.request(req.get_method(), req.selector, req.data, headers,
  File "/lustre/fshomisc/sup/pub/miniforge/24.11.3/envs/nemo-2.4.0+py3.12.10/lib/python3.12/http/client.py", line 1338, in request
Traceback (most recent call last):
  File "/lustre/fshomisc/sup/pub/miniforge/24.11.3/envs/nemo-2.4.0+py3.12.10/lib/python3.12/urllib/request.py", line 1344, in do_open
    self._send_request(method, url, body, headers, encode_chunked)
  File "/lustre/fshomisc/sup/pub/miniforge/24.11.3/envs/nemo-2.4.0+py3.12.10/lib/python3.12/http/client.py", line 1384, in _send_request
    h.request(req.get_method(), req.selector, req.data, headers,
  File "/lustre/fshomisc/sup/pub/miniforge/24.11.3/envs/nemo-2.4.0+py3.12.10/lib/python3.12/http/client.py", line 1338, in request
    self.endheaders(body, encode_chunked=encode_chunked)
  File "/lustre/fshomisc/sup/pub/miniforge/24.11.3/envs/nemo-2.4.0+py3.12.10/lib/python3.12/http/client.py", line 1333, in endheaders
    self._send_request(method, url, body, headers, encode_chunked)
  File "/lustre/fshomisc/sup/pub/miniforge/24.11.3/envs/nemo-2.4.0+py3.12.10/lib/python3.12/http/client.py", line 1384, in _send_request
    self._send_output(message_body, encode_chunked=encode_chunked)
  File "/lustre/fshomisc/sup/pub/miniforge/24.11.3/envs/nemo-2.4.0+py3.12.10/lib/python3.12/http/client.py", line 1093, in _send_output
    self.endheaders(body, encode_chunked=encode_chunked)
  File "/lustre/fshomisc/sup/pub/miniforge/24.11.3/envs/nemo-2.4.0+py3.12.10/lib/python3.12/http/client.py", line 1333, in endheaders
    self.send(msg)
  File "/lustre/fshomisc/sup/pub/miniforge/24.11.3/envs/nemo-2.4.0+py3.12.10/lib/python3.12/http/client.py", line 1037, in send
    self._send_output(message_body, encode_chunked=encode_chunked)
  File "/lustre/fshomisc/sup/pub/miniforge/24.11.3/envs/nemo-2.4.0+py3.12.10/lib/python3.12/http/client.py", line 1093, in _send_output
    self.connect()
  File "/lustre/fshomisc/sup/pub/miniforge/24.11.3/envs/nemo-2.4.0+py3.12.10/lib/python3.12/http/client.py", line 1472, in connect
    self.send(msg)
  File "/lustre/fshomisc/sup/pub/miniforge/24.11.3/envs/nemo-2.4.0+py3.12.10/lib/python3.12/http/client.py", line 1037, in send
    super().connect()
  File "/lustre/fshomisc/sup/pub/miniforge/24.11.3/envs/nemo-2.4.0+py3.12.10/lib/python3.12/http/client.py", line 1003, in connect
    self.connect()
  File "/lustre/fshomisc/sup/pub/miniforge/24.11.3/envs/nemo-2.4.0+py3.12.10/lib/python3.12/http/client.py", line 1472, in connect
    self.sock = self._create_connection(
                ^^^^^^^^^^^^^^^^^^^^^^^^
  File "/lustre/fshomisc/sup/pub/miniforge/24.11.3/envs/nemo-2.4.0+py3.12.10/lib/python3.12/socket.py", line 865, in create_connection
    super().connect()
  File "/lustre/fshomisc/sup/pub/miniforge/24.11.3/envs/nemo-2.4.0+py3.12.10/lib/python3.12/http/client.py", line 1003, in connect
Traceback (most recent call last):
  File "/lustre/fshomisc/sup/pub/miniforge/24.11.3/envs/nemo-2.4.0+py3.12.10/lib/python3.12/urllib/request.py", line 1344, in do_open
    self.sock = self._create_connection(
                ^^^^^^^^^^^^^^^^^^^^^^^^
  File "/lustre/fshomisc/sup/pub/miniforge/24.11.3/envs/nemo-2.4.0+py3.12.10/lib/python3.12/socket.py", line 865, in create_connection
    h.request(req.get_method(), req.selector, req.data, headers,
  File "/lustre/fshomisc/sup/pub/miniforge/24.11.3/envs/nemo-2.4.0+py3.12.10/lib/python3.12/http/client.py", line 1338, in request
    raise exceptions[0]
  File "/lustre/fshomisc/sup/pub/miniforge/24.11.3/envs/nemo-2.4.0+py3.12.10/lib/python3.12/socket.py", line 850, in create_connection
    self._send_request(method, url, body, headers, encode_chunked)
    raise exceptions[0]
  File "/lustre/fshomisc/sup/pub/miniforge/24.11.3/envs/nemo-2.4.0+py3.12.10/lib/python3.12/socket.py", line 850, in create_connection
  File "/lustre/fshomisc/sup/pub/miniforge/24.11.3/envs/nemo-2.4.0+py3.12.10/lib/python3.12/http/client.py", line 1384, in _send_request
    sock.connect(sa)
OSError: [Errno 101] Network is unreachable

During handling of the above exception, another exception occurred:

Traceback (most recent call last):
  File "/lustre/fswork/projects/idris/sos/ssos040/Bench_InstructFT_Tulu3/InstructFT/nemo_test.py", line 11, in <module>
    sock.connect(sa)
OSError: [Errno 101] Network is unreachable

During handling of the above exception, another exception occurred:

Traceback (most recent call last):
  File "/lustre/fswork/projects/idris/sos/ssos040/Bench_InstructFT_Tulu3/InstructFT/nemo_test.py", line 11, in <module>
    self.endheaders(body, encode_chunked=encode_chunked)
  File "/lustre/fshomisc/sup/pub/miniforge/24.11.3/envs/nemo-2.4.0+py3.12.10/lib/python3.12/http/client.py", line 1333, in endheaders
    self._send_output(message_body, encode_chunked=encode_chunked)
  File "/lustre/fshomisc/sup/pub/miniforge/24.11.3/envs/nemo-2.4.0+py3.12.10/lib/python3.12/http/client.py", line 1093, in _send_output
    self.send(msg)
  File "/lustre/fshomisc/sup/pub/miniforge/24.11.3/envs/nemo-2.4.0+py3.12.10/lib/python3.12/http/client.py", line 1037, in send
    self.connect()
  File "/lustre/fshomisc/sup/pub/miniforge/24.11.3/envs/nemo-2.4.0+py3.12.10/lib/python3.12/http/client.py", line 1472, in connect
    data = llm.MockDataModule(seq_length=seq_length, global_batch_size=global_batch_size)
           ^^^^^^^^^^^^^^^^^^^^^^^^^^^^^^^^^^^^^^^^^^^^^^^^^^^^^^^^^^^^^^^^^^^^^^^^^^^^^^
  File "/lustre/fshomisc/sup/pub/miniforge/24.11.3/envs/nemo-2.4.0+py3.12.10/lib/python3.12/site-packages/nemo/collections/llm/gpt/data/mock.py", line 86, in __init__
    super().connect()
  File "/lustre/fshomisc/sup/pub/miniforge/24.11.3/envs/nemo-2.4.0+py3.12.10/lib/python3.12/http/client.py", line 1003, in connect
    data = llm.MockDataModule(seq_length=seq_length, global_batch_size=global_batch_size)
    self.tokenizer = get_nmt_tokenizer(
           ^^^^^^^^^^^^^^^^^^^^^^^^^^^^^^^^^^^^^^^^^^^^^^^^^^^^^^^^^^^^^^^^^^^^^^^^^^^^^^
  File "/lustre/fshomisc/sup/pub/miniforge/24.11.3/envs/nemo-2.4.0+py3.12.10/lib/python3.12/site-packages/nemo/collections/llm/gpt/data/mock.py", line 86, in __init__
                     ^^^^^^^^^^^^^^^^^^
  File "/lustre/fshomisc/sup/pub/miniforge/24.11.3/envs/nemo-2.4.0+py3.12.10/lib/python3.12/site-packages/nemo/collections/nlp/modules/common/tokenizer_utils.py", line 261, in get_nmt_tokenizer
    self.sock = self._create_connection(
    self.tokenizer = get_nmt_tokenizer(
                ^^^^^^^^^^^^^^^^^^^^^^^^
  File "/lustre/fshomisc/sup/pub/miniforge/24.11.3/envs/nemo-2.4.0+py3.12.10/lib/python3.12/socket.py", line 865, in create_connection
                     ^^^^^^^^^^^^^^^^^^
  File "/lustre/fshomisc/sup/pub/miniforge/24.11.3/envs/nemo-2.4.0+py3.12.10/lib/python3.12/site-packages/nemo/collections/nlp/modules/common/tokenizer_utils.py", line 261, in get_nmt_tokenizer
    return get_tokenizer(
           ^^^^^^^^^^^^^^
  File "/lustre/fshomisc/sup/pub/miniforge/24.11.3/envs/nemo-2.4.0+py3.12.10/lib/python3.12/site-packages/nemo/collections/nlp/modules/common/tokenizer_utils.py", line 113, in get_tokenizer
    vocab_file = get_megatron_vocab_file(tokenizer_name)
    raise exceptions[0]
  File "/lustre/fshomisc/sup/pub/miniforge/24.11.3/envs/nemo-2.4.0+py3.12.10/lib/python3.12/socket.py", line 850, in create_connection
                 ^^^^^^^^^^^^^^^^^^^^^^^^^^^^^^^^^^^^^^^
  File "/lustre/fshomisc/sup/pub/miniforge/24.11.3/envs/nemo-2.4.0+py3.12.10/lib/python3.12/site-packages/nemo/collections/nlp/modules/common/megatron/megatron_utils.py", line 172, in get_megatron_vocab_file
    return get_tokenizer(
           ^^^^^^^^^^^^^^
  File "/lustre/fshomisc/sup/pub/miniforge/24.11.3/envs/nemo-2.4.0+py3.12.10/lib/python3.12/site-packages/nemo/collections/nlp/modules/common/tokenizer_utils.py", line 113, in get_tokenizer
    path = _download(path, url)
           ^^^^^^^^^^^^^^^^^^^^
  File "/lustre/fshomisc/sup/pub/miniforge/24.11.3/envs/nemo-2.4.0+py3.12.10/lib/python3.12/site-packages/nemo/collections/nlp/modules/common/megatron/megatron_utils.py", line 226, in _download
    sock.connect(sa)
OSError: [Errno 101] Network is unreachable

During handling of the above exception, another exception occurred:

Traceback (most recent call last):
  File "/lustre/fswork/projects/idris/sos/ssos040/Bench_InstructFT_Tulu3/InstructFT/nemo_test.py", line 11, in <module>
    vocab_file = get_megatron_vocab_file(tokenizer_name)
                 ^^^^^^^^^^^^^^^^^^^^^^^^^^^^^^^^^^^^^^^
  File "/lustre/fshomisc/sup/pub/miniforge/24.11.3/envs/nemo-2.4.0+py3.12.10/lib/python3.12/site-packages/nemo/collections/nlp/modules/common/megatron/megatron_utils.py", line 172, in get_megatron_vocab_file
    downloaded_path = wget.download(url)
                      ^^^^^^^^^^^^^^^^^^
  File "/lustre/fshomisc/sup/pub/miniforge/24.11.3/envs/nemo-2.4.0+py3.12.10/lib/python3.12/site-packages/wget.py", line 526, in download
    path = _download(path, url)
           ^^^^^^^^^^^^^^^^^^^^
  File "/lustre/fshomisc/sup/pub/miniforge/24.11.3/envs/nemo-2.4.0+py3.12.10/lib/python3.12/site-packages/nemo/collections/nlp/modules/common/megatron/megatron_utils.py", line 226, in _download
    (tmpfile, headers) = ulib.urlretrieve(binurl, tmpfile, callback)
    downloaded_path = wget.download(url)
                      ^^^^^^^^^^^^^^^^^^
                         ^^^^^^^^^^^^^^^^^^^^^^^^^^^^^^^^^^^^^^^^^^^
  File "/lustre/fshomisc/sup/pub/miniforge/24.11.3/envs/nemo-2.4.0+py3.12.10/lib/python3.12/site-packages/wget.py", line 526, in download
  File "/lustre/fshomisc/sup/pub/miniforge/24.11.3/envs/nemo-2.4.0+py3.12.10/lib/python3.12/urllib/request.py", line 240, in urlretrieve
    (tmpfile, headers) = ulib.urlretrieve(binurl, tmpfile, callback)
    with contextlib.closing(urlopen(url, data)) as fp:
                         ^^^^^^^^^^^^^^^^^^^^^^^^^^^^^^^^^^^^^^^^^^^
  File "/lustre/fshomisc/sup/pub/miniforge/24.11.3/envs/nemo-2.4.0+py3.12.10/lib/python3.12/urllib/request.py", line 240, in urlretrieve
                            ^^^^^^^^^^^^^^^^^^
  File "/lustre/fshomisc/sup/pub/miniforge/24.11.3/envs/nemo-2.4.0+py3.12.10/lib/python3.12/urllib/request.py", line 215, in urlopen
    data = llm.MockDataModule(seq_length=seq_length, global_batch_size=global_batch_size)
    with contextlib.closing(urlopen(url, data)) as fp:
                            ^^^^^^^^^^^^^^^^^^
  File "/lustre/fshomisc/sup/pub/miniforge/24.11.3/envs/nemo-2.4.0+py3.12.10/lib/python3.12/urllib/request.py", line 215, in urlopen
           ^^^^^^^^^^^^^^^^^^^^^^^^^^^^^^^^^^^^^^^^^^^^^^^^^^^^^^^^^^^^^^^^^^^^^^^^^^^^^^
  File "/lustre/fshomisc/sup/pub/miniforge/24.11.3/envs/nemo-2.4.0+py3.12.10/lib/python3.12/site-packages/nemo/collections/llm/gpt/data/mock.py", line 86, in __init__
    return opener.open(url, data, timeout)
           ^^^^^^^^^^^^^^^^^^^^^^^^^^^^^^^
  File "/lustre/fshomisc/sup/pub/miniforge/24.11.3/envs/nemo-2.4.0+py3.12.10/lib/python3.12/urllib/request.py", line 515, in open
    return opener.open(url, data, timeout)
           ^^^^^^^^^^^^^^^^^^^^^^^^^^^^^^^
  File "/lustre/fshomisc/sup/pub/miniforge/24.11.3/envs/nemo-2.4.0+py3.12.10/lib/python3.12/urllib/request.py", line 515, in open
    self.tokenizer = get_nmt_tokenizer(
                     ^^^^^^^^^^^^^^^^^^
  File "/lustre/fshomisc/sup/pub/miniforge/24.11.3/envs/nemo-2.4.0+py3.12.10/lib/python3.12/site-packages/nemo/collections/nlp/modules/common/tokenizer_utils.py", line 261, in get_nmt_tokenizer
    response = self._open(req, data)
               ^^^^^^^^^^^^^^^^^^^^^
  File "/lustre/fshomisc/sup/pub/miniforge/24.11.3/envs/nemo-2.4.0+py3.12.10/lib/python3.12/urllib/request.py", line 532, in _open
    response = self._open(req, data)
               ^^^^^^^^^^^^^^^^^^^^^
  File "/lustre/fshomisc/sup/pub/miniforge/24.11.3/envs/nemo-2.4.0+py3.12.10/lib/python3.12/urllib/request.py", line 532, in _open
    result = self._call_chain(self.handle_open, protocol, protocol +
    return get_tokenizer(
             ^^^^^^^^^^^^^^^^^^^^^^^^^^^^^^^^^^^^^^^^^^^^^^^^^^^^^^^
  File "/lustre/fshomisc/sup/pub/miniforge/24.11.3/envs/nemo-2.4.0+py3.12.10/lib/python3.12/urllib/request.py", line 492, in _call_chain
           ^^^^^^^^^^^^^^
  File "/lustre/fshomisc/sup/pub/miniforge/24.11.3/envs/nemo-2.4.0+py3.12.10/lib/python3.12/site-packages/nemo/collections/nlp/modules/common/tokenizer_utils.py", line 113, in get_tokenizer
    result = func(*args)
             ^^^^^^^^^^^
  File "/lustre/fshomisc/sup/pub/miniforge/24.11.3/envs/nemo-2.4.0+py3.12.10/lib/python3.12/urllib/request.py", line 1392, in https_open
    result = self._call_chain(self.handle_open, protocol, protocol +
             ^^^^^^^^^^^^^^^^^^^^^^^^^^^^^^^^^^^^^^^^^^^^^^^^^^^^^^^
  File "/lustre/fshomisc/sup/pub/miniforge/24.11.3/envs/nemo-2.4.0+py3.12.10/lib/python3.12/urllib/request.py", line 492, in _call_chain
    vocab_file = get_megatron_vocab_file(tokenizer_name)
                 ^^^^^^^^^^^^^^^^^^^^^^^^^^^^^^^^^^^^^^^
  File "/lustre/fshomisc/sup/pub/miniforge/24.11.3/envs/nemo-2.4.0+py3.12.10/lib/python3.12/site-packages/nemo/collections/nlp/modules/common/megatron/megatron_utils.py", line 172, in get_megatron_vocab_file
    return self.do_open(http.client.HTTPSConnection, req,
           ^^^^^^^^^^^^^^^^^^^^^^^^^^^^^^^^^^^^^^^^^^^^^^
  File "/lustre/fshomisc/sup/pub/miniforge/24.11.3/envs/nemo-2.4.0+py3.12.10/lib/python3.12/urllib/request.py", line 1347, in do_open
    result = func(*args)
             ^^^^^^^^^^^
    path = _download(path, url)
  File "/lustre/fshomisc/sup/pub/miniforge/24.11.3/envs/nemo-2.4.0+py3.12.10/lib/python3.12/urllib/request.py", line 1392, in https_open
           ^^^^^^^^^^^^^^^^^^^^
  File "/lustre/fshomisc/sup/pub/miniforge/24.11.3/envs/nemo-2.4.0+py3.12.10/lib/python3.12/site-packages/nemo/collections/nlp/modules/common/megatron/megatron_utils.py", line 226, in _download
    raise URLError(err)
urllib.error.URLError: <urlopen error [Errno 101] Network is unreachable>
    downloaded_path = wget.download(url)
                      ^^^^^^^^^^^^^^^^^^
  File "/lustre/fshomisc/sup/pub/miniforge/24.11.3/envs/nemo-2.4.0+py3.12.10/lib/python3.12/site-packages/wget.py", line 526, in download
    return self.do_open(http.client.HTTPSConnection, req,
           ^^^^^^^^^^^^^^^^^^^^^^^^^^^^^^^^^^^^^^^^^^^^^^
  File "/lustre/fshomisc/sup/pub/miniforge/24.11.3/envs/nemo-2.4.0+py3.12.10/lib/python3.12/urllib/request.py", line 1347, in do_open
    (tmpfile, headers) = ulib.urlretrieve(binurl, tmpfile, callback)
                         ^^^^^^^^^^^^^^^^^^^^^^^^^^^^^^^^^^^^^^^^^^^
  File "/lustre/fshomisc/sup/pub/miniforge/24.11.3/envs/nemo-2.4.0+py3.12.10/lib/python3.12/urllib/request.py", line 240, in urlretrieve
    raise URLError(err)
urllib.error.URLError: <urlopen error [Errno 101] Network is unreachable>
    with contextlib.closing(urlopen(url, data)) as fp:
                            ^^^^^^^^^^^^^^^^^^
  File "/lustre/fshomisc/sup/pub/miniforge/24.11.3/envs/nemo-2.4.0+py3.12.10/lib/python3.12/urllib/request.py", line 215, in urlopen
    return opener.open(url, data, timeout)
           ^^^^^^^^^^^^^^^^^^^^^^^^^^^^^^^
  File "/lustre/fshomisc/sup/pub/miniforge/24.11.3/envs/nemo-2.4.0+py3.12.10/lib/python3.12/urllib/request.py", line 515, in open
    response = self._open(req, data)
               ^^^^^^^^^^^^^^^^^^^^^
  File "/lustre/fshomisc/sup/pub/miniforge/24.11.3/envs/nemo-2.4.0+py3.12.10/lib/python3.12/urllib/request.py", line 532, in _open
    result = self._call_chain(self.handle_open, protocol, protocol +
             ^^^^^^^^^^^^^^^^^^^^^^^^^^^^^^^^^^^^^^^^^^^^^^^^^^^^^^^
  File "/lustre/fshomisc/sup/pub/miniforge/24.11.3/envs/nemo-2.4.0+py3.12.10/lib/python3.12/urllib/request.py", line 492, in _call_chain
    result = func(*args)
             ^^^^^^^^^^^
  File "/lustre/fshomisc/sup/pub/miniforge/24.11.3/envs/nemo-2.4.0+py3.12.10/lib/python3.12/urllib/request.py", line 1392, in https_open
    return self.do_open(http.client.HTTPSConnection, req,
           ^^^^^^^^^^^^^^^^^^^^^^^^^^^^^^^^^^^^^^^^^^^^^^
  File "/lustre/fshomisc/sup/pub/miniforge/24.11.3/envs/nemo-2.4.0+py3.12.10/lib/python3.12/urllib/request.py", line 1347, in do_open
    raise URLError(err)
urllib.error.URLError: <urlopen error [Errno 101] Network is unreachable>
Traceback (most recent call last):
  File "/lustre/fshomisc/sup/pub/miniforge/24.11.3/envs/nemo-2.4.0+py3.12.10/lib/python3.12/urllib/request.py", line 1344, in do_open
    h.request(req.get_method(), req.selector, req.data, headers,
  File "/lustre/fshomisc/sup/pub/miniforge/24.11.3/envs/nemo-2.4.0+py3.12.10/lib/python3.12/http/client.py", line 1338, in request
    self._send_request(method, url, body, headers, encode_chunked)
  File "/lustre/fshomisc/sup/pub/miniforge/24.11.3/envs/nemo-2.4.0+py3.12.10/lib/python3.12/http/client.py", line 1384, in _send_request
    self.endheaders(body, encode_chunked=encode_chunked)
  File "/lustre/fshomisc/sup/pub/miniforge/24.11.3/envs/nemo-2.4.0+py3.12.10/lib/python3.12/http/client.py", line 1333, in endheaders
    self._send_output(message_body, encode_chunked=encode_chunked)
  File "/lustre/fshomisc/sup/pub/miniforge/24.11.3/envs/nemo-2.4.0+py3.12.10/lib/python3.12/http/client.py", line 1093, in _send_output
    self.send(msg)
  File "/lustre/fshomisc/sup/pub/miniforge/24.11.3/envs/nemo-2.4.0+py3.12.10/lib/python3.12/http/client.py", line 1037, in send
    self.connect()
  File "/lustre/fshomisc/sup/pub/miniforge/24.11.3/envs/nemo-2.4.0+py3.12.10/lib/python3.12/http/client.py", line 1472, in connect
    super().connect()
  File "/lustre/fshomisc/sup/pub/miniforge/24.11.3/envs/nemo-2.4.0+py3.12.10/lib/python3.12/http/client.py", line 1003, in connect
    self.sock = self._create_connection(
                ^^^^^^^^^^^^^^^^^^^^^^^^
  File "/lustre/fshomisc/sup/pub/miniforge/24.11.3/envs/nemo-2.4.0+py3.12.10/lib/python3.12/socket.py", line 865, in create_connection
    raise exceptions[0]
  File "/lustre/fshomisc/sup/pub/miniforge/24.11.3/envs/nemo-2.4.0+py3.12.10/lib/python3.12/socket.py", line 850, in create_connection
    sock.connect(sa)
OSError: [Errno 101] Network is unreachable

During handling of the above exception, another exception occurred:

Traceback (most recent call last):
  File "/lustre/fswork/projects/idris/sos/ssos040/Bench_InstructFT_Tulu3/InstructFT/nemo_test.py", line 11, in <module>
    data = llm.MockDataModule(seq_length=seq_length, global_batch_size=global_batch_size)
           ^^^^^^^^^^^^^^^^^^^^^^^^^^^^^^^^^^^^^^^^^^^^^^^^^^^^^^^^^^^^^^^^^^^^^^^^^^^^^^
  File "/lustre/fshomisc/sup/pub/miniforge/24.11.3/envs/nemo-2.4.0+py3.12.10/lib/python3.12/site-packages/nemo/collections/llm/gpt/data/mock.py", line 86, in __init__
    self.tokenizer = get_nmt_tokenizer(
                     ^^^^^^^^^^^^^^^^^^
  File "/lustre/fshomisc/sup/pub/miniforge/24.11.3/envs/nemo-2.4.0+py3.12.10/lib/python3.12/site-packages/nemo/collections/nlp/modules/common/tokenizer_utils.py", line 261, in get_nmt_tokenizer
    return get_tokenizer(
           ^^^^^^^^^^^^^^
  File "/lustre/fshomisc/sup/pub/miniforge/24.11.3/envs/nemo-2.4.0+py3.12.10/lib/python3.12/site-packages/nemo/collections/nlp/modules/common/tokenizer_utils.py", line 113, in get_tokenizer
    vocab_file = get_megatron_vocab_file(tokenizer_name)
                 ^^^^^^^^^^^^^^^^^^^^^^^^^^^^^^^^^^^^^^^
  File "/lustre/fshomisc/sup/pub/miniforge/24.11.3/envs/nemo-2.4.0+py3.12.10/lib/python3.12/site-packages/nemo/collections/nlp/modules/common/megatron/megatron_utils.py", line 172, in get_megatron_vocab_file
    path = _download(path, url)
           ^^^^^^^^^^^^^^^^^^^^
  File "/lustre/fshomisc/sup/pub/miniforge/24.11.3/envs/nemo-2.4.0+py3.12.10/lib/python3.12/site-packages/nemo/collections/nlp/modules/common/megatron/megatron_utils.py", line 226, in _download
    downloaded_path = wget.download(url)
                      ^^^^^^^^^^^^^^^^^^
  File "/lustre/fshomisc/sup/pub/miniforge/24.11.3/envs/nemo-2.4.0+py3.12.10/lib/python3.12/site-packages/wget.py", line 526, in download
    (tmpfile, headers) = ulib.urlretrieve(binurl, tmpfile, callback)
                         ^^^^^^^^^^^^^^^^^^^^^^^^^^^^^^^^^^^^^^^^^^^
  File "/lustre/fshomisc/sup/pub/miniforge/24.11.3/envs/nemo-2.4.0+py3.12.10/lib/python3.12/urllib/request.py", line 240, in urlretrieve
    with contextlib.closing(urlopen(url, data)) as fp:
                            ^^^^^^^^^^^^^^^^^^
  File "/lustre/fshomisc/sup/pub/miniforge/24.11.3/envs/nemo-2.4.0+py3.12.10/lib/python3.12/urllib/request.py", line 215, in urlopen
    return opener.open(url, data, timeout)
           ^^^^^^^^^^^^^^^^^^^^^^^^^^^^^^^
  File "/lustre/fshomisc/sup/pub/miniforge/24.11.3/envs/nemo-2.4.0+py3.12.10/lib/python3.12/urllib/request.py", line 515, in open
    response = self._open(req, data)
               ^^^^^^^^^^^^^^^^^^^^^
  File "/lustre/fshomisc/sup/pub/miniforge/24.11.3/envs/nemo-2.4.0+py3.12.10/lib/python3.12/urllib/request.py", line 532, in _open
    result = self._call_chain(self.handle_open, protocol, protocol +
             ^^^^^^^^^^^^^^^^^^^^^^^^^^^^^^^^^^^^^^^^^^^^^^^^^^^^^^^
  File "/lustre/fshomisc/sup/pub/miniforge/24.11.3/envs/nemo-2.4.0+py3.12.10/lib/python3.12/urllib/request.py", line 492, in _call_chain
    result = func(*args)
             ^^^^^^^^^^^
  File "/lustre/fshomisc/sup/pub/miniforge/24.11.3/envs/nemo-2.4.0+py3.12.10/lib/python3.12/urllib/request.py", line 1392, in https_open
    return self.do_open(http.client.HTTPSConnection, req,
           ^^^^^^^^^^^^^^^^^^^^^^^^^^^^^^^^^^^^^^^^^^^^^^
  File "/lustre/fshomisc/sup/pub/miniforge/24.11.3/envs/nemo-2.4.0+py3.12.10/lib/python3.12/urllib/request.py", line 1347, in do_open
    raise URLError(err)
urllib.error.URLError: <urlopen error [Errno 101] Network is unreachable>
Traceback (most recent call last):
  File "/lustre/fshomisc/sup/pub/miniforge/24.11.3/envs/nemo-2.4.0+py3.12.10/lib/python3.12/urllib/request.py", line 1344, in do_open
Traceback (most recent call last):
  File "/lustre/fshomisc/sup/pub/miniforge/24.11.3/envs/nemo-2.4.0+py3.12.10/lib/python3.12/urllib/request.py", line 1344, in do_open
Traceback (most recent call last):
  File "/lustre/fshomisc/sup/pub/miniforge/24.11.3/envs/nemo-2.4.0+py3.12.10/lib/python3.12/urllib/request.py", line 1344, in do_open
    h.request(req.get_method(), req.selector, req.data, headers,
  File "/lustre/fshomisc/sup/pub/miniforge/24.11.3/envs/nemo-2.4.0+py3.12.10/lib/python3.12/http/client.py", line 1338, in request
    h.request(req.get_method(), req.selector, req.data, headers,
  File "/lustre/fshomisc/sup/pub/miniforge/24.11.3/envs/nemo-2.4.0+py3.12.10/lib/python3.12/http/client.py", line 1338, in request
    h.request(req.get_method(), req.selector, req.data, headers,
  File "/lustre/fshomisc/sup/pub/miniforge/24.11.3/envs/nemo-2.4.0+py3.12.10/lib/python3.12/http/client.py", line 1338, in request
Traceback (most recent call last):
  File "/lustre/fshomisc/sup/pub/miniforge/24.11.3/envs/nemo-2.4.0+py3.12.10/lib/python3.12/urllib/request.py", line 1344, in do_open
    h.request(req.get_method(), req.selector, req.data, headers,
  File "/lustre/fshomisc/sup/pub/miniforge/24.11.3/envs/nemo-2.4.0+py3.12.10/lib/python3.12/http/client.py", line 1338, in request
    self._send_request(method, url, body, headers, encode_chunked)
    self._send_request(method, url, body, headers, encode_chunked)
    self._send_request(method, url, body, headers, encode_chunked)
  File "/lustre/fshomisc/sup/pub/miniforge/24.11.3/envs/nemo-2.4.0+py3.12.10/lib/python3.12/http/client.py", line 1384, in _send_request
  File "/lustre/fshomisc/sup/pub/miniforge/24.11.3/envs/nemo-2.4.0+py3.12.10/lib/python3.12/http/client.py", line 1384, in _send_request
  File "/lustre/fshomisc/sup/pub/miniforge/24.11.3/envs/nemo-2.4.0+py3.12.10/lib/python3.12/http/client.py", line 1384, in _send_request
    self._send_request(method, url, body, headers, encode_chunked)
  File "/lustre/fshomisc/sup/pub/miniforge/24.11.3/envs/nemo-2.4.0+py3.12.10/lib/python3.12/http/client.py", line 1384, in _send_request
    self.endheaders(body, encode_chunked=encode_chunked)
    self.endheaders(body, encode_chunked=encode_chunked)
  File "/lustre/fshomisc/sup/pub/miniforge/24.11.3/envs/nemo-2.4.0+py3.12.10/lib/python3.12/http/client.py", line 1333, in endheaders
  File "/lustre/fshomisc/sup/pub/miniforge/24.11.3/envs/nemo-2.4.0+py3.12.10/lib/python3.12/http/client.py", line 1333, in endheaders
    self.endheaders(body, encode_chunked=encode_chunked)
  File "/lustre/fshomisc/sup/pub/miniforge/24.11.3/envs/nemo-2.4.0+py3.12.10/lib/python3.12/http/client.py", line 1333, in endheaders
    self.endheaders(body, encode_chunked=encode_chunked)
  File "/lustre/fshomisc/sup/pub/miniforge/24.11.3/envs/nemo-2.4.0+py3.12.10/lib/python3.12/http/client.py", line 1333, in endheaders
    self._send_output(message_body, encode_chunked=encode_chunked)
  File "/lustre/fshomisc/sup/pub/miniforge/24.11.3/envs/nemo-2.4.0+py3.12.10/lib/python3.12/http/client.py", line 1093, in _send_output
    self._send_output(message_body, encode_chunked=encode_chunked)
  File "/lustre/fshomisc/sup/pub/miniforge/24.11.3/envs/nemo-2.4.0+py3.12.10/lib/python3.12/http/client.py", line 1093, in _send_output
    self._send_output(message_body, encode_chunked=encode_chunked)
  File "/lustre/fshomisc/sup/pub/miniforge/24.11.3/envs/nemo-2.4.0+py3.12.10/lib/python3.12/http/client.py", line 1093, in _send_output
    self.send(msg)
    self._send_output(message_body, encode_chunked=encode_chunked)
  File "/lustre/fshomisc/sup/pub/miniforge/24.11.3/envs/nemo-2.4.0+py3.12.10/lib/python3.12/http/client.py", line 1037, in send
    self.send(msg)
  File "/lustre/fshomisc/sup/pub/miniforge/24.11.3/envs/nemo-2.4.0+py3.12.10/lib/python3.12/http/client.py", line 1037, in send
  File "/lustre/fshomisc/sup/pub/miniforge/24.11.3/envs/nemo-2.4.0+py3.12.10/lib/python3.12/http/client.py", line 1093, in _send_output
    self.send(msg)
  File "/lustre/fshomisc/sup/pub/miniforge/24.11.3/envs/nemo-2.4.0+py3.12.10/lib/python3.12/http/client.py", line 1037, in send
    self.send(msg)
  File "/lustre/fshomisc/sup/pub/miniforge/24.11.3/envs/nemo-2.4.0+py3.12.10/lib/python3.12/http/client.py", line 1037, in send
    self.connect()
  File "/lustre/fshomisc/sup/pub/miniforge/24.11.3/envs/nemo-2.4.0+py3.12.10/lib/python3.12/http/client.py", line 1472, in connect
    self.connect()
  File "/lustre/fshomisc/sup/pub/miniforge/24.11.3/envs/nemo-2.4.0+py3.12.10/lib/python3.12/http/client.py", line 1472, in connect
    self.connect()
    self.connect()
  File "/lustre/fshomisc/sup/pub/miniforge/24.11.3/envs/nemo-2.4.0+py3.12.10/lib/python3.12/http/client.py", line 1472, in connect
  File "/lustre/fshomisc/sup/pub/miniforge/24.11.3/envs/nemo-2.4.0+py3.12.10/lib/python3.12/http/client.py", line 1472, in connect
    super().connect()
  File "/lustre/fshomisc/sup/pub/miniforge/24.11.3/envs/nemo-2.4.0+py3.12.10/lib/python3.12/http/client.py", line 1003, in connect
    super().connect()
  File "/lustre/fshomisc/sup/pub/miniforge/24.11.3/envs/nemo-2.4.0+py3.12.10/lib/python3.12/http/client.py", line 1003, in connect
    super().connect()
    super().connect()
  File "/lustre/fshomisc/sup/pub/miniforge/24.11.3/envs/nemo-2.4.0+py3.12.10/lib/python3.12/http/client.py", line 1003, in connect
  File "/lustre/fshomisc/sup/pub/miniforge/24.11.3/envs/nemo-2.4.0+py3.12.10/lib/python3.12/http/client.py", line 1003, in connect
    self.sock = self._create_connection(
    self.sock = self._create_connection(
                ^^^^^^^^^^^^^^^^^^^^^^^^
  File "/lustre/fshomisc/sup/pub/miniforge/24.11.3/envs/nemo-2.4.0+py3.12.10/lib/python3.12/socket.py", line 865, in create_connection
                ^^^^^^^^^^^^^^^^^^^^^^^^
  File "/lustre/fshomisc/sup/pub/miniforge/24.11.3/envs/nemo-2.4.0+py3.12.10/lib/python3.12/socket.py", line 865, in create_connection
    self.sock = self._create_connection(
                ^^^^^^^^^^^^^^^^^^^^^^^^
  File "/lustre/fshomisc/sup/pub/miniforge/24.11.3/envs/nemo-2.4.0+py3.12.10/lib/python3.12/socket.py", line 865, in create_connection
    self.sock = self._create_connection(
                ^^^^^^^^^^^^^^^^^^^^^^^^
  File "/lustre/fshomisc/sup/pub/miniforge/24.11.3/envs/nemo-2.4.0+py3.12.10/lib/python3.12/socket.py", line 865, in create_connection
    raise exceptions[0]
    raise exceptions[0]
  File "/lustre/fshomisc/sup/pub/miniforge/24.11.3/envs/nemo-2.4.0+py3.12.10/lib/python3.12/socket.py", line 850, in create_connection
    raise exceptions[0]
  File "/lustre/fshomisc/sup/pub/miniforge/24.11.3/envs/nemo-2.4.0+py3.12.10/lib/python3.12/socket.py", line 850, in create_connection
  File "/lustre/fshomisc/sup/pub/miniforge/24.11.3/envs/nemo-2.4.0+py3.12.10/lib/python3.12/socket.py", line 850, in create_connection
    raise exceptions[0]
  File "/lustre/fshomisc/sup/pub/miniforge/24.11.3/envs/nemo-2.4.0+py3.12.10/lib/python3.12/socket.py", line 850, in create_connection
    sock.connect(sa)
OSError: [Errno 101] Network is unreachable

During handling of the above exception, another exception occurred:

Traceback (most recent call last):
  File "/lustre/fswork/projects/idris/sos/ssos040/Bench_InstructFT_Tulu3/InstructFT/nemo_test.py", line 11, in <module>
    sock.connect(sa)
    sock.connect(sa)
OSError: [Errno 101] Network is unreachable

During handling of the above exception, another exception occurred:

OSError: [Errno 101] Network is unreachable

Traceback (most recent call last):
  File "/lustre/fswork/projects/idris/sos/ssos040/Bench_InstructFT_Tulu3/InstructFT/nemo_test.py", line 11, in <module>
During handling of the above exception, another exception occurred:

Traceback (most recent call last):
  File "/lustre/fswork/projects/idris/sos/ssos040/Bench_InstructFT_Tulu3/InstructFT/nemo_test.py", line 11, in <module>
    sock.connect(sa)
OSError: [Errno 101] Network is unreachable

During handling of the above exception, another exception occurred:

Traceback (most recent call last):
  File "/lustre/fswork/projects/idris/sos/ssos040/Bench_InstructFT_Tulu3/InstructFT/nemo_test.py", line 11, in <module>
    data = llm.MockDataModule(seq_length=seq_length, global_batch_size=global_batch_size)
           ^^^^^^^^^^^^^^^^^^^^^^^^^^^^^^^^^^^^^^^^^^^^^^^^^^^^^^^^^^^^^^^^^^^^^^^^^^^^^^
  File "/lustre/fshomisc/sup/pub/miniforge/24.11.3/envs/nemo-2.4.0+py3.12.10/lib/python3.12/site-packages/nemo/collections/llm/gpt/data/mock.py", line 86, in __init__
    data = llm.MockDataModule(seq_length=seq_length, global_batch_size=global_batch_size)
    data = llm.MockDataModule(seq_length=seq_length, global_batch_size=global_batch_size)
           ^^^^^^^^^^^^^^^^^^^^^^^^^^^^^^^^^^^^^^^^^^^^^^^^^^^^^^^^^^^^^^^^^^^^^^^^^^^^^^
  File "/lustre/fshomisc/sup/pub/miniforge/24.11.3/envs/nemo-2.4.0+py3.12.10/lib/python3.12/site-packages/nemo/collections/llm/gpt/data/mock.py", line 86, in __init__
           ^^^^^^^^^^^^^^^^^^^^^^^^^^^^^^^^^^^^^^^^^^^^^^^^^^^^^^^^^^^^^^^^^^^^^^^^^^^^^^
  File "/lustre/fshomisc/sup/pub/miniforge/24.11.3/envs/nemo-2.4.0+py3.12.10/lib/python3.12/site-packages/nemo/collections/llm/gpt/data/mock.py", line 86, in __init__
    self.tokenizer = get_nmt_tokenizer(
                     ^^^^^^^^^^^^^^^^^^
    data = llm.MockDataModule(seq_length=seq_length, global_batch_size=global_batch_size)
  File "/lustre/fshomisc/sup/pub/miniforge/24.11.3/envs/nemo-2.4.0+py3.12.10/lib/python3.12/site-packages/nemo/collections/nlp/modules/common/tokenizer_utils.py", line 261, in get_nmt_tokenizer
           ^^^^^^^^^^^^^^^^^^^^^^^^^^^^^^^^^^^^^^^^^^^^^^^^^^^^^^^^^^^^^^^^^^^^^^^^^^^^^^
  File "/lustre/fshomisc/sup/pub/miniforge/24.11.3/envs/nemo-2.4.0+py3.12.10/lib/python3.12/site-packages/nemo/collections/llm/gpt/data/mock.py", line 86, in __init__
    self.tokenizer = get_nmt_tokenizer(
                     ^^^^^^^^^^^^^^^^^^
  File "/lustre/fshomisc/sup/pub/miniforge/24.11.3/envs/nemo-2.4.0+py3.12.10/lib/python3.12/site-packages/nemo/collections/nlp/modules/common/tokenizer_utils.py", line 261, in get_nmt_tokenizer
    self.tokenizer = get_nmt_tokenizer(
    return get_tokenizer(
                     ^^^^^^^^^^^^^^^^^^
  File "/lustre/fshomisc/sup/pub/miniforge/24.11.3/envs/nemo-2.4.0+py3.12.10/lib/python3.12/site-packages/nemo/collections/nlp/modules/common/tokenizer_utils.py", line 261, in get_nmt_tokenizer
           ^^^^^^^^^^^^^^
  File "/lustre/fshomisc/sup/pub/miniforge/24.11.3/envs/nemo-2.4.0+py3.12.10/lib/python3.12/site-packages/nemo/collections/nlp/modules/common/tokenizer_utils.py", line 113, in get_tokenizer
    self.tokenizer = get_nmt_tokenizer(
                     ^^^^^^^^^^^^^^^^^^
  File "/lustre/fshomisc/sup/pub/miniforge/24.11.3/envs/nemo-2.4.0+py3.12.10/lib/python3.12/site-packages/nemo/collections/nlp/modules/common/tokenizer_utils.py", line 261, in get_nmt_tokenizer
    return get_tokenizer(
           ^^^^^^^^^^^^^^
  File "/lustre/fshomisc/sup/pub/miniforge/24.11.3/envs/nemo-2.4.0+py3.12.10/lib/python3.12/site-packages/nemo/collections/nlp/modules/common/tokenizer_utils.py", line 113, in get_tokenizer
    vocab_file = get_megatron_vocab_file(tokenizer_name)
    vocab_file = get_megatron_vocab_file(tokenizer_name)
    return get_tokenizer(
           ^^^^^^^^^^^^^^
  File "/lustre/fshomisc/sup/pub/miniforge/24.11.3/envs/nemo-2.4.0+py3.12.10/lib/python3.12/site-packages/nemo/collections/nlp/modules/common/tokenizer_utils.py", line 113, in get_tokenizer
                 ^^^^^^^^^^^^^^^^^^^^^^^^^^^^^^^^^^^^^^^
  File "/lustre/fshomisc/sup/pub/miniforge/24.11.3/envs/nemo-2.4.0+py3.12.10/lib/python3.12/site-packages/nemo/collections/nlp/modules/common/megatron/megatron_utils.py", line 172, in get_megatron_vocab_file
                 ^^^^^^^^^^^^^^^^^^^^^^^^^^^^^^^^^^^^^^^
  File "/lustre/fshomisc/sup/pub/miniforge/24.11.3/envs/nemo-2.4.0+py3.12.10/lib/python3.12/site-packages/nemo/collections/nlp/modules/common/megatron/megatron_utils.py", line 172, in get_megatron_vocab_file
    return get_tokenizer(
           ^^^^^^^^^^^^^^
  File "/lustre/fshomisc/sup/pub/miniforge/24.11.3/envs/nemo-2.4.0+py3.12.10/lib/python3.12/site-packages/nemo/collections/nlp/modules/common/tokenizer_utils.py", line 113, in get_tokenizer
    vocab_file = get_megatron_vocab_file(tokenizer_name)
                 ^^^^^^^^^^^^^^^^^^^^^^^^^^^^^^^^^^^^^^^
  File "/lustre/fshomisc/sup/pub/miniforge/24.11.3/envs/nemo-2.4.0+py3.12.10/lib/python3.12/site-packages/nemo/collections/nlp/modules/common/megatron/megatron_utils.py", line 172, in get_megatron_vocab_file
    vocab_file = get_megatron_vocab_file(tokenizer_name)
    path = _download(path, url)
           ^^^^^^^^^^^^^^^^^^^^
  File "/lustre/fshomisc/sup/pub/miniforge/24.11.3/envs/nemo-2.4.0+py3.12.10/lib/python3.12/site-packages/nemo/collections/nlp/modules/common/megatron/megatron_utils.py", line 226, in _download
                 ^^^^^^^^^^^^^^^^^^^^^^^^^^^^^^^^^^^^^^^
  File "/lustre/fshomisc/sup/pub/miniforge/24.11.3/envs/nemo-2.4.0+py3.12.10/lib/python3.12/site-packages/nemo/collections/nlp/modules/common/megatron/megatron_utils.py", line 172, in get_megatron_vocab_file
    path = _download(path, url)
           ^^^^^^^^^^^^^^^^^^^^
  File "/lustre/fshomisc/sup/pub/miniforge/24.11.3/envs/nemo-2.4.0+py3.12.10/lib/python3.12/site-packages/nemo/collections/nlp/modules/common/megatron/megatron_utils.py", line 226, in _download
    path = _download(path, url)
           ^^^^^^^^^^^^^^^^^^^^
  File "/lustre/fshomisc/sup/pub/miniforge/24.11.3/envs/nemo-2.4.0+py3.12.10/lib/python3.12/site-packages/nemo/collections/nlp/modules/common/megatron/megatron_utils.py", line 226, in _download
    downloaded_path = wget.download(url)
                      ^^^^^^^^^^^^^^^^^^
  File "/lustre/fshomisc/sup/pub/miniforge/24.11.3/envs/nemo-2.4.0+py3.12.10/lib/python3.12/site-packages/wget.py", line 526, in download
    path = _download(path, url)
    downloaded_path = wget.download(url)
           ^^^^^^^^^^^^^^^^^^^^
  File "/lustre/fshomisc/sup/pub/miniforge/24.11.3/envs/nemo-2.4.0+py3.12.10/lib/python3.12/site-packages/nemo/collections/nlp/modules/common/megatron/megatron_utils.py", line 226, in _download
                      ^^^^^^^^^^^^^^^^^^
  File "/lustre/fshomisc/sup/pub/miniforge/24.11.3/envs/nemo-2.4.0+py3.12.10/lib/python3.12/site-packages/wget.py", line 526, in download
    (tmpfile, headers) = ulib.urlretrieve(binurl, tmpfile, callback)
    downloaded_path = wget.download(url)
                         ^^^^^^^^^^^^^^^^^^^^^^^^^^^^^^^^^^^^^^^^^^^
  File "/lustre/fshomisc/sup/pub/miniforge/24.11.3/envs/nemo-2.4.0+py3.12.10/lib/python3.12/urllib/request.py", line 240, in urlretrieve
                      ^^^^^^^^^^^^^^^^^^
  File "/lustre/fshomisc/sup/pub/miniforge/24.11.3/envs/nemo-2.4.0+py3.12.10/lib/python3.12/site-packages/wget.py", line 526, in download
    (tmpfile, headers) = ulib.urlretrieve(binurl, tmpfile, callback)
                         ^^^^^^^^^^^^^^^^^^^^^^^^^^^^^^^^^^^^^^^^^^^
  File "/lustre/fshomisc/sup/pub/miniforge/24.11.3/envs/nemo-2.4.0+py3.12.10/lib/python3.12/urllib/request.py", line 240, in urlretrieve
    downloaded_path = wget.download(url)
                      ^^^^^^^^^^^^^^^^^^
  File "/lustre/fshomisc/sup/pub/miniforge/24.11.3/envs/nemo-2.4.0+py3.12.10/lib/python3.12/site-packages/wget.py", line 526, in download
    with contextlib.closing(urlopen(url, data)) as fp:
                            ^^^^^^^^^^^^^^^^^^
  File "/lustre/fshomisc/sup/pub/miniforge/24.11.3/envs/nemo-2.4.0+py3.12.10/lib/python3.12/urllib/request.py", line 215, in urlopen
    with contextlib.closing(urlopen(url, data)) as fp:
    (tmpfile, headers) = ulib.urlretrieve(binurl, tmpfile, callback)
                            ^^^^^^^^^^^^^^^^^^
  File "/lustre/fshomisc/sup/pub/miniforge/24.11.3/envs/nemo-2.4.0+py3.12.10/lib/python3.12/urllib/request.py", line 215, in urlopen
                         ^^^^^^^^^^^^^^^^^^^^^^^^^^^^^^^^^^^^^^^^^^^
  File "/lustre/fshomisc/sup/pub/miniforge/24.11.3/envs/nemo-2.4.0+py3.12.10/lib/python3.12/urllib/request.py", line 240, in urlretrieve
    return opener.open(url, data, timeout)
           ^^^^^^^^^^^^^^^^^^^^^^^^^^^^^^^
  File "/lustre/fshomisc/sup/pub/miniforge/24.11.3/envs/nemo-2.4.0+py3.12.10/lib/python3.12/urllib/request.py", line 515, in open
    (tmpfile, headers) = ulib.urlretrieve(binurl, tmpfile, callback)
    return opener.open(url, data, timeout)
                         ^^^^^^^^^^^^^^^^^^^^^^^^^^^^^^^^^^^^^^^^^^^
  File "/lustre/fshomisc/sup/pub/miniforge/24.11.3/envs/nemo-2.4.0+py3.12.10/lib/python3.12/urllib/request.py", line 240, in urlretrieve
    with contextlib.closing(urlopen(url, data)) as fp:
           ^^^^^^^^^^^^^^^^^^^^^^^^^^^^^^^
  File "/lustre/fshomisc/sup/pub/miniforge/24.11.3/envs/nemo-2.4.0+py3.12.10/lib/python3.12/urllib/request.py", line 515, in open
                            ^^^^^^^^^^^^^^^^^^
  File "/lustre/fshomisc/sup/pub/miniforge/24.11.3/envs/nemo-2.4.0+py3.12.10/lib/python3.12/urllib/request.py", line 215, in urlopen
    response = self._open(req, data)
               ^^^^^^^^^^^^^^^^^^^^^
  File "/lustre/fshomisc/sup/pub/miniforge/24.11.3/envs/nemo-2.4.0+py3.12.10/lib/python3.12/urllib/request.py", line 532, in _open
    with contextlib.closing(urlopen(url, data)) as fp:
    response = self._open(req, data)
    result = self._call_chain(self.handle_open, protocol, protocol +
               ^^^^^^^^^^^^^^^^^^^^^
  File "/lustre/fshomisc/sup/pub/miniforge/24.11.3/envs/nemo-2.4.0+py3.12.10/lib/python3.12/urllib/request.py", line 532, in _open
                            ^^^^^^^^^^^^^^^^^^
  File "/lustre/fshomisc/sup/pub/miniforge/24.11.3/envs/nemo-2.4.0+py3.12.10/lib/python3.12/urllib/request.py", line 215, in urlopen
             ^^^^^^^^^^^^^^^^^^^^^^^^^^^^^^^^^^^^^^^^^^^^^^^^^^^^^^^
  File "/lustre/fshomisc/sup/pub/miniforge/24.11.3/envs/nemo-2.4.0+py3.12.10/lib/python3.12/urllib/request.py", line 492, in _call_chain
    return opener.open(url, data, timeout)
           ^^^^^^^^^^^^^^^^^^^^^^^^^^^^^^^
  File "/lustre/fshomisc/sup/pub/miniforge/24.11.3/envs/nemo-2.4.0+py3.12.10/lib/python3.12/urllib/request.py", line 515, in open
    return opener.open(url, data, timeout)
    response = self._open(req, data)
    result = self._call_chain(self.handle_open, protocol, protocol +
           ^^^^^^^^^^^^^^^^^^^^^^^^^^^^^^^
  File "/lustre/fshomisc/sup/pub/miniforge/24.11.3/envs/nemo-2.4.0+py3.12.10/lib/python3.12/urllib/request.py", line 515, in open
               ^^^^^^^^^^^^^^^^^^^^^
  File "/lustre/fshomisc/sup/pub/miniforge/24.11.3/envs/nemo-2.4.0+py3.12.10/lib/python3.12/urllib/request.py", line 532, in _open
             ^^^^^^^^^^^^^^^^^^^^^^^^^^^^^^^^^^^^^^^^^^^^^^^^^^^^^^^
  File "/lustre/fshomisc/sup/pub/miniforge/24.11.3/envs/nemo-2.4.0+py3.12.10/lib/python3.12/urllib/request.py", line 492, in _call_chain
    result = func(*args)
             ^^^^^^^^^^^
  File "/lustre/fshomisc/sup/pub/miniforge/24.11.3/envs/nemo-2.4.0+py3.12.10/lib/python3.12/urllib/request.py", line 1392, in https_open
    response = self._open(req, data)
    result = self._call_chain(self.handle_open, protocol, protocol +
    result = func(*args)
             ^^^^^^^^^^^
  File "/lustre/fshomisc/sup/pub/miniforge/24.11.3/envs/nemo-2.4.0+py3.12.10/lib/python3.12/urllib/request.py", line 1392, in https_open
               ^^^^^^^^^^^^^^^^^^^^^
  File "/lustre/fshomisc/sup/pub/miniforge/24.11.3/envs/nemo-2.4.0+py3.12.10/lib/python3.12/urllib/request.py", line 532, in _open
             ^^^^^^^^^^^^^^^^^^^^^^^^^^^^^^^^^^^^^^^^^^^^^^^^^^^^^^^
  File "/lustre/fshomisc/sup/pub/miniforge/24.11.3/envs/nemo-2.4.0+py3.12.10/lib/python3.12/urllib/request.py", line 492, in _call_chain
    return self.do_open(http.client.HTTPSConnection, req,
    result = self._call_chain(self.handle_open, protocol, protocol +
    result = func(*args)
           ^^^^^^^^^^^^^^^^^^^^^^^^^^^^^^^^^^^^^^^^^^^^^^
             ^^^^^^^^^^^
  File "/lustre/fshomisc/sup/pub/miniforge/24.11.3/envs/nemo-2.4.0+py3.12.10/lib/python3.12/urllib/request.py", line 1392, in https_open
  File "/lustre/fshomisc/sup/pub/miniforge/24.11.3/envs/nemo-2.4.0+py3.12.10/lib/python3.12/urllib/request.py", line 1347, in do_open
             ^^^^^^^^^^^^^^^^^^^^^^^^^^^^^^^^^^^^^^^^^^^^^^^^^^^^^^^
  File "/lustre/fshomisc/sup/pub/miniforge/24.11.3/envs/nemo-2.4.0+py3.12.10/lib/python3.12/urllib/request.py", line 492, in _call_chain
    return self.do_open(http.client.HTTPSConnection, req,
           ^^^^^^^^^^^^^^^^^^^^^^^^^^^^^^^^^^^^^^^^^^^^^^
  File "/lustre/fshomisc/sup/pub/miniforge/24.11.3/envs/nemo-2.4.0+py3.12.10/lib/python3.12/urllib/request.py", line 1347, in do_open
    result = func(*args)
             ^^^^^^^^^^^
  File "/lustre/fshomisc/sup/pub/miniforge/24.11.3/envs/nemo-2.4.0+py3.12.10/lib/python3.12/urllib/request.py", line 1392, in https_open
    raise URLError(err)
    return self.do_open(http.client.HTTPSConnection, req,
urllib.error.URLError: <urlopen error [Errno 101] Network is unreachable>
           ^^^^^^^^^^^^^^^^^^^^^^^^^^^^^^^^^^^^^^^^^^^^^^
  File "/lustre/fshomisc/sup/pub/miniforge/24.11.3/envs/nemo-2.4.0+py3.12.10/lib/python3.12/urllib/request.py", line 1347, in do_open
    raise URLError(err)
urllib.error.URLError: <urlopen error [Errno 101] Network is unreachable>
    return self.do_open(http.client.HTTPSConnection, req,
           ^^^^^^^^^^^^^^^^^^^^^^^^^^^^^^^^^^^^^^^^^^^^^^
  File "/lustre/fshomisc/sup/pub/miniforge/24.11.3/envs/nemo-2.4.0+py3.12.10/lib/python3.12/urllib/request.py", line 1347, in do_open
    raise URLError(err)
urllib.error.URLError: <urlopen error [Errno 101] Network is unreachable>
    raise URLError(err)
urllib.error.URLError: <urlopen error [Errno 101] Network is unreachable>
WARNING[XFORMERS]: xFormers can't load C++/CUDA extensions. xFormers was built for:
    PyTorch 2.7.0+cu126 with CUDA 1206 (you have 2.8.0)
    Python  3.12.10 (you have 3.12.10)
  Please reinstall xformers (see https://github.com/facebookresearch/xformers#installing-xformers)
  Memory-efficient attention, SwiGLU, sparse and more won't be available.
  Set XFORMERS_MORE_DETAILS=1 for more details
WARNING[XFORMERS]: xFormers can't load C++/CUDA extensions. xFormers was built for:
    PyTorch 2.7.0+cu126 with CUDA 1206 (you have 2.8.0)
    Python  3.12.10 (you have 3.12.10)
  Please reinstall xformers (see https://github.com/facebookresearch/xformers#installing-xformers)
  Memory-efficient attention, SwiGLU, sparse and more won't be available.
  Set XFORMERS_MORE_DETAILS=1 for more details
WARNING[XFORMERS]: xFormers can't load C++/CUDA extensions. xFormers was built for:
    PyTorch 2.7.0+cu126 with CUDA 1206 (you have 2.8.0)
    Python  3.12.10 (you have 3.12.10)
  Please reinstall xformers (see https://github.com/facebookresearch/xformers#installing-xformers)
  Memory-efficient attention, SwiGLU, sparse and more won't be available.
  Set XFORMERS_MORE_DETAILS=1 for more details
WARNING[XFORMERS]: xFormers can't load C++/CUDA extensions. xFormers was built for:
    PyTorch 2.7.0+cu126 with CUDA 1206 (you have 2.8.0)
    Python  3.12.10 (you have 3.12.10)
  Please reinstall xformers (see https://github.com/facebookresearch/xformers#installing-xformers)
  Memory-efficient attention, SwiGLU, sparse and more won't be available.
  Set XFORMERS_MORE_DETAILS=1 for more details
Traceback (most recent call last):
  File "/lustre/fshomisc/sup/pub/miniforge/24.11.3/envs/nemo-2.4.0+py3.12.10/lib/python3.12/urllib/request.py", line 1344, in do_open
Traceback (most recent call last):
  File "/lustre/fshomisc/sup/pub/miniforge/24.11.3/envs/nemo-2.4.0+py3.12.10/lib/python3.12/urllib/request.py", line 1344, in do_open
    h.request(req.get_method(), req.selector, req.data, headers,
  File "/lustre/fshomisc/sup/pub/miniforge/24.11.3/envs/nemo-2.4.0+py3.12.10/lib/python3.12/http/client.py", line 1338, in request
    h.request(req.get_method(), req.selector, req.data, headers,
  File "/lustre/fshomisc/sup/pub/miniforge/24.11.3/envs/nemo-2.4.0+py3.12.10/lib/python3.12/http/client.py", line 1338, in request
    self._send_request(method, url, body, headers, encode_chunked)
  File "/lustre/fshomisc/sup/pub/miniforge/24.11.3/envs/nemo-2.4.0+py3.12.10/lib/python3.12/http/client.py", line 1384, in _send_request
    self._send_request(method, url, body, headers, encode_chunked)
  File "/lustre/fshomisc/sup/pub/miniforge/24.11.3/envs/nemo-2.4.0+py3.12.10/lib/python3.12/http/client.py", line 1384, in _send_request
    self.endheaders(body, encode_chunked=encode_chunked)
  File "/lustre/fshomisc/sup/pub/miniforge/24.11.3/envs/nemo-2.4.0+py3.12.10/lib/python3.12/http/client.py", line 1333, in endheaders
    self.endheaders(body, encode_chunked=encode_chunked)
  File "/lustre/fshomisc/sup/pub/miniforge/24.11.3/envs/nemo-2.4.0+py3.12.10/lib/python3.12/http/client.py", line 1333, in endheaders
    self._send_output(message_body, encode_chunked=encode_chunked)
  File "/lustre/fshomisc/sup/pub/miniforge/24.11.3/envs/nemo-2.4.0+py3.12.10/lib/python3.12/http/client.py", line 1093, in _send_output
    self._send_output(message_body, encode_chunked=encode_chunked)
  File "/lustre/fshomisc/sup/pub/miniforge/24.11.3/envs/nemo-2.4.0+py3.12.10/lib/python3.12/http/client.py", line 1093, in _send_output
    self.send(msg)
  File "/lustre/fshomisc/sup/pub/miniforge/24.11.3/envs/nemo-2.4.0+py3.12.10/lib/python3.12/http/client.py", line 1037, in send
    self.send(msg)
  File "/lustre/fshomisc/sup/pub/miniforge/24.11.3/envs/nemo-2.4.0+py3.12.10/lib/python3.12/http/client.py", line 1037, in send
    self.connect()
  File "/lustre/fshomisc/sup/pub/miniforge/24.11.3/envs/nemo-2.4.0+py3.12.10/lib/python3.12/http/client.py", line 1472, in connect
    self.connect()
  File "/lustre/fshomisc/sup/pub/miniforge/24.11.3/envs/nemo-2.4.0+py3.12.10/lib/python3.12/http/client.py", line 1472, in connect
    super().connect()
  File "/lustre/fshomisc/sup/pub/miniforge/24.11.3/envs/nemo-2.4.0+py3.12.10/lib/python3.12/http/client.py", line 1003, in connect
    self.sock = self._create_connection(
                ^^^^^^^^^^^^^^^^^^^^^^^^
  File "/lustre/fshomisc/sup/pub/miniforge/24.11.3/envs/nemo-2.4.0+py3.12.10/lib/python3.12/socket.py", line 865, in create_connection
    super().connect()
  File "/lustre/fshomisc/sup/pub/miniforge/24.11.3/envs/nemo-2.4.0+py3.12.10/lib/python3.12/http/client.py", line 1003, in connect
    self.sock = self._create_connection(
                ^^^^^^^^^^^^^^^^^^^^^^^^
  File "/lustre/fshomisc/sup/pub/miniforge/24.11.3/envs/nemo-2.4.0+py3.12.10/lib/python3.12/socket.py", line 865, in create_connection
    raise exceptions[0]
  File "/lustre/fshomisc/sup/pub/miniforge/24.11.3/envs/nemo-2.4.0+py3.12.10/lib/python3.12/socket.py", line 850, in create_connection
    raise exceptions[0]
  File "/lustre/fshomisc/sup/pub/miniforge/24.11.3/envs/nemo-2.4.0+py3.12.10/lib/python3.12/socket.py", line 850, in create_connection
    sock.connect(sa)
OSError: [Errno 101] Network is unreachable

During handling of the above exception, another exception occurred:

Traceback (most recent call last):
  File "/lustre/fswork/projects/idris/sos/ssos040/Bench_InstructFT_Tulu3/InstructFT/nemo_test.py", line 11, in <module>
    sock.connect(sa)
OSError: [Errno 101] Network is unreachable

During handling of the above exception, another exception occurred:

Traceback (most recent call last):
  File "/lustre/fswork/projects/idris/sos/ssos040/Bench_InstructFT_Tulu3/InstructFT/nemo_test.py", line 11, in <module>
    data = llm.MockDataModule(seq_length=seq_length, global_batch_size=global_batch_size)
           ^^^^^^^^^^^^^^^^^^^^^^^^^^^^^^^^^^^^^^^^^^^^^^^^^^^^^^^^^^^^^^^^^^^^^^^^^^^^^^
  File "/lustre/fshomisc/sup/pub/miniforge/24.11.3/envs/nemo-2.4.0+py3.12.10/lib/python3.12/site-packages/nemo/collections/llm/gpt/data/mock.py", line 86, in __init__
    data = llm.MockDataModule(seq_length=seq_length, global_batch_size=global_batch_size)
           ^^^^^^^^^^^^^^^^^^^^^^^^^^^^^^^^^^^^^^^^^^^^^^^^^^^^^^^^^^^^^^^^^^^^^^^^^^^^^^
  File "/lustre/fshomisc/sup/pub/miniforge/24.11.3/envs/nemo-2.4.0+py3.12.10/lib/python3.12/site-packages/nemo/collections/llm/gpt/data/mock.py", line 86, in __init__
    self.tokenizer = get_nmt_tokenizer(
                     ^^^^^^^^^^^^^^^^^^
  File "/lustre/fshomisc/sup/pub/miniforge/24.11.3/envs/nemo-2.4.0+py3.12.10/lib/python3.12/site-packages/nemo/collections/nlp/modules/common/tokenizer_utils.py", line 261, in get_nmt_tokenizer
    self.tokenizer = get_nmt_tokenizer(
                     ^^^^^^^^^^^^^^^^^^
  File "/lustre/fshomisc/sup/pub/miniforge/24.11.3/envs/nemo-2.4.0+py3.12.10/lib/python3.12/site-packages/nemo/collections/nlp/modules/common/tokenizer_utils.py", line 261, in get_nmt_tokenizer
    return get_tokenizer(
           ^^^^^^^^^^^^^^
  File "/lustre/fshomisc/sup/pub/miniforge/24.11.3/envs/nemo-2.4.0+py3.12.10/lib/python3.12/site-packages/nemo/collections/nlp/modules/common/tokenizer_utils.py", line 113, in get_tokenizer
    return get_tokenizer(
           ^^^^^^^^^^^^^^
  File "/lustre/fshomisc/sup/pub/miniforge/24.11.3/envs/nemo-2.4.0+py3.12.10/lib/python3.12/site-packages/nemo/collections/nlp/modules/common/tokenizer_utils.py", line 113, in get_tokenizer
    vocab_file = get_megatron_vocab_file(tokenizer_name)
                 ^^^^^^^^^^^^^^^^^^^^^^^^^^^^^^^^^^^^^^^
  File "/lustre/fshomisc/sup/pub/miniforge/24.11.3/envs/nemo-2.4.0+py3.12.10/lib/python3.12/site-packages/nemo/collections/nlp/modules/common/megatron/megatron_utils.py", line 172, in get_megatron_vocab_file
    vocab_file = get_megatron_vocab_file(tokenizer_name)
                 ^^^^^^^^^^^^^^^^^^^^^^^^^^^^^^^^^^^^^^^
  File "/lustre/fshomisc/sup/pub/miniforge/24.11.3/envs/nemo-2.4.0+py3.12.10/lib/python3.12/site-packages/nemo/collections/nlp/modules/common/megatron/megatron_utils.py", line 172, in get_megatron_vocab_file
    path = _download(path, url)
           ^^^^^^^^^^^^^^^^^^^^
  File "/lustre/fshomisc/sup/pub/miniforge/24.11.3/envs/nemo-2.4.0+py3.12.10/lib/python3.12/site-packages/nemo/collections/nlp/modules/common/megatron/megatron_utils.py", line 226, in _download
    path = _download(path, url)
           ^^^^^^^^^^^^^^^^^^^^
  File "/lustre/fshomisc/sup/pub/miniforge/24.11.3/envs/nemo-2.4.0+py3.12.10/lib/python3.12/site-packages/nemo/collections/nlp/modules/common/megatron/megatron_utils.py", line 226, in _download
    downloaded_path = wget.download(url)
                      ^^^^^^^^^^^^^^^^^^
  File "/lustre/fshomisc/sup/pub/miniforge/24.11.3/envs/nemo-2.4.0+py3.12.10/lib/python3.12/site-packages/wget.py", line 526, in download
    downloaded_path = wget.download(url)
                      ^^^^^^^^^^^^^^^^^^
  File "/lustre/fshomisc/sup/pub/miniforge/24.11.3/envs/nemo-2.4.0+py3.12.10/lib/python3.12/site-packages/wget.py", line 526, in download
    (tmpfile, headers) = ulib.urlretrieve(binurl, tmpfile, callback)
                         ^^^^^^^^^^^^^^^^^^^^^^^^^^^^^^^^^^^^^^^^^^^
  File "/lustre/fshomisc/sup/pub/miniforge/24.11.3/envs/nemo-2.4.0+py3.12.10/lib/python3.12/urllib/request.py", line 240, in urlretrieve
    (tmpfile, headers) = ulib.urlretrieve(binurl, tmpfile, callback)
                         ^^^^^^^^^^^^^^^^^^^^^^^^^^^^^^^^^^^^^^^^^^^
  File "/lustre/fshomisc/sup/pub/miniforge/24.11.3/envs/nemo-2.4.0+py3.12.10/lib/python3.12/urllib/request.py", line 240, in urlretrieve
    with contextlib.closing(urlopen(url, data)) as fp:
                            ^^^^^^^^^^^^^^^^^^
  File "/lustre/fshomisc/sup/pub/miniforge/24.11.3/envs/nemo-2.4.0+py3.12.10/lib/python3.12/urllib/request.py", line 215, in urlopen
    with contextlib.closing(urlopen(url, data)) as fp:
    return opener.open(url, data, timeout)
                            ^^^^^^^^^^^^^^^^^^
  File "/lustre/fshomisc/sup/pub/miniforge/24.11.3/envs/nemo-2.4.0+py3.12.10/lib/python3.12/urllib/request.py", line 215, in urlopen
           ^^^^^^^^^^^^^^^^^^^^^^^^^^^^^^^
  File "/lustre/fshomisc/sup/pub/miniforge/24.11.3/envs/nemo-2.4.0+py3.12.10/lib/python3.12/urllib/request.py", line 515, in open
    return opener.open(url, data, timeout)
           ^^^^^^^^^^^^^^^^^^^^^^^^^^^^^^^
  File "/lustre/fshomisc/sup/pub/miniforge/24.11.3/envs/nemo-2.4.0+py3.12.10/lib/python3.12/urllib/request.py", line 515, in open
    response = self._open(req, data)
               ^^^^^^^^^^^^^^^^^^^^^
  File "/lustre/fshomisc/sup/pub/miniforge/24.11.3/envs/nemo-2.4.0+py3.12.10/lib/python3.12/urllib/request.py", line 532, in _open
    response = self._open(req, data)
               ^^^^^^^^^^^^^^^^^^^^^
  File "/lustre/fshomisc/sup/pub/miniforge/24.11.3/envs/nemo-2.4.0+py3.12.10/lib/python3.12/urllib/request.py", line 532, in _open
    result = self._call_chain(self.handle_open, protocol, protocol +
             ^^^^^^^^^^^^^^^^^^^^^^^^^^^^^^^^^^^^^^^^^^^^^^^^^^^^^^^
  File "/lustre/fshomisc/sup/pub/miniforge/24.11.3/envs/nemo-2.4.0+py3.12.10/lib/python3.12/urllib/request.py", line 492, in _call_chain
    result = self._call_chain(self.handle_open, protocol, protocol +
             ^^^^^^^^^^^^^^^^^^^^^^^^^^^^^^^^^^^^^^^^^^^^^^^^^^^^^^^
  File "/lustre/fshomisc/sup/pub/miniforge/24.11.3/envs/nemo-2.4.0+py3.12.10/lib/python3.12/urllib/request.py", line 492, in _call_chain
    result = func(*args)
             ^^^^^^^^^^^
  File "/lustre/fshomisc/sup/pub/miniforge/24.11.3/envs/nemo-2.4.0+py3.12.10/lib/python3.12/urllib/request.py", line 1392, in https_open
    result = func(*args)
             ^^^^^^^^^^^
  File "/lustre/fshomisc/sup/pub/miniforge/24.11.3/envs/nemo-2.4.0+py3.12.10/lib/python3.12/urllib/request.py", line 1392, in https_open
    return self.do_open(http.client.HTTPSConnection, req,
           ^^^^^^^^^^^^^^^^^^^^^^^^^^^^^^^^^^^^^^^^^^^^^^
  File "/lustre/fshomisc/sup/pub/miniforge/24.11.3/envs/nemo-2.4.0+py3.12.10/lib/python3.12/urllib/request.py", line 1347, in do_open
    return self.do_open(http.client.HTTPSConnection, req,
           ^^^^^^^^^^^^^^^^^^^^^^^^^^^^^^^^^^^^^^^^^^^^^^
  File "/lustre/fshomisc/sup/pub/miniforge/24.11.3/envs/nemo-2.4.0+py3.12.10/lib/python3.12/urllib/request.py", line 1347, in do_open
    raise URLError(err)
urllib.error.URLError: <urlopen error [Errno 101] Network is unreachable>
    raise URLError(err)
urllib.error.URLError: <urlopen error [Errno 101] Network is unreachable>
Traceback (most recent call last):
  File "/lustre/fshomisc/sup/pub/miniforge/24.11.3/envs/nemo-2.4.0+py3.12.10/lib/python3.12/urllib/request.py", line 1344, in do_open
    h.request(req.get_method(), req.selector, req.data, headers,
  File "/lustre/fshomisc/sup/pub/miniforge/24.11.3/envs/nemo-2.4.0+py3.12.10/lib/python3.12/http/client.py", line 1338, in request
    self._send_request(method, url, body, headers, encode_chunked)
  File "/lustre/fshomisc/sup/pub/miniforge/24.11.3/envs/nemo-2.4.0+py3.12.10/lib/python3.12/http/client.py", line 1384, in _send_request
    self.endheaders(body, encode_chunked=encode_chunked)
  File "/lustre/fshomisc/sup/pub/miniforge/24.11.3/envs/nemo-2.4.0+py3.12.10/lib/python3.12/http/client.py", line 1333, in endheaders
    self._send_output(message_body, encode_chunked=encode_chunked)
  File "/lustre/fshomisc/sup/pub/miniforge/24.11.3/envs/nemo-2.4.0+py3.12.10/lib/python3.12/http/client.py", line 1093, in _send_output
    self.send(msg)
  File "/lustre/fshomisc/sup/pub/miniforge/24.11.3/envs/nemo-2.4.0+py3.12.10/lib/python3.12/http/client.py", line 1037, in send
    self.connect()
  File "/lustre/fshomisc/sup/pub/miniforge/24.11.3/envs/nemo-2.4.0+py3.12.10/lib/python3.12/http/client.py", line 1472, in connect
    super().connect()
  File "/lustre/fshomisc/sup/pub/miniforge/24.11.3/envs/nemo-2.4.0+py3.12.10/lib/python3.12/http/client.py", line 1003, in connect
    self.sock = self._create_connection(
                ^^^^^^^^^^^^^^^^^^^^^^^^
  File "/lustre/fshomisc/sup/pub/miniforge/24.11.3/envs/nemo-2.4.0+py3.12.10/lib/python3.12/socket.py", line 865, in create_connection
    raise exceptions[0]
  File "/lustre/fshomisc/sup/pub/miniforge/24.11.3/envs/nemo-2.4.0+py3.12.10/lib/python3.12/socket.py", line 850, in create_connection
    sock.connect(sa)
OSError: [Errno 101] Network is unreachable

During handling of the above exception, another exception occurred:

Traceback (most recent call last):
  File "/lustre/fswork/projects/idris/sos/ssos040/Bench_InstructFT_Tulu3/InstructFT/nemo_test.py", line 11, in <module>
    data = llm.MockDataModule(seq_length=seq_length, global_batch_size=global_batch_size)
           ^^^^^^^^^^^^^^^^^^^^^^^^^^^^^^^^^^^^^^^^^^^^^^^^^^^^^^^^^^^^^^^^^^^^^^^^^^^^^^
  File "/lustre/fshomisc/sup/pub/miniforge/24.11.3/envs/nemo-2.4.0+py3.12.10/lib/python3.12/site-packages/nemo/collections/llm/gpt/data/mock.py", line 86, in __init__
    self.tokenizer = get_nmt_tokenizer(
                     ^^^^^^^^^^^^^^^^^^
  File "/lustre/fshomisc/sup/pub/miniforge/24.11.3/envs/nemo-2.4.0+py3.12.10/lib/python3.12/site-packages/nemo/collections/nlp/modules/common/tokenizer_utils.py", line 261, in get_nmt_tokenizer
    return get_tokenizer(
           ^^^^^^^^^^^^^^
  File "/lustre/fshomisc/sup/pub/miniforge/24.11.3/envs/nemo-2.4.0+py3.12.10/lib/python3.12/site-packages/nemo/collections/nlp/modules/common/tokenizer_utils.py", line 113, in get_tokenizer
    vocab_file = get_megatron_vocab_file(tokenizer_name)
                 ^^^^^^^^^^^^^^^^^^^^^^^^^^^^^^^^^^^^^^^
  File "/lustre/fshomisc/sup/pub/miniforge/24.11.3/envs/nemo-2.4.0+py3.12.10/lib/python3.12/site-packages/nemo/collections/nlp/modules/common/megatron/megatron_utils.py", line 172, in get_megatron_vocab_file
    path = _download(path, url)
           ^^^^^^^^^^^^^^^^^^^^
  File "/lustre/fshomisc/sup/pub/miniforge/24.11.3/envs/nemo-2.4.0+py3.12.10/lib/python3.12/site-packages/nemo/collections/nlp/modules/common/megatron/megatron_utils.py", line 226, in _download
    downloaded_path = wget.download(url)
                      ^^^^^^^^^^^^^^^^^^
  File "/lustre/fshomisc/sup/pub/miniforge/24.11.3/envs/nemo-2.4.0+py3.12.10/lib/python3.12/site-packages/wget.py", line 526, in download
    (tmpfile, headers) = ulib.urlretrieve(binurl, tmpfile, callback)
                         ^^^^^^^^^^^^^^^^^^^^^^^^^^^^^^^^^^^^^^^^^^^
  File "/lustre/fshomisc/sup/pub/miniforge/24.11.3/envs/nemo-2.4.0+py3.12.10/lib/python3.12/urllib/request.py", line 240, in urlretrieve
    with contextlib.closing(urlopen(url, data)) as fp:
                            ^^^^^^^^^^^^^^^^^^
  File "/lustre/fshomisc/sup/pub/miniforge/24.11.3/envs/nemo-2.4.0+py3.12.10/lib/python3.12/urllib/request.py", line 215, in urlopen
    return opener.open(url, data, timeout)
           ^^^^^^^^^^^^^^^^^^^^^^^^^^^^^^^
  File "/lustre/fshomisc/sup/pub/miniforge/24.11.3/envs/nemo-2.4.0+py3.12.10/lib/python3.12/urllib/request.py", line 515, in open
    response = self._open(req, data)
               ^^^^^^^^^^^^^^^^^^^^^
  File "/lustre/fshomisc/sup/pub/miniforge/24.11.3/envs/nemo-2.4.0+py3.12.10/lib/python3.12/urllib/request.py", line 532, in _open
    result = self._call_chain(self.handle_open, protocol, protocol +
             ^^^^^^^^^^^^^^^^^^^^^^^^^^^^^^^^^^^^^^^^^^^^^^^^^^^^^^^
  File "/lustre/fshomisc/sup/pub/miniforge/24.11.3/envs/nemo-2.4.0+py3.12.10/lib/python3.12/urllib/request.py", line 492, in _call_chain
    result = func(*args)
             ^^^^^^^^^^^
  File "/lustre/fshomisc/sup/pub/miniforge/24.11.3/envs/nemo-2.4.0+py3.12.10/lib/python3.12/urllib/request.py", line 1392, in https_open
    return self.do_open(http.client.HTTPSConnection, req,
           ^^^^^^^^^^^^^^^^^^^^^^^^^^^^^^^^^^^^^^^^^^^^^^
  File "/lustre/fshomisc/sup/pub/miniforge/24.11.3/envs/nemo-2.4.0+py3.12.10/lib/python3.12/urllib/request.py", line 1347, in do_open
    raise URLError(err)
urllib.error.URLError: <urlopen error [Errno 101] Network is unreachable>
Traceback (most recent call last):
  File "/lustre/fshomisc/sup/pub/miniforge/24.11.3/envs/nemo-2.4.0+py3.12.10/lib/python3.12/urllib/request.py", line 1344, in do_open
    h.request(req.get_method(), req.selector, req.data, headers,
  File "/lustre/fshomisc/sup/pub/miniforge/24.11.3/envs/nemo-2.4.0+py3.12.10/lib/python3.12/http/client.py", line 1338, in request
    self._send_request(method, url, body, headers, encode_chunked)
  File "/lustre/fshomisc/sup/pub/miniforge/24.11.3/envs/nemo-2.4.0+py3.12.10/lib/python3.12/http/client.py", line 1384, in _send_request
    self.endheaders(body, encode_chunked=encode_chunked)
  File "/lustre/fshomisc/sup/pub/miniforge/24.11.3/envs/nemo-2.4.0+py3.12.10/lib/python3.12/http/client.py", line 1333, in endheaders
    self._send_output(message_body, encode_chunked=encode_chunked)
  File "/lustre/fshomisc/sup/pub/miniforge/24.11.3/envs/nemo-2.4.0+py3.12.10/lib/python3.12/http/client.py", line 1093, in _send_output
    self.send(msg)
  File "/lustre/fshomisc/sup/pub/miniforge/24.11.3/envs/nemo-2.4.0+py3.12.10/lib/python3.12/http/client.py", line 1037, in send
    self.connect()
  File "/lustre/fshomisc/sup/pub/miniforge/24.11.3/envs/nemo-2.4.0+py3.12.10/lib/python3.12/http/client.py", line 1472, in connect
    super().connect()
  File "/lustre/fshomisc/sup/pub/miniforge/24.11.3/envs/nemo-2.4.0+py3.12.10/lib/python3.12/http/client.py", line 1003, in connect
    self.sock = self._create_connection(
                ^^^^^^^^^^^^^^^^^^^^^^^^
  File "/lustre/fshomisc/sup/pub/miniforge/24.11.3/envs/nemo-2.4.0+py3.12.10/lib/python3.12/socket.py", line 865, in create_connection
    raise exceptions[0]
  File "/lustre/fshomisc/sup/pub/miniforge/24.11.3/envs/nemo-2.4.0+py3.12.10/lib/python3.12/socket.py", line 850, in create_connection
    sock.connect(sa)
OSError: [Errno 101] Network is unreachable

During handling of the above exception, another exception occurred:

Traceback (most recent call last):
  File "/lustre/fswork/projects/idris/sos/ssos040/Bench_InstructFT_Tulu3/InstructFT/nemo_test.py", line 11, in <module>
    data = llm.MockDataModule(seq_length=seq_length, global_batch_size=global_batch_size)
           ^^^^^^^^^^^^^^^^^^^^^^^^^^^^^^^^^^^^^^^^^^^^^^^^^^^^^^^^^^^^^^^^^^^^^^^^^^^^^^
  File "/lustre/fshomisc/sup/pub/miniforge/24.11.3/envs/nemo-2.4.0+py3.12.10/lib/python3.12/site-packages/nemo/collections/llm/gpt/data/mock.py", line 86, in __init__
    self.tokenizer = get_nmt_tokenizer(
                     ^^^^^^^^^^^^^^^^^^
  File "/lustre/fshomisc/sup/pub/miniforge/24.11.3/envs/nemo-2.4.0+py3.12.10/lib/python3.12/site-packages/nemo/collections/nlp/modules/common/tokenizer_utils.py", line 261, in get_nmt_tokenizer
    return get_tokenizer(
           ^^^^^^^^^^^^^^
  File "/lustre/fshomisc/sup/pub/miniforge/24.11.3/envs/nemo-2.4.0+py3.12.10/lib/python3.12/site-packages/nemo/collections/nlp/modules/common/tokenizer_utils.py", line 113, in get_tokenizer
    vocab_file = get_megatron_vocab_file(tokenizer_name)
                 ^^^^^^^^^^^^^^^^^^^^^^^^^^^^^^^^^^^^^^^
  File "/lustre/fshomisc/sup/pub/miniforge/24.11.3/envs/nemo-2.4.0+py3.12.10/lib/python3.12/site-packages/nemo/collections/nlp/modules/common/megatron/megatron_utils.py", line 172, in get_megatron_vocab_file
    path = _download(path, url)
           ^^^^^^^^^^^^^^^^^^^^
  File "/lustre/fshomisc/sup/pub/miniforge/24.11.3/envs/nemo-2.4.0+py3.12.10/lib/python3.12/site-packages/nemo/collections/nlp/modules/common/megatron/megatron_utils.py", line 226, in _download
    downloaded_path = wget.download(url)
                      ^^^^^^^^^^^^^^^^^^
  File "/lustre/fshomisc/sup/pub/miniforge/24.11.3/envs/nemo-2.4.0+py3.12.10/lib/python3.12/site-packages/wget.py", line 526, in download
    (tmpfile, headers) = ulib.urlretrieve(binurl, tmpfile, callback)
                         ^^^^^^^^^^^^^^^^^^^^^^^^^^^^^^^^^^^^^^^^^^^
  File "/lustre/fshomisc/sup/pub/miniforge/24.11.3/envs/nemo-2.4.0+py3.12.10/lib/python3.12/urllib/request.py", line 240, in urlretrieve
    with contextlib.closing(urlopen(url, data)) as fp:
                            ^^^^^^^^^^^^^^^^^^
  File "/lustre/fshomisc/sup/pub/miniforge/24.11.3/envs/nemo-2.4.0+py3.12.10/lib/python3.12/urllib/request.py", line 215, in urlopen
    return opener.open(url, data, timeout)
           ^^^^^^^^^^^^^^^^^^^^^^^^^^^^^^^
  File "/lustre/fshomisc/sup/pub/miniforge/24.11.3/envs/nemo-2.4.0+py3.12.10/lib/python3.12/urllib/request.py", line 515, in open
    response = self._open(req, data)
               ^^^^^^^^^^^^^^^^^^^^^
  File "/lustre/fshomisc/sup/pub/miniforge/24.11.3/envs/nemo-2.4.0+py3.12.10/lib/python3.12/urllib/request.py", line 532, in _open
    result = self._call_chain(self.handle_open, protocol, protocol +
             ^^^^^^^^^^^^^^^^^^^^^^^^^^^^^^^^^^^^^^^^^^^^^^^^^^^^^^^
  File "/lustre/fshomisc/sup/pub/miniforge/24.11.3/envs/nemo-2.4.0+py3.12.10/lib/python3.12/urllib/request.py", line 492, in _call_chain
    result = func(*args)
             ^^^^^^^^^^^
  File "/lustre/fshomisc/sup/pub/miniforge/24.11.3/envs/nemo-2.4.0+py3.12.10/lib/python3.12/urllib/request.py", line 1392, in https_open
    return self.do_open(http.client.HTTPSConnection, req,
           ^^^^^^^^^^^^^^^^^^^^^^^^^^^^^^^^^^^^^^^^^^^^^^
  File "/lustre/fshomisc/sup/pub/miniforge/24.11.3/envs/nemo-2.4.0+py3.12.10/lib/python3.12/urllib/request.py", line 1347, in do_open
    raise URLError(err)
urllib.error.URLError: <urlopen error [Errno 101] Network is unreachable>
WARNING[XFORMERS]: xFormers can't load C++/CUDA extensions. xFormers was built for:
    PyTorch 2.7.0+cu126 with CUDA 1206 (you have 2.8.0)
    Python  3.12.10 (you have 3.12.10)
  Please reinstall xformers (see https://github.com/facebookresearch/xformers#installing-xformers)
  Memory-efficient attention, SwiGLU, sparse and more won't be available.
  Set XFORMERS_MORE_DETAILS=1 for more details
WARNING[XFORMERS]: xFormers can't load C++/CUDA extensions. xFormers was built for:
    PyTorch 2.7.0+cu126 with CUDA 1206 (you have 2.8.0)
    Python  3.12.10 (you have 3.12.10)
  Please reinstall xformers (see https://github.com/facebookresearch/xformers#installing-xformers)
  Memory-efficient attention, SwiGLU, sparse and more won't be available.
  Set XFORMERS_MORE_DETAILS=1 for more details
WARNING[XFORMERS]: xFormers can't load C++/CUDA extensions. xFormers was built for:
    PyTorch 2.7.0+cu126 with CUDA 1206 (you have 2.8.0)
    Python  3.12.10 (you have 3.12.10)
  Please reinstall xformers (see https://github.com/facebookresearch/xformers#installing-xformers)
  Memory-efficient attention, SwiGLU, sparse and more won't be available.
  Set XFORMERS_MORE_DETAILS=1 for more details
WARNING[XFORMERS]: xFormers can't load C++/CUDA extensions. xFormers was built for:
    PyTorch 2.7.0+cu126 with CUDA 1206 (you have 2.8.0)
    Python  3.12.10 (you have 3.12.10)
  Please reinstall xformers (see https://github.com/facebookresearch/xformers#installing-xformers)
  Memory-efficient attention, SwiGLU, sparse and more won't be available.
  Set XFORMERS_MORE_DETAILS=1 for more details
srun: error: jzxh003: tasks 0-1: Exited with exit code 1
srun: Terminating StepId=1558613.0
srun: error: jzxh159: task 23: Exited with exit code 1
srun: error: jzxh161: tasks 28-29,31: Exited with exit code 1
slurmstepd: error: *** STEP 1558613.0 ON jzxh003 CANCELLED AT 2025-11-10T14:13:53 ***
srun: error: jzxh161: task 30: Exited with exit code 1
srun: error: jzxh003: tasks 2-3: Exited with exit code 1
srun: error: jzxh159: tasks 20-22: Exited with exit code 1
srun: error: jzxh091: tasks 6-7: Terminated
srun: error: jzxh122: tasks 12,15: Terminated
srun: error: jzxh160: tasks 24-25,27: Terminated
srun: error: jzxh160: task 26: Terminated
srun: error: jzxh091: tasks 4-5: Terminated
srun: error: jzxh122: tasks 13-14: Terminated
srun: error: jzxh123: tasks 16-19: Terminated
srun: error: jzxh092: tasks 8-11: Terminated
srun: Force Terminated StepId=1558613.0

real	0m47.282s
user	0m0.013s
sys	0m0.034s
+ date
