/var/spool/slurmd/job1549627/slurm_script: line 21: export: `=': not a valid identifier
/var/spool/slurmd/job1549627/slurm_script: line 21: export: `/lustre/fswork/projects/idris/sos/ssos040,/lustre/fswork/projects/idris/sos/commun,/lustre/fsmisc/dataset,/lustre/fsn1/projects/idris/sos/ssos040,/lustre/fsn1/projects/idris/sos/commun,/lustre/fsn1/jobscratch/ssos040_1549627/': not a valid identifier
+ srun singularity exec --nv /lustre/fsn1/singularity/images/ssos040/nemo2506_amd.sif --bind fsdp2.py --test --model Qwen/Qwen2.5-72B-Instruct --fsdp-checkpointing 7/8 --bsz 2 --grad-acc 1 --compile
FATAL:   "--bind": executable file not found in $PATH
FATAL:   "--bind": executable file not found in $PATH
FATAL:   "--bind": executable file not found in $PATH
FATAL:   "--bind": executable file not found in $PATH
FATAL:   "--bind": executable file not found in $PATH
FATAL:   "--bind": executable file not found in $PATH
FATAL:   "--bind": executable file not found in $PATH
FATAL:   "--bind": executable file not found in $PATH
FATAL:   "--bind": executable file not found in $PATH
FATAL:   "--bind": executable file not found in $PATH
FATAL:   "--bind": executable file not found in $PATH
FATAL:   "--bind": executable file not found in $PATH
srun: error: jzxh122: task 12: Exited with exit code 255
srun: Terminating StepId=1549627.0
FATAL:   "--bind": executable file not found in $PATH
slurmstepd: error: *** STEP 1549627.0 ON jzxh003 CANCELLED AT 2025-11-10T00:59:51 ***
FATAL:   "--bind": executable file not found in $PATH
FATAL:   "--bind": executable file not found in $PATH
FATAL:   "--bind": executable file not found in $PATH
FATAL:   "--bind": executable file not found in $PATH
FATAL:   "--bind": executable file not found in $PATH
FATAL:   "--bind": executable file not found in $PATH
FATAL:   "--bind": executable file not found in $PATH
FATAL:   "--bind": executable file not found in $PATH
FATAL:   "--bind": executable file not found in $PATH
FATAL:   "--bind": executable file not found in $PATH
FATAL:   "--bind": executable file not found in $PATH
FATAL:   "--bind": executable file not found in $PATH
FATAL:   "--bind": executable file not found in $PATH
FATAL:   "--bind": executable file not found in $PATH
FATAL:   "--bind": executable file not found in $PATH
FATAL:   "--bind": executable file not found in $PATH
FATAL:   "--bind": executable file not found in $PATH
FATAL:   "--bind": executable file not found in $PATH
FATAL:   "--bind": executable file not found in $PATH
FATAL:   "--bind": executable file not found in $PATH
FATAL:   "--bind": executable file not found in $PATH
FATAL:   "--bind": executable file not found in $PATH
FATAL:   "--bind": executable file not found in $PATH
FATAL:   "--bind": executable file not found in $PATH
FATAL:   "--bind": executable file not found in $PATH
FATAL:   "--bind": executable file not found in $PATH
FATAL:   "--bind": executable file not found in $PATH
FATAL:   "--bind": executable file not found in $PATH
srun: error: jzxh336: tasks 48-49,51: Exited with exit code 255
srun: error: jzxh159: tasks 36,39: Exited with exit code 255
srun: error: jzxh092: tasks 8-9,11: Exited with exit code 255
FATAL:   "--bind": executable file not found in $PATH
FATAL:   "--bind": executable file not found in $PATH
srun: error: jzxh122: tasks 13-14: Exited with exit code 255
FATAL:   "--bind": executable file not found in $PATH
srun: error: jzxh161: tasks 44-46: Exited with exit code 255
FATAL:   "--bind": executable file not found in $PATH
srun: error: jzxh160: tasks 41-43: Exited with exit code 255
srun: error: jzxh003: tasks 0-2: Exited with exit code 255
srun: error: jzxh126: tasks 24,26-27: Exited with exit code 255
srun: error: jzxh091: tasks 4-5,7: Exited with exit code 255
srun: error: jzxh337: tasks 53-55: Exited with exit code 255
srun: error: jzxh357: tasks 60-61,63: Exited with exit code 255
srun: error: jzxh356: tasks 56-57,59: Exited with exit code 255
srun: error: jzxh139: tasks 28-29,31: Exited with exit code 255
srun: error: jzxh140: tasks 33-35: Exited with exit code 255
srun: error: jzxh123: tasks 16,18-19: Exited with exit code 255
srun: error: jzxh159: task 38: Exited with exit code 255
FATAL:   "--bind": executable file not found in $PATH
FATAL:   "--bind": executable file not found in $PATH
srun: error: jzxh336: task 50: Exited with exit code 255
srun: error: jzxh092: task 10: Exited with exit code 255
FATAL:   "--bind": executable file not found in $PATH
FATAL:   "--bind": executable file not found in $PATH
FATAL:   "--bind": executable file not found in $PATH
FATAL:   "--bind": executable file not found in $PATH
FATAL:   "--bind": executable file not found in $PATH
FATAL:   "--bind": executable file not found in $PATH
FATAL:   "--bind": executable file not found in $PATH
FATAL:   "--bind": executable file not found in $PATH
srun: error: jzxh122: task 15: Exited with exit code 255
srun: error: jzxh160: task 40: Exited with exit code 255
FATAL:   "--bind": executable file not found in $PATH
srun: error: jzxh161: task 47: Exited with exit code 255
srun: error: jzxh337: task 52: Exited with exit code 255
FATAL:   "--bind": executable file not found in $PATH
srun: error: jzxh003: task 3: Exited with exit code 255
FATAL:   "--bind": executable file not found in $PATH
srun: error: jzxh126: task 25: Exited with exit code 255
srun: error: jzxh091: task 6: Exited with exit code 255
srun: error: jzxh159: task 37: Exited with exit code 255
srun: error: jzxh357: task 62: Exited with exit code 255
FATAL:   "--bind": executable file not found in $PATH
FATAL:   "--bind": executable file not found in $PATH
srun: error: jzxh356: task 58: Exited with exit code 255
srun: error: jzxh139: task 30: Exited with exit code 255
srun: error: jzxh140: task 32: Exited with exit code 255
srun: error: jzxh123: task 17: Exited with exit code 255
FATAL:   "--bind": executable file not found in $PATH
srun: error: jzxh125: task 22: Exited with exit code 255
FATAL:   "--bind": executable file not found in $PATH
FATAL:   "--bind": executable file not found in $PATH
srun: error: jzxh125: tasks 20,23: Exited with exit code 255
FATAL:   "--bind": executable file not found in $PATH
srun: error: jzxh125: task 21: Exited with exit code 255

real	0m11.346s
user	0m0.016s
sys	0m0.015s
+ date
