+ srun singularity exec --nv /lustre/fsn1/singularity/images/ssos040/nemo2506_amd.sif --bind .py --test --model Qwen/Qwen2.5-72B-Instruct --fsdp-checkpointing 7/8 --bsz 2 --grad-acc 1 --compile
FATAL:   "--bind": executable file not found in $PATH
FATAL:   "--bind": executable file not found in $PATH
FATAL:   "--bind": executable file not found in $PATH
FATAL:   "--bind": executable file not found in $PATH
FATAL:   "--bind": executable file not found in $PATH
FATAL:   "--bind": executable file not found in $PATH
FATAL:   "--bind": executable file not found in $PATH
FATAL:   "--bind": executable file not found in $PATH
FATAL:   "--bind": executable file not found in $PATH
FATAL:   "--bind": executable file not found in $PATH
FATAL:   "--bind": executable file not found in $PATH
FATAL:   "--bind": executable file not found in $PATH
FATAL:   "--bind": executable file not found in $PATH
FATAL:   "--bind": executable file not found in $PATH
FATAL:   "--bind": executable file not found in $PATH
FATAL:   "--bind": executable file not found in $PATH
FATAL:   "--bind": executable file not found in $PATH
FATAL:   "--bind": executable file not found in $PATH
FATAL:   "--bind": executable file not found in $PATH
FATAL:   "--bind": executable file not found in $PATH
FATAL:   "--bind": executable file not found in $PATH
FATAL:   "--bind": executable file not found in $PATH
FATAL:   "--bind": executable file not found in $PATH
FATAL:   "--bind": executable file not found in $PATH
FATAL:   "--bind": executable file not found in $PATH
FATAL:   "--bind": executable file not found in $PATH
FATAL:   "--bind": executable file not found in $PATH
FATAL:   "--bind": executable file not found in $PATH
FATAL:   "--bind": executable file not found in $PATH
FATAL:   "--bind": executable file not found in $PATH
FATAL:   "--bind": executable file not found in $PATH
FATAL:   "--bind": executable file not found in $PATH
FATAL:   "--bind": executable file not found in $PATH
FATAL:   "--bind": executable file not found in $PATH
FATAL:   "--bind": executable file not found in $PATH
FATAL:   "--bind": executable file not found in $PATH
FATAL:   "--bind": executable file not found in $PATH
FATAL:   "--bind": executable file not found in $PATH
srun: error: jzxh356: tasks 58-59: Exited with exit code 255
srun: Terminating StepId=1549620.0
FATAL:   "--bind": executable file not found in $PATH
slurmstepd: error: *** STEP 1549620.0 ON jzxh003 CANCELLED AT 2025-11-10T00:57:40 ***
FATAL:   "--bind": executable file not found in $PATH
FATAL:   "--bind": executable file not found in $PATH
FATAL:   "--bind": executable file not found in $PATH
FATAL:   "--bind": executable file not found in $PATH
FATAL:   "--bind": executable file not found in $PATH
FATAL:   "--bind": executable file not found in $PATH
srun: error: jzxh160: tasks 40,42-43: Exited with exit code 255
FATAL:   "--bind": executable file not found in $PATH
FATAL:   "--bind": executable file not found in $PATH
FATAL:   "--bind": executable file not found in $PATH
srun: error: jzxh336: tasks 48-49,51: Exited with exit code 255
srun: error: jzxh126: tasks 24,26-27: Exited with exit code 255
srun: error: jzxh337: tasks 52-53,55: Exited with exit code 255
srun: error: jzxh091: tasks 4-6: Exited with exit code 255
srun: error: jzxh092: tasks 8-9,11: Exited with exit code 255
srun: error: jzxh139: tasks 28,30-31: Exited with exit code 255
srun: error: jzxh125: tasks 21-23: Exited with exit code 255
srun: error: jzxh003: tasks 0,2-3: Exited with exit code 255
srun: error: jzxh122: tasks 12-14: Exited with exit code 255
srun: error: jzxh357: tasks 60-61,63: Exited with exit code 255
srun: error: jzxh140: tasks 32-33,35: Exited with exit code 255
srun: error: jzxh356: task 56: Exited with exit code 255
srun: error: jzxh159: tasks 36-38: Exited with exit code 255
srun: error: jzxh161: tasks 44-46: Exited with exit code 255
srun: error: jzxh123: tasks 16-18: Exited with exit code 255
FATAL:   "--bind": executable file not found in $PATH
FATAL:   "--bind": executable file not found in $PATH
FATAL:   "--bind": executable file not found in $PATH
FATAL:   "--bind": executable file not found in $PATH
FATAL:   "--bind": executable file not found in $PATH
srun: error: jzxh160: task 41: Exited with exit code 255
FATAL:   "--bind": executable file not found in $PATH
FATAL:   "--bind": executable file not found in $PATH
FATAL:   "--bind": executable file not found in $PATH
FATAL:   "--bind": executable file not found in $PATH
srun: error: jzxh337: task 54: Exited with exit code 255
FATAL:   "--bind": executable file not found in $PATH
srun: error: jzxh092: task 10: Exited with exit code 255
srun: error: jzxh336: task 50: Exited with exit code 255
srun: error: jzxh126: task 25: Exited with exit code 255
FATAL:   "--bind": executable file not found in $PATH
FATAL:   "--bind": executable file not found in $PATH
srun: error: jzxh003: task 1: Exited with exit code 255
srun: error: jzxh356: task 57: Exited with exit code 255
srun: error: jzxh139: task 29: Exited with exit code 255
srun: error: jzxh091: task 7: Exited with exit code 255
srun: error: jzxh125: task 20: Exited with exit code 255
FATAL:   "--bind": executable file not found in $PATH
FATAL:   "--bind": executable file not found in $PATH
srun: error: jzxh122: task 15: Exited with exit code 255
FATAL:   "--bind": executable file not found in $PATH
FATAL:   "--bind": executable file not found in $PATH
srun: error: jzxh140: task 34: Exited with exit code 255
srun: error: jzxh357: task 62: Exited with exit code 255
srun: error: jzxh123: task 19: Exited with exit code 255
srun: error: jzxh159: task 39: Exited with exit code 255
srun: error: jzxh161: task 47: Exited with exit code 255

real	0m10.517s
user	0m0.015s
sys	0m0.016s
+ date
