/var/spool/slurmd/job1550355/slurm_script: line 24: export: `=': not a valid identifier
/var/spool/slurmd/job1550355/slurm_script: line 24: export: `/lustre/fswork/projects/idris/sos/ssos040,/lustre/fswork/projects/idris/sos/commun,/lustre/fsmisc/dataset,/lustre/fsn1/projects/idris/sos/ssos040,/lustre/fsn1/projects/idris/sos/commun,/lustre/fsn1/jobscratch/ssos040_1550355/': not a valid identifier
+ srun singularity exec --nv --bind /lustre/fsn1/singularity/images/ssos040/nemo2506_amd.sif python fsdp2.py --test --model Qwen/Qwen2.5-72B-Instruct --fsdp-checkpointing 7/8 --bsz 2 --grad-acc 1 --compile
FATAL:   While checking image: could not open image /lustre/fswork/projects/idris/sos/ssos040/Bench_InstructFT_Tulu3/InstructFT/python: failed to retrieve path for /lustre/fswork/projects/idris/sos/ssos040/Bench_InstructFT_Tulu3/InstructFT/python: lstat /lustre/fswork/projects/idris/sos/ssos040/Bench_InstructFT_Tulu3/InstructFT/python: no such file or directory
FATAL:   While checking image: could not open image /lustre/fswork/projects/idris/sos/ssos040/Bench_InstructFT_Tulu3/InstructFT/python: failed to retrieve path for /lustre/fswork/projects/idris/sos/ssos040/Bench_InstructFT_Tulu3/InstructFT/python: lstat /lustre/fswork/projects/idris/sos/ssos040/Bench_InstructFT_Tulu3/InstructFT/python: no such file or directory
FATAL:   While checking image: could not open image /lustre/fswork/projects/idris/sos/ssos040/Bench_InstructFT_Tulu3/InstructFT/python: failed to retrieve path for /lustre/fswork/projects/idris/sos/ssos040/Bench_InstructFT_Tulu3/InstructFT/python: lstat /lustre/fswork/projects/idris/sos/ssos040/Bench_InstructFT_Tulu3/InstructFT/python: no such file or directory
FATAL:   While checking image: could not open image /lustre/fswork/projects/idris/sos/ssos040/Bench_InstructFT_Tulu3/InstructFT/python: failed to retrieve path for /lustre/fswork/projects/idris/sos/ssos040/Bench_InstructFT_Tulu3/InstructFT/python: lstat /lustre/fswork/projects/idris/sos/ssos040/Bench_InstructFT_Tulu3/InstructFT/python: no such file or directory
FATAL:   While checking image: could not open image /lustre/fswork/projects/idris/sos/ssos040/Bench_InstructFT_Tulu3/InstructFT/python: failed to retrieve path for /lustre/fswork/projects/idris/sos/ssos040/Bench_InstructFT_Tulu3/InstructFT/python: lstat /lustre/fswork/projects/idris/sos/ssos040/Bench_InstructFT_Tulu3/InstructFT/python: no such file or directory
FATAL:   While checking image: could not open image /lustre/fswork/projects/idris/sos/ssos040/Bench_InstructFT_Tulu3/InstructFT/python: failed to retrieve path for /lustre/fswork/projects/idris/sos/ssos040/Bench_InstructFT_Tulu3/InstructFT/python: lstat /lustre/fswork/projects/idris/sos/ssos040/Bench_InstructFT_Tulu3/InstructFT/python: no such file or directory
FATAL:   While checking image: could not open image /lustre/fswork/projects/idris/sos/ssos040/Bench_InstructFT_Tulu3/InstructFT/python: failed to retrieve path for /lustre/fswork/projects/idris/sos/ssos040/Bench_InstructFT_Tulu3/InstructFT/python: lstat /lustre/fswork/projects/idris/sos/ssos040/Bench_InstructFT_Tulu3/InstructFT/python: no such file or directory
FATAL:   While checking image: could not open image /lustre/fswork/projects/idris/sos/ssos040/Bench_InstructFT_Tulu3/InstructFT/python: failed to retrieve path for /lustre/fswork/projects/idris/sos/ssos040/Bench_InstructFT_Tulu3/InstructFT/python: lstat /lustre/fswork/projects/idris/sos/ssos040/Bench_InstructFT_Tulu3/InstructFT/python: no such file or directory
FATAL:   While checking image: could not open image /lustre/fswork/projects/idris/sos/ssos040/Bench_InstructFT_Tulu3/InstructFT/python: failed to retrieve path for /lustre/fswork/projects/idris/sos/ssos040/Bench_InstructFT_Tulu3/InstructFT/python: lstat /lustre/fswork/projects/idris/sos/ssos040/Bench_InstructFT_Tulu3/InstructFT/python: no such file or directory
FATAL:   While checking image: could not open image /lustre/fswork/projects/idris/sos/ssos040/Bench_InstructFT_Tulu3/InstructFT/python: failed to retrieve path for /lustre/fswork/projects/idris/sos/ssos040/Bench_InstructFT_Tulu3/InstructFT/python: lstat /lustre/fswork/projects/idris/sos/ssos040/Bench_InstructFT_Tulu3/InstructFT/python: no such file or directory
FATAL:   While checking image: could not open image /lustre/fswork/projects/idris/sos/ssos040/Bench_InstructFT_Tulu3/InstructFT/python: failed to retrieve path for /lustre/fswork/projects/idris/sos/ssos040/Bench_InstructFT_Tulu3/InstructFT/python: lstat /lustre/fswork/projects/idris/sos/ssos040/Bench_InstructFT_Tulu3/InstructFT/python: no such file or directory
FATAL:   While checking image: could not open image /lustre/fswork/projects/idris/sos/ssos040/Bench_InstructFT_Tulu3/InstructFT/python: failed to retrieve path for /lustre/fswork/projects/idris/sos/ssos040/Bench_InstructFT_Tulu3/InstructFT/python: lstat /lustre/fswork/projects/idris/sos/ssos040/Bench_InstructFT_Tulu3/InstructFT/python: no such file or directory
FATAL:   While checking image: could not open image /lustre/fswork/projects/idris/sos/ssos040/Bench_InstructFT_Tulu3/InstructFT/python: failed to retrieve path for /lustre/fswork/projects/idris/sos/ssos040/Bench_InstructFT_Tulu3/InstructFT/python: lstat /lustre/fswork/projects/idris/sos/ssos040/Bench_InstructFT_Tulu3/InstructFT/python: no such file or directory
FATAL:   While checking image: could not open image /lustre/fswork/projects/idris/sos/ssos040/Bench_InstructFT_Tulu3/InstructFT/python: failed to retrieve path for /lustre/fswork/projects/idris/sos/ssos040/Bench_InstructFT_Tulu3/InstructFT/python: lstat /lustre/fswork/projects/idris/sos/ssos040/Bench_InstructFT_Tulu3/InstructFT/python: no such file or directory
FATAL:   While checking image: could not open image /lustre/fswork/projects/idris/sos/ssos040/Bench_InstructFT_Tulu3/InstructFT/python: failed to retrieve path for /lustre/fswork/projects/idris/sos/ssos040/Bench_InstructFT_Tulu3/InstructFT/python: lstat /lustre/fswork/projects/idris/sos/ssos040/Bench_InstructFT_Tulu3/InstructFT/python: no such file or directory
FATAL:   While checking image: could not open image /lustre/fswork/projects/idris/sos/ssos040/Bench_InstructFT_Tulu3/InstructFT/python: failed to retrieve path for /lustre/fswork/projects/idris/sos/ssos040/Bench_InstructFT_Tulu3/InstructFT/python: lstat /lustre/fswork/projects/idris/sos/ssos040/Bench_InstructFT_Tulu3/InstructFT/python: no such file or directory
FATAL:   While checking image: could not open image /lustre/fswork/projects/idris/sos/ssos040/Bench_InstructFT_Tulu3/InstructFT/python: failed to retrieve path for /lustre/fswork/projects/idris/sos/ssos040/Bench_InstructFT_Tulu3/InstructFT/python: lstat /lustre/fswork/projects/idris/sos/ssos040/Bench_InstructFT_Tulu3/InstructFT/python: no such file or directory
FATAL:   While checking image: could not open image /lustre/fswork/projects/idris/sos/ssos040/Bench_InstructFT_Tulu3/InstructFT/python: failed to retrieve path for /lustre/fswork/projects/idris/sos/ssos040/Bench_InstructFT_Tulu3/InstructFT/python: lstat /lustre/fswork/projects/idris/sos/ssos040/Bench_InstructFT_Tulu3/InstructFT/python: no such file or directory
FATAL:   While checking image: could not open image /lustre/fswork/projects/idris/sos/ssos040/Bench_InstructFT_Tulu3/InstructFT/python: failed to retrieve path for /lustre/fswork/projects/idris/sos/ssos040/Bench_InstructFT_Tulu3/InstructFT/python: lstat /lustre/fswork/projects/idris/sos/ssos040/Bench_InstructFT_Tulu3/InstructFT/python: no such file or directory
FATAL:   While checking image: could not open image /lustre/fswork/projects/idris/sos/ssos040/Bench_InstructFT_Tulu3/InstructFT/python: failed to retrieve path for /lustre/fswork/projects/idris/sos/ssos040/Bench_InstructFT_Tulu3/InstructFT/python: lstat /lustre/fswork/projects/idris/sos/ssos040/Bench_InstructFT_Tulu3/InstructFT/python: no such file or directory
FATAL:   While checking image: could not open image /lustre/fswork/projects/idris/sos/ssos040/Bench_InstructFT_Tulu3/InstructFT/python: failed to retrieve path for /lustre/fswork/projects/idris/sos/ssos040/Bench_InstructFT_Tulu3/InstructFT/python: lstat /lustre/fswork/projects/idris/sos/ssos040/Bench_InstructFT_Tulu3/InstructFT/python: no such file or directory
FATAL:   While checking image: could not open image /lustre/fswork/projects/idris/sos/ssos040/Bench_InstructFT_Tulu3/InstructFT/python: failed to retrieve path for /lustre/fswork/projects/idris/sos/ssos040/Bench_InstructFT_Tulu3/InstructFT/python: lstat /lustre/fswork/projects/idris/sos/ssos040/Bench_InstructFT_Tulu3/InstructFT/python: no such file or directory
FATAL:   While checking image: could not open image /lustre/fswork/projects/idris/sos/ssos040/Bench_InstructFT_Tulu3/InstructFT/python: failed to retrieve path for /lustre/fswork/projects/idris/sos/ssos040/Bench_InstructFT_Tulu3/InstructFT/python: lstat /lustre/fswork/projects/idris/sos/ssos040/Bench_InstructFT_Tulu3/InstructFT/python: no such file or directory
FATAL:   While checking image: could not open image /lustre/fswork/projects/idris/sos/ssos040/Bench_InstructFT_Tulu3/InstructFT/python: failed to retrieve path for /lustre/fswork/projects/idris/sos/ssos040/Bench_InstructFT_Tulu3/InstructFT/python: lstat /lustre/fswork/projects/idris/sos/ssos040/Bench_InstructFT_Tulu3/InstructFT/python: no such file or directory
FATAL:   While checking image: could not open image /lustre/fswork/projects/idris/sos/ssos040/Bench_InstructFT_Tulu3/InstructFT/python: failed to retrieve path for /lustre/fswork/projects/idris/sos/ssos040/Bench_InstructFT_Tulu3/InstructFT/python: lstat /lustre/fswork/projects/idris/sos/ssos040/Bench_InstructFT_Tulu3/InstructFT/python: no such file or directory
FATAL:   While checking image: could not open image /lustre/fswork/projects/idris/sos/ssos040/Bench_InstructFT_Tulu3/InstructFT/python: failed to retrieve path for /lustre/fswork/projects/idris/sos/ssos040/Bench_InstructFT_Tulu3/InstructFT/python: lstat /lustre/fswork/projects/idris/sos/ssos040/Bench_InstructFT_Tulu3/InstructFT/python: no such file or directory
FATAL:   While checking image: could not open image /lustre/fswork/projects/idris/sos/ssos040/Bench_InstructFT_Tulu3/InstructFT/python: failed to retrieve path for /lustre/fswork/projects/idris/sos/ssos040/Bench_InstructFT_Tulu3/InstructFT/python: lstat /lustre/fswork/projects/idris/sos/ssos040/Bench_InstructFT_Tulu3/InstructFT/python: no such file or directory
FATAL:   While checking image: could not open image /lustre/fswork/projects/idris/sos/ssos040/Bench_InstructFT_Tulu3/InstructFT/python: failed to retrieve path for /lustre/fswork/projects/idris/sos/ssos040/Bench_InstructFT_Tulu3/InstructFT/python: lstat /lustre/fswork/projects/idris/sos/ssos040/Bench_InstructFT_Tulu3/InstructFT/python: no such file or directory
FATAL:   While checking image: could not open image /lustre/fswork/projects/idris/sos/ssos040/Bench_InstructFT_Tulu3/InstructFT/python: failed to retrieve path for /lustre/fswork/projects/idris/sos/ssos040/Bench_InstructFT_Tulu3/InstructFT/python: lstat /lustre/fswork/projects/idris/sos/ssos040/Bench_InstructFT_Tulu3/InstructFT/python: no such file or directory
FATAL:   While checking image: could not open image /lustre/fswork/projects/idris/sos/ssos040/Bench_InstructFT_Tulu3/InstructFT/python: failed to retrieve path for /lustre/fswork/projects/idris/sos/ssos040/Bench_InstructFT_Tulu3/InstructFT/python: lstat /lustre/fswork/projects/idris/sos/ssos040/Bench_InstructFT_Tulu3/InstructFT/python: no such file or directory
FATAL:   While checking image: could not open image /lustre/fswork/projects/idris/sos/ssos040/Bench_InstructFT_Tulu3/InstructFT/python: failed to retrieve path for /lustre/fswork/projects/idris/sos/ssos040/Bench_InstructFT_Tulu3/InstructFT/python: lstat /lustre/fswork/projects/idris/sos/ssos040/Bench_InstructFT_Tulu3/InstructFT/python: no such file or directory
FATAL:   While checking image: could not open image /lustre/fswork/projects/idris/sos/ssos040/Bench_InstructFT_Tulu3/InstructFT/python: failed to retrieve path for /lustre/fswork/projects/idris/sos/ssos040/Bench_InstructFT_Tulu3/InstructFT/python: lstat /lustre/fswork/projects/idris/sos/ssos040/Bench_InstructFT_Tulu3/InstructFT/python: no such file or directory
FATAL:   While checking image: could not open image /lustre/fswork/projects/idris/sos/ssos040/Bench_InstructFT_Tulu3/InstructFT/python: failed to retrieve path for /lustre/fswork/projects/idris/sos/ssos040/Bench_InstructFT_Tulu3/InstructFT/python: lstat /lustre/fswork/projects/idris/sos/ssos040/Bench_InstructFT_Tulu3/InstructFT/python: no such file or directory
FATAL:   While checking image: could not open image /lustre/fswork/projects/idris/sos/ssos040/Bench_InstructFT_Tulu3/InstructFT/python: failed to retrieve path for /lustre/fswork/projects/idris/sos/ssos040/Bench_InstructFT_Tulu3/InstructFT/python: lstat /lustre/fswork/projects/idris/sos/ssos040/Bench_InstructFT_Tulu3/InstructFT/python: no such file or directory
FATAL:   While checking image: could not open image /lustre/fswork/projects/idris/sos/ssos040/Bench_InstructFT_Tulu3/InstructFT/python: failed to retrieve path for /lustre/fswork/projects/idris/sos/ssos040/Bench_InstructFT_Tulu3/InstructFT/python: lstat /lustre/fswork/projects/idris/sos/ssos040/Bench_InstructFT_Tulu3/InstructFT/python: no such file or directory
FATAL:   While checking image: could not open image /lustre/fswork/projects/idris/sos/ssos040/Bench_InstructFT_Tulu3/InstructFT/python: failed to retrieve path for /lustre/fswork/projects/idris/sos/ssos040/Bench_InstructFT_Tulu3/InstructFT/python: lstat /lustre/fswork/projects/idris/sos/ssos040/Bench_InstructFT_Tulu3/InstructFT/python: no such file or directory
FATAL:   While checking image: could not open image /lustre/fswork/projects/idris/sos/ssos040/Bench_InstructFT_Tulu3/InstructFT/python: failed to retrieve path for /lustre/fswork/projects/idris/sos/ssos040/Bench_InstructFT_Tulu3/InstructFT/python: lstat /lustre/fswork/projects/idris/sos/ssos040/Bench_InstructFT_Tulu3/InstructFT/python: no such file or directory
FATAL:   While checking image: could not open image /lustre/fswork/projects/idris/sos/ssos040/Bench_InstructFT_Tulu3/InstructFT/python: failed to retrieve path for /lustre/fswork/projects/idris/sos/ssos040/Bench_InstructFT_Tulu3/InstructFT/python: lstat /lustre/fswork/projects/idris/sos/ssos040/Bench_InstructFT_Tulu3/InstructFT/python: no such file or directory
FATAL:   While checking image: could not open image /lustre/fswork/projects/idris/sos/ssos040/Bench_InstructFT_Tulu3/InstructFT/python: failed to retrieve path for /lustre/fswork/projects/idris/sos/ssos040/Bench_InstructFT_Tulu3/InstructFT/python: lstat /lustre/fswork/projects/idris/sos/ssos040/Bench_InstructFT_Tulu3/InstructFT/python: no such file or directory
FATAL:   While checking image: could not open image /lustre/fswork/projects/idris/sos/ssos040/Bench_InstructFT_Tulu3/InstructFT/python: failed to retrieve path for /lustre/fswork/projects/idris/sos/ssos040/Bench_InstructFT_Tulu3/InstructFT/python: lstat /lustre/fswork/projects/idris/sos/ssos040/Bench_InstructFT_Tulu3/InstructFT/python: no such file or directory
FATAL:   While checking image: could not open image /lustre/fswork/projects/idris/sos/ssos040/Bench_InstructFT_Tulu3/InstructFT/python: failed to retrieve path for /lustre/fswork/projects/idris/sos/ssos040/Bench_InstructFT_Tulu3/InstructFT/python: lstat /lustre/fswork/projects/idris/sos/ssos040/Bench_InstructFT_Tulu3/InstructFT/python: no such file or directory
FATAL:   While checking image: could not open image /lustre/fswork/projects/idris/sos/ssos040/Bench_InstructFT_Tulu3/InstructFT/python: failed to retrieve path for /lustre/fswork/projects/idris/sos/ssos040/Bench_InstructFT_Tulu3/InstructFT/python: lstat /lustre/fswork/projects/idris/sos/ssos040/Bench_InstructFT_Tulu3/InstructFT/python: no such file or directory
FATAL:   While checking image: could not open image /lustre/fswork/projects/idris/sos/ssos040/Bench_InstructFT_Tulu3/InstructFT/python: failed to retrieve path for /lustre/fswork/projects/idris/sos/ssos040/Bench_InstructFT_Tulu3/InstructFT/python: lstat /lustre/fswork/projects/idris/sos/ssos040/Bench_InstructFT_Tulu3/InstructFT/python: no such file or directory
FATAL:   While checking image: could not open image /lustre/fswork/projects/idris/sos/ssos040/Bench_InstructFT_Tulu3/InstructFT/python: failed to retrieve path for /lustre/fswork/projects/idris/sos/ssos040/Bench_InstructFT_Tulu3/InstructFT/python: lstat /lustre/fswork/projects/idris/sos/ssos040/Bench_InstructFT_Tulu3/InstructFT/python: no such file or directory
FATAL:   While checking image: could not open image /lustre/fswork/projects/idris/sos/ssos040/Bench_InstructFT_Tulu3/InstructFT/python: failed to retrieve path for /lustre/fswork/projects/idris/sos/ssos040/Bench_InstructFT_Tulu3/InstructFT/python: lstat /lustre/fswork/projects/idris/sos/ssos040/Bench_InstructFT_Tulu3/InstructFT/python: no such file or directory
FATAL:   While checking image: could not open image /lustre/fswork/projects/idris/sos/ssos040/Bench_InstructFT_Tulu3/InstructFT/python: failed to retrieve path for /lustre/fswork/projects/idris/sos/ssos040/Bench_InstructFT_Tulu3/InstructFT/python: lstat /lustre/fswork/projects/idris/sos/ssos040/Bench_InstructFT_Tulu3/InstructFT/python: no such file or directory
FATAL:   While checking image: could not open image /lustre/fswork/projects/idris/sos/ssos040/Bench_InstructFT_Tulu3/InstructFT/python: failed to retrieve path for /lustre/fswork/projects/idris/sos/ssos040/Bench_InstructFT_Tulu3/InstructFT/python: lstat /lustre/fswork/projects/idris/sos/ssos040/Bench_InstructFT_Tulu3/InstructFT/python: no such file or directory
FATAL:   While checking image: could not open image /lustre/fswork/projects/idris/sos/ssos040/Bench_InstructFT_Tulu3/InstructFT/python: failed to retrieve path for /lustre/fswork/projects/idris/sos/ssos040/Bench_InstructFT_Tulu3/InstructFT/python: lstat /lustre/fswork/projects/idris/sos/ssos040/Bench_InstructFT_Tulu3/InstructFT/python: no such file or directory
FATAL:   While checking image: could not open image /lustre/fswork/projects/idris/sos/ssos040/Bench_InstructFT_Tulu3/InstructFT/python: failed to retrieve path for /lustre/fswork/projects/idris/sos/ssos040/Bench_InstructFT_Tulu3/InstructFT/python: lstat /lustre/fswork/projects/idris/sos/ssos040/Bench_InstructFT_Tulu3/InstructFT/python: no such file or directory
FATAL:   While checking image: could not open image /lustre/fswork/projects/idris/sos/ssos040/Bench_InstructFT_Tulu3/InstructFT/python: failed to retrieve path for /lustre/fswork/projects/idris/sos/ssos040/Bench_InstructFT_Tulu3/InstructFT/python: lstat /lustre/fswork/projects/idris/sos/ssos040/Bench_InstructFT_Tulu3/InstructFT/python: no such file or directory
FATAL:   While checking image: could not open image /lustre/fswork/projects/idris/sos/ssos040/Bench_InstructFT_Tulu3/InstructFT/python: failed to retrieve path for /lustre/fswork/projects/idris/sos/ssos040/Bench_InstructFT_Tulu3/InstructFT/python: lstat /lustre/fswork/projects/idris/sos/ssos040/Bench_InstructFT_Tulu3/InstructFT/python: no such file or directory
FATAL:   While checking image: could not open image /lustre/fswork/projects/idris/sos/ssos040/Bench_InstructFT_Tulu3/InstructFT/python: failed to retrieve path for /lustre/fswork/projects/idris/sos/ssos040/Bench_InstructFT_Tulu3/InstructFT/python: lstat /lustre/fswork/projects/idris/sos/ssos040/Bench_InstructFT_Tulu3/InstructFT/python: no such file or directory
FATAL:   While checking image: could not open image /lustre/fswork/projects/idris/sos/ssos040/Bench_InstructFT_Tulu3/InstructFT/python: failed to retrieve path for /lustre/fswork/projects/idris/sos/ssos040/Bench_InstructFT_Tulu3/InstructFT/python: lstat /lustre/fswork/projects/idris/sos/ssos040/Bench_InstructFT_Tulu3/InstructFT/python: no such file or directory
FATAL:   While checking image: could not open image /lustre/fswork/projects/idris/sos/ssos040/Bench_InstructFT_Tulu3/InstructFT/python: failed to retrieve path for /lustre/fswork/projects/idris/sos/ssos040/Bench_InstructFT_Tulu3/InstructFT/python: lstat /lustre/fswork/projects/idris/sos/ssos040/Bench_InstructFT_Tulu3/InstructFT/python: no such file or directory
FATAL:   While checking image: could not open image /lustre/fswork/projects/idris/sos/ssos040/Bench_InstructFT_Tulu3/InstructFT/python: failed to retrieve path for /lustre/fswork/projects/idris/sos/ssos040/Bench_InstructFT_Tulu3/InstructFT/python: lstat /lustre/fswork/projects/idris/sos/ssos040/Bench_InstructFT_Tulu3/InstructFT/python: no such file or directory
FATAL:   While checking image: could not open image /lustre/fswork/projects/idris/sos/ssos040/Bench_InstructFT_Tulu3/InstructFT/python: failed to retrieve path for /lustre/fswork/projects/idris/sos/ssos040/Bench_InstructFT_Tulu3/InstructFT/python: lstat /lustre/fswork/projects/idris/sos/ssos040/Bench_InstructFT_Tulu3/InstructFT/python: no such file or directory
FATAL:   While checking image: could not open image /lustre/fswork/projects/idris/sos/ssos040/Bench_InstructFT_Tulu3/InstructFT/python: failed to retrieve path for /lustre/fswork/projects/idris/sos/ssos040/Bench_InstructFT_Tulu3/InstructFT/python: lstat /lustre/fswork/projects/idris/sos/ssos040/Bench_InstructFT_Tulu3/InstructFT/python: no such file or directory
FATAL:   While checking image: could not open image /lustre/fswork/projects/idris/sos/ssos040/Bench_InstructFT_Tulu3/InstructFT/python: failed to retrieve path for /lustre/fswork/projects/idris/sos/ssos040/Bench_InstructFT_Tulu3/InstructFT/python: lstat /lustre/fswork/projects/idris/sos/ssos040/Bench_InstructFT_Tulu3/InstructFT/python: no such file or directory
FATAL:   While checking image: could not open image /lustre/fswork/projects/idris/sos/ssos040/Bench_InstructFT_Tulu3/InstructFT/python: failed to retrieve path for /lustre/fswork/projects/idris/sos/ssos040/Bench_InstructFT_Tulu3/InstructFT/python: lstat /lustre/fswork/projects/idris/sos/ssos040/Bench_InstructFT_Tulu3/InstructFT/python: no such file or directory
FATAL:   While checking image: could not open image /lustre/fswork/projects/idris/sos/ssos040/Bench_InstructFT_Tulu3/InstructFT/python: failed to retrieve path for /lustre/fswork/projects/idris/sos/ssos040/Bench_InstructFT_Tulu3/InstructFT/python: lstat /lustre/fswork/projects/idris/sos/ssos040/Bench_InstructFT_Tulu3/InstructFT/python: no such file or directory
FATAL:   While checking image: could not open image /lustre/fswork/projects/idris/sos/ssos040/Bench_InstructFT_Tulu3/InstructFT/python: failed to retrieve path for /lustre/fswork/projects/idris/sos/ssos040/Bench_InstructFT_Tulu3/InstructFT/python: lstat /lustre/fswork/projects/idris/sos/ssos040/Bench_InstructFT_Tulu3/InstructFT/python: no such file or directory
FATAL:   While checking image: could not open image /lustre/fswork/projects/idris/sos/ssos040/Bench_InstructFT_Tulu3/InstructFT/python: failed to retrieve path for /lustre/fswork/projects/idris/sos/ssos040/Bench_InstructFT_Tulu3/InstructFT/python: lstat /lustre/fswork/projects/idris/sos/ssos040/Bench_InstructFT_Tulu3/InstructFT/python: no such file or directory
FATAL:   While checking image: could not open image /lustre/fswork/projects/idris/sos/ssos040/Bench_InstructFT_Tulu3/InstructFT/python: failed to retrieve path for /lustre/fswork/projects/idris/sos/ssos040/Bench_InstructFT_Tulu3/InstructFT/python: lstat /lustre/fswork/projects/idris/sos/ssos040/Bench_InstructFT_Tulu3/InstructFT/python: no such file or directory
FATAL:   While checking image: could not open image /lustre/fswork/projects/idris/sos/ssos040/Bench_InstructFT_Tulu3/InstructFT/python: failed to retrieve path for /lustre/fswork/projects/idris/sos/ssos040/Bench_InstructFT_Tulu3/InstructFT/python: lstat /lustre/fswork/projects/idris/sos/ssos040/Bench_InstructFT_Tulu3/InstructFT/python: no such file or directory
srun: error: jzxh337: tasks 52-55: Exited with exit code 255
srun: Terminating StepId=1550355.0
slurmstepd: error: *** STEP 1550355.0 ON jzxh003 CANCELLED AT 2025-11-10T03:46:02 ***
srun: error: jzxh003: tasks 0-3: Exited with exit code 255
srun: error: jzxh357: tasks 60-63: Exited with exit code 255
srun: error: jzxh091: tasks 4-7: Exited with exit code 255
srun: error: jzxh126: tasks 24-27: Exited with exit code 255
srun: error: jzxh125: tasks 20-23: Exited with exit code 255
srun: error: jzxh161: tasks 44-47: Exited with exit code 255
srun: error: jzxh123: tasks 16-19: Exited with exit code 255
srun: error: jzxh336: tasks 48-51: Exited with exit code 255
srun: error: jzxh092: tasks 8-11: Exited with exit code 255
srun: error: jzxh122: tasks 12-15: Exited with exit code 255
srun: error: jzxh139: tasks 28-31: Exited with exit code 255
srun: error: jzxh160: tasks 40-43: Exited with exit code 255
srun: error: jzxh140: tasks 32-35: Exited with exit code 255
srun: error: jzxh159: tasks 36-39: Exited with exit code 255
srun: error: jzxh356: tasks 56-59: Exited with exit code 255

real	0m0.525s
user	0m0.019s
sys	0m0.010s
+ date
